<?xml version="1.0" encoding="UTF-8"?>
<coverage generated="1567439938007" clover="3.2.0">
  <project timestamp="1567439938007" name="All files">
    <metrics statements="810" coveredstatements="511" conditionals="328" coveredconditionals="141" methods="213" coveredmethods="114" elements="1351" coveredelements="766" complexity="0" loc="810" ncloc="810" packages="2" files="10" classes="10"/>
    <package name="src">
      <metrics statements="784" coveredstatements="488" conditionals="318" coveredconditionals="136" methods="208" coveredmethods="109"/>
      <file name="config.js" path="/home/tpoe/dev/taskline/src/config.js">
        <metrics statements="22" coveredstatements="20" conditionals="4" coveredconditionals="3" methods="5" coveredmethods="5"/>
        <line num="2" count="10" type="stmt"/>
        <line num="3" count="10" type="stmt"/>
        <line num="4" count="10" type="stmt"/>
        <line num="5" count="10" type="stmt"/>
        <line num="7" count="10" type="stmt"/>
        <line num="8" count="10" type="stmt"/>
        <line num="12" count="10" type="stmt"/>
        <line num="14" count="10" type="stmt"/>
        <line num="18" count="10" type="cond" truecount="1" falsecount="1"/>
        <line num="19" count="10" type="stmt"/>
        <line num="22" count="0" type="stmt"/>
        <line num="23" count="0" type="stmt"/>
        <line num="27" count="70" type="stmt"/>
        <line num="31" count="79" type="stmt"/>
        <line num="33" count="79" type="stmt"/>
        <line num="34" count="79" type="stmt"/>
        <line num="36" count="79" type="cond" truecount="2" falsecount="0"/>
        <line num="37" count="70" type="stmt"/>
        <line num="42" count="79" type="stmt"/>
        <line num="46" count="20" type="stmt"/>
        <line num="47" count="20" type="stmt"/>
        <line num="51" count="10" type="stmt"/>
      </file>
      <file name="firestore.js" path="/home/tpoe/dev/taskline/src/firestore.js">
        <metrics statements="68" coveredstatements="5" conditionals="8" coveredconditionals="0" methods="30" coveredmethods="0"/>
        <line num="5" count="10" type="stmt"/>
        <line num="6" count="10" type="stmt"/>
        <line num="7" count="10" type="stmt"/>
        <line num="8" count="10" type="stmt"/>
        <line num="12" count="0" type="cond" truecount="0" falsecount="2"/>
        <line num="13" count="0" type="stmt"/>
        <line num="14" count="0" type="stmt"/>
        <line num="17" count="0" type="stmt"/>
        <line num="21" count="0" type="stmt"/>
        <line num="23" count="0" type="stmt"/>
        <line num="24" count="0" type="stmt"/>
        <line num="26" count="0" type="stmt"/>
        <line num="31" count="0" type="stmt"/>
        <line num="35" count="0" type="stmt"/>
        <line num="37" count="0" type="stmt"/>
        <line num="38" count="0" type="cond" truecount="0" falsecount="2"/>
        <line num="39" count="0" type="stmt"/>
        <line num="42" count="0" type="stmt"/>
        <line num="43" count="0" type="stmt"/>
        <line num="46" count="0" type="stmt"/>
        <line num="50" count="0" type="stmt"/>
        <line num="51" count="0" type="stmt"/>
        <line num="53" count="0" type="stmt"/>
        <line num="54" count="0" type="stmt"/>
        <line num="55" count="0" type="stmt"/>
        <line num="57" count="0" type="stmt"/>
        <line num="60" count="0" type="stmt"/>
        <line num="63" count="0" type="stmt"/>
        <line num="66" count="0" type="stmt"/>
        <line num="69" count="0" type="stmt"/>
        <line num="76" count="0" type="stmt"/>
        <line num="78" count="0" type="stmt"/>
        <line num="79" count="0" type="stmt"/>
        <line num="83" count="0" type="stmt"/>
        <line num="84" count="0" type="stmt"/>
        <line num="85" count="0" type="stmt"/>
        <line num="86" count="0" type="stmt"/>
        <line num="89" count="0" type="stmt"/>
        <line num="92" count="0" type="stmt"/>
        <line num="99" count="0" type="stmt"/>
        <line num="101" count="0" type="stmt"/>
        <line num="102" count="0" type="stmt"/>
        <line num="107" count="0" type="stmt"/>
        <line num="108" count="0" type="stmt"/>
        <line num="111" count="0" type="stmt"/>
        <line num="112" count="0" type="stmt"/>
        <line num="116" count="0" type="stmt"/>
        <line num="122" count="0" type="stmt"/>
        <line num="124" count="0" type="stmt"/>
        <line num="126" count="0" type="stmt"/>
        <line num="129" count="0" type="stmt"/>
        <line num="130" count="0" type="stmt"/>
        <line num="135" count="0" type="stmt"/>
        <line num="137" count="0" type="stmt"/>
        <line num="139" count="0" type="stmt"/>
        <line num="142" count="0" type="stmt"/>
        <line num="143" count="0" type="stmt"/>
        <line num="148" count="0" type="cond" truecount="0" falsecount="2"/>
        <line num="149" count="0" type="stmt"/>
        <line num="150" count="0" type="stmt"/>
        <line num="151" count="0" type="stmt"/>
        <line num="155" count="0" type="stmt"/>
        <line num="159" count="0" type="cond" truecount="0" falsecount="2"/>
        <line num="160" count="0" type="stmt"/>
        <line num="161" count="0" type="stmt"/>
        <line num="162" count="0" type="stmt"/>
        <line num="166" count="0" type="stmt"/>
        <line num="170" count="10" type="stmt"/>
      </file>
      <file name="item.js" path="/home/tpoe/dev/taskline/src/item.js">
        <metrics statements="8" coveredstatements="8" conditionals="5" coveredconditionals="3" methods="1" coveredmethods="1"/>
        <line num="3" count="10" type="stmt"/>
        <line num="7" count="6" type="stmt"/>
        <line num="8" count="6" type="stmt"/>
        <line num="9" count="6" type="stmt"/>
        <line num="10" count="6" type="stmt"/>
        <line num="11" count="6" type="cond" truecount="2" falsecount="0"/>
        <line num="12" count="6" type="cond" truecount="1" falsecount="1"/>
        <line num="16" count="10" type="stmt"/>
      </file>
      <file name="local.js" path="/home/tpoe/dev/taskline/src/local.js">
        <metrics statements="79" coveredstatements="68" conditionals="21" coveredconditionals="12" methods="21" coveredmethods="19"/>
        <line num="4" count="10" type="stmt"/>
        <line num="5" count="10" type="stmt"/>
        <line num="6" count="10" type="stmt"/>
        <line num="7" count="10" type="stmt"/>
        <line num="8" count="10" type="stmt"/>
        <line num="9" count="10" type="stmt"/>
        <line num="10" count="10" type="stmt"/>
        <line num="15" count="10" type="stmt"/>
        <line num="19" count="20" type="cond" truecount="2" falsecount="0"/>
        <line num="20" count="10" type="stmt"/>
        <line num="21" count="10" type="stmt"/>
        <line num="24" count="20" type="stmt"/>
        <line num="28" count="10" type="stmt"/>
        <line num="29" count="10" type="stmt"/>
        <line num="30" count="10" type="stmt"/>
        <line num="31" count="10" type="stmt"/>
        <line num="32" count="10" type="stmt"/>
        <line num="34" count="10" type="stmt"/>
        <line num="40" count="40" type="stmt"/>
        <line num="41" count="40" type="stmt"/>
        <line num="43" count="40" type="cond" truecount="1" falsecount="1"/>
        <line num="44" count="0" type="stmt"/>
        <line num="47" count="40" type="cond" truecount="1" falsecount="1"/>
        <line num="48" count="0" type="stmt"/>
        <line num="49" count="0" type="stmt"/>
        <line num="52" count="40" type="stmt"/>
        <line num="56" count="10" type="cond" truecount="1" falsecount="1"/>
        <line num="57" count="0" type="stmt"/>
        <line num="62" count="10" type="cond" truecount="1" falsecount="1"/>
        <line num="63" count="0" type="stmt"/>
        <line num="68" count="10" type="cond" truecount="1" falsecount="1"/>
        <line num="69" count="0" type="stmt"/>
        <line num="74" count="10" type="cond" truecount="1" falsecount="1"/>
        <line num="75" count="0" type="stmt"/>
        <line num="80" count="10" type="stmt"/>
        <line num="82" count="0" type="stmt"/>
        <line num="84" count="10" type="cond" truecount="1" falsecount="1"/>
        <line num="85" count="0" type="stmt"/>
        <line num="90" count="10" type="stmt"/>
        <line num="91" count="10" type="stmt"/>
        <line num="92" count="10" type="stmt"/>
        <line num="93" count="10" type="stmt"/>
        <line num="94" count="10" type="stmt"/>
        <line num="98" count="57" type="stmt"/>
        <line num="105" count="57" type="stmt"/>
        <line num="106" count="57" type="stmt"/>
        <line num="109" count="57" type="stmt"/>
        <line num="113" count="85" type="stmt"/>
        <line num="115" count="85" type="stmt"/>
        <line num="116" count="85" type="stmt"/>
        <line num="117" count="85" type="cond" truecount="1" falsecount="1"/>
        <line num="118" count="85" type="stmt"/>
        <line num="119" count="85" type="stmt"/>
        <line num="122" count="85" type="stmt"/>
        <line num="127" count="6" type="stmt"/>
        <line num="129" count="6" type="stmt"/>
        <line num="130" count="6" type="cond" truecount="1" falsecount="1"/>
        <line num="131" count="6" type="stmt"/>
        <line num="132" count="6" type="stmt"/>
        <line num="135" count="6" type="stmt"/>
        <line num="140" count="44" type="stmt"/>
        <line num="142" count="44" type="stmt"/>
        <line num="143" count="44" type="stmt"/>
        <line num="144" count="44" type="stmt"/>
        <line num="145" count="44" type="stmt"/>
        <line num="147" count="44" type="stmt"/>
        <line num="148" count="44" type="stmt"/>
        <line num="150" count="44" type="stmt"/>
        <line num="152" count="0" type="stmt"/>
        <line num="158" count="13" type="stmt"/>
        <line num="160" count="13" type="stmt"/>
        <line num="161" count="13" type="stmt"/>
        <line num="162" count="13" type="stmt"/>
        <line num="163" count="13" type="stmt"/>
        <line num="165" count="13" type="stmt"/>
        <line num="166" count="13" type="stmt"/>
        <line num="168" count="13" type="stmt"/>
        <line num="170" count="0" type="stmt"/>
        <line num="176" count="10" type="stmt"/>
      </file>
      <file name="note.js" path="/home/tpoe/dev/taskline/src/note.js">
        <metrics statements="4" coveredstatements="4" conditionals="1" coveredconditionals="0" methods="1" coveredmethods="1"/>
        <line num="2" count="10" type="stmt"/>
        <line num="6" count="1" type="stmt"/>
        <line num="7" count="1" type="stmt"/>
        <line num="11" count="10" type="stmt"/>
      </file>
      <file name="render.js" path="/home/tpoe/dev/taskline/src/render.js">
        <metrics statements="221" coveredstatements="144" conditionals="130" coveredconditionals="58" methods="49" coveredmethods="32"/>
        <line num="2" count="10" type="stmt"/>
        <line num="3" count="10" type="stmt"/>
        <line num="4" count="10" type="stmt"/>
        <line num="5" count="10" type="stmt"/>
        <line num="7" count="10" type="stmt"/>
        <line num="18" count="10" type="stmt"/>
        <line num="27" count="10" type="stmt"/>
        <line num="29" count="10" type="stmt"/>
        <line num="36" count="0" type="stmt"/>
        <line num="40" count="0" type="stmt"/>
        <line num="48" count="1" type="stmt"/>
        <line num="49" count="1" type="cond" truecount="1" falsecount="1"/>
        <line num="53" count="3" type="stmt"/>
        <line num="54" count="3" type="stmt"/>
        <line num="55" count="3" type="cond" truecount="1" falsecount="1"/>
        <line num="59" count="0" type="stmt"/>
        <line num="60" count="0" type="stmt"/>
        <line num="61" count="0" type="cond" truecount="0" falsecount="2"/>
        <line num="62" count="0" type="stmt"/>
        <line num="65" count="0" type="cond" truecount="0" falsecount="2"/>
        <line num="66" count="0" type="stmt"/>
        <line num="69" count="0" type="stmt"/>
        <line num="76" count="1" type="stmt"/>
        <line num="77" count="1" type="stmt"/>
        <line num="81" count="2" type="stmt"/>
        <line num="83" count="2" type="stmt"/>
        <line num="84" count="6" type="cond" truecount="2" falsecount="0"/>
        <line num="85" count="4" type="stmt"/>
        <line num="86" count="4" type="cond" truecount="1" falsecount="1"/>
        <line num="87" count="0" type="stmt"/>
        <line num="91" count="6" type="stmt"/>
        <line num="94" count="2" type="stmt"/>
        <line num="102" count="3" type="cond" truecount="1" falsecount="1"/>
        <line num="106" count="1" type="cond" truecount="1" falsecount="1"/>
        <line num="107" count="1" type="stmt"/>
        <line num="108" count="1" type="stmt"/>
        <line num="115" count="3" type="stmt"/>
        <line num="119" count="3" type="stmt"/>
        <line num="120" count="3" type="stmt"/>
        <line num="121" count="3" type="stmt"/>
        <line num="123" count="3" type="stmt"/>
        <line num="127" count="3" type="stmt"/>
        <line num="132" count="3" type="stmt"/>
        <line num="133" count="3" type="stmt"/>
        <line num="135" count="3" type="cond" truecount="3" falsecount="1"/>
        <line num="136" count="0" type="stmt"/>
        <line num="138" count="3" type="cond" truecount="1" falsecount="1"/>
        <line num="141" count="3" type="cond" truecount="3" falsecount="1"/>
        <line num="142" count="0" type="cond" truecount="0" falsecount="2"/>
        <line num="145" count="3" type="stmt"/>
        <line num="152" count="1" type="stmt"/>
        <line num="153" count="1" type="stmt"/>
        <line num="159" count="1" type="stmt"/>
        <line num="167" count="3" type="stmt"/>
        <line num="168" count="3" type="stmt"/>
        <line num="170" count="3" type="cond" truecount="2" falsecount="2"/>
        <line num="171" count="0" type="stmt"/>
        <line num="174" count="3" type="stmt"/>
        <line num="176" count="3" type="stmt"/>
        <line num="177" count="3" type="stmt"/>
        <line num="179" count="3" type="cond" truecount="1" falsecount="1"/>
        <line num="180" count="0" type="stmt"/>
        <line num="182" count="3" type="cond" truecount="1" falsecount="1"/>
        <line num="185" count="3" type="stmt"/>
        <line num="191" count="3" type="cond" truecount="2" falsecount="0"/>
        <line num="192" count="2" type="cond" truecount="2" falsecount="2"/>
        <line num="195" count="1" type="stmt"/>
        <line num="203" count="0" type="stmt"/>
        <line num="204" count="0" type="stmt"/>
        <line num="205" count="0" type="stmt"/>
        <line num="207" count="0" type="stmt"/>
        <line num="208" count="0" type="stmt"/>
        <line num="209" count="0" type="stmt"/>
        <line num="211" count="0" type="stmt"/>
        <line num="217" count="0" type="cond" truecount="0" falsecount="2"/>
        <line num="218" count="0" type="cond" truecount="0" falsecount="4"/>
        <line num="221" count="0" type="stmt"/>
        <line num="225" count="32" type="cond" truecount="2" falsecount="0"/>
        <line num="226" count="10" type="stmt"/>
        <line num="229" count="32" type="stmt"/>
        <line num="233" count="39" type="cond" truecount="1" falsecount="1"/>
        <line num="234" count="39" type="stmt"/>
        <line num="239" count="1" type="stmt"/>
        <line num="240" count="1" type="stmt"/>
        <line num="241" count="1" type="cond" truecount="2" falsecount="2"/>
        <line num="242" count="0" type="stmt"/>
        <line num="245" count="1" type="stmt"/>
        <line num="246" count="1" type="stmt"/>
        <line num="247" count="3" type="cond" truecount="3" falsecount="2"/>
        <line num="248" count="0" type="stmt"/>
        <line num="251" count="3" type="stmt"/>
        <line num="257" count="0" type="stmt"/>
        <line num="258" count="0" type="stmt"/>
        <line num="259" count="0" type="cond" truecount="0" falsecount="4"/>
        <line num="260" count="0" type="stmt"/>
        <line num="263" count="0" type="stmt"/>
        <line num="264" count="0" type="stmt"/>
        <line num="265" count="0" type="cond" truecount="0" falsecount="5"/>
        <line num="266" count="0" type="stmt"/>
        <line num="269" count="0" type="stmt"/>
        <line num="281" count="0" type="cond" truecount="0" falsecount="2"/>
        <line num="282" count="0" type="stmt"/>
        <line num="285" count="0" type="cond" truecount="0" falsecount="4"/>
        <line num="287" count="0" type="stmt"/>
        <line num="294" count="0" type="cond" truecount="0" falsecount="6"/>
        <line num="295" count="0" type="stmt"/>
        <line num="302" count="0" type="cond" truecount="0" falsecount="2"/>
        <line num="303" count="0" type="stmt"/>
        <line num="310" count="0" type="stmt"/>
        <line num="314" count="0" type="stmt"/>
        <line num="322" count="0" type="stmt"/>
        <line num="323" count="0" type="stmt"/>
        <line num="324" count="0" type="stmt"/>
        <line num="325" count="0" type="stmt"/>
        <line num="333" count="0" type="stmt"/>
        <line num="334" count="0" type="stmt"/>
        <line num="335" count="0" type="stmt"/>
        <line num="336" count="0" type="stmt"/>
        <line num="344" count="3" type="stmt"/>
        <line num="345" count="3" type="stmt"/>
        <line num="346" count="3" type="stmt"/>
        <line num="347" count="3" type="stmt"/>
        <line num="355" count="0" type="stmt"/>
        <line num="356" count="0" type="stmt"/>
        <line num="357" count="0" type="stmt"/>
        <line num="358" count="0" type="stmt"/>
        <line num="365" count="1" type="stmt"/>
        <line num="366" count="1" type="stmt"/>
        <line num="367" count="1" type="stmt"/>
        <line num="368" count="1" type="stmt"/>
        <line num="375" count="1" type="stmt"/>
        <line num="376" count="1" type="stmt"/>
        <line num="377" count="1" type="stmt"/>
        <line num="378" count="1" type="stmt"/>
        <line num="385" count="3" type="stmt"/>
        <line num="386" count="3" type="cond" truecount="2" falsecount="0"/>
        <line num="387" count="1" type="stmt"/>
        <line num="390" count="2" type="stmt"/>
        <line num="391" count="2" type="cond" truecount="2" falsecount="0"/>
        <line num="392" count="2" type="stmt"/>
        <line num="400" count="3" type="stmt"/>
        <line num="401" count="3" type="cond" truecount="1" falsecount="1"/>
        <line num="402" count="3" type="stmt"/>
        <line num="405" count="0" type="stmt"/>
        <line num="406" count="0" type="cond" truecount="0" falsecount="2"/>
        <line num="407" count="0" type="stmt"/>
        <line num="415" count="3" type="stmt"/>
        <line num="416" count="3" type="cond" truecount="2" falsecount="0"/>
        <line num="417" count="1" type="stmt"/>
        <line num="420" count="2" type="stmt"/>
        <line num="421" count="2" type="cond" truecount="1" falsecount="1"/>
        <line num="422" count="2" type="stmt"/>
        <line num="430" count="3" type="stmt"/>
        <line num="431" count="3" type="cond" truecount="2" falsecount="0"/>
        <line num="432" count="2" type="stmt"/>
        <line num="435" count="1" type="stmt"/>
        <line num="436" count="1" type="cond" truecount="1" falsecount="1"/>
        <line num="437" count="1" type="stmt"/>
        <line num="445" count="2" type="stmt"/>
        <line num="446" count="2" type="cond" truecount="1" falsecount="1"/>
        <line num="447" count="0" type="stmt"/>
        <line num="450" count="2" type="stmt"/>
        <line num="451" count="2" type="cond" truecount="1" falsecount="1"/>
        <line num="452" count="2" type="stmt"/>
        <line num="460" count="2" type="stmt"/>
        <line num="461" count="2" type="cond" truecount="2" falsecount="0"/>
        <line num="462" count="1" type="stmt"/>
        <line num="465" count="1" type="stmt"/>
        <line num="466" count="1" type="cond" truecount="1" falsecount="1"/>
        <line num="467" count="1" type="stmt"/>
        <line num="475" count="0" type="stmt"/>
        <line num="476" count="0" type="stmt"/>
        <line num="477" count="0" type="stmt"/>
        <line num="478" count="0" type="stmt"/>
        <line num="485" count="0" type="stmt"/>
        <line num="486" count="0" type="stmt"/>
        <line num="487" count="0" type="stmt"/>
        <line num="488" count="0" type="stmt"/>
        <line num="495" count="0" type="stmt"/>
        <line num="496" count="0" type="stmt"/>
        <line num="497" count="0" type="stmt"/>
        <line num="498" count="0" type="stmt"/>
        <line num="508" count="6" type="stmt"/>
        <line num="509" count="6" type="stmt"/>
        <line num="510" count="6" type="cond" truecount="2" falsecount="0"/>
        <line num="511" count="6" type="stmt"/>
        <line num="519" count="1" type="stmt"/>
        <line num="520" count="1" type="stmt"/>
        <line num="521" count="1" type="stmt"/>
        <line num="522" count="1" type="stmt"/>
        <line num="530" count="2" type="stmt"/>
        <line num="531" count="2" type="stmt"/>
        <line num="532" count="2" type="cond" truecount="2" falsecount="0"/>
        <line num="533" count="2" type="stmt"/>
        <line num="541" count="3" type="stmt"/>
        <line num="542" count="3" type="stmt"/>
        <line num="543" count="3" type="stmt"/>
        <line num="544" count="3" type="stmt"/>
        <line num="552" count="2" type="stmt"/>
        <line num="553" count="2" type="cond" truecount="2" falsecount="0"/>
        <line num="554" count="1" type="stmt"/>
        <line num="557" count="1" type="stmt"/>
        <line num="558" count="1" type="cond" truecount="1" falsecount="1"/>
        <line num="559" count="1" type="cond" truecount="1" falsecount="3"/>
        <line num="560" count="1" type="stmt"/>
        <line num="568" count="2" type="stmt"/>
        <line num="569" count="2" type="cond" truecount="2" falsecount="0"/>
        <line num="570" count="1" type="stmt"/>
        <line num="573" count="1" type="stmt"/>
        <line num="574" count="1" type="cond" truecount="1" falsecount="1"/>
        <line num="575" count="1" type="stmt"/>
        <line num="576" count="1" type="stmt"/>
        <line num="584" count="1" type="stmt"/>
        <line num="585" count="1" type="stmt"/>
        <line num="586" count="1" type="cond" truecount="1" falsecount="1"/>
        <line num="587" count="1" type="stmt"/>
        <line num="595" count="0" type="stmt"/>
        <line num="596" count="0" type="stmt"/>
        <line num="597" count="0" type="cond" truecount="0" falsecount="2"/>
        <line num="598" count="0" type="stmt"/>
        <line num="606" count="10" type="stmt"/>
      </file>
      <file name="storage.js" path="/home/tpoe/dev/taskline/src/storage.js">
        <metrics statements="3" coveredstatements="3" conditionals="0" coveredconditionals="0" methods="6" coveredmethods="1"/>
        <line num="6" count="10" type="stmt"/>
        <line num="7" count="10" type="stmt"/>
        <line num="21" count="10" type="stmt"/>
      </file>
      <file name="task.js" path="/home/tpoe/dev/taskline/src/task.js">
        <metrics statements="9" coveredstatements="9" conditionals="11" coveredconditionals="9" methods="1" coveredmethods="1"/>
        <line num="2" count="10" type="stmt"/>
        <line num="6" count="5" type="stmt"/>
        <line num="7" count="5" type="stmt"/>
        <line num="8" count="5" type="cond" truecount="2" falsecount="0"/>
        <line num="9" count="5" type="cond" truecount="2" falsecount="0"/>
        <line num="10" count="5" type="cond" truecount="2" falsecount="0"/>
        <line num="11" count="5" type="cond" truecount="2" falsecount="0"/>
        <line num="12" count="5" type="cond" truecount="1" falsecount="1"/>
        <line num="16" count="10" type="stmt"/>
      </file>
      <file name="taskline.js" path="/home/tpoe/dev/taskline/src/taskline.js">
        <metrics statements="370" coveredstatements="227" conditionals="138" coveredconditionals="51" methods="94" coveredmethods="49"/>
        <line num="4" count="10" type="stmt"/>
        <line num="5" count="10" type="stmt"/>
        <line num="6" count="10" type="stmt"/>
        <line num="7" count="10" type="stmt"/>
        <line num="8" count="10" type="stmt"/>
        <line num="9" count="10" type="stmt"/>
        <line num="10" count="10" type="stmt"/>
        <line num="14" count="10" type="stmt"/>
        <line num="15" count="10" type="cond" truecount="1" falsecount="1"/>
        <line num="16" count="0" type="stmt"/>
        <line num="17" count="10" type="cond" truecount="1" falsecount="1"/>
        <line num="18" count="10" type="stmt"/>
        <line num="23" count="59" type="stmt"/>
        <line num="27" count="4" type="stmt"/>
        <line num="31" count="26" type="cond" truecount="2" falsecount="0"/>
        <line num="35" count="25" type="stmt"/>
        <line num="39" count="3" type="stmt"/>
        <line num="43" count="26" type="stmt"/>
        <line num="47" count="11" type="cond" truecount="2" falsecount="0"/>
        <line num="48" count="6" type="stmt"/>
        <line num="51" count="19" type="stmt"/>
        <line num="52" count="11" type="cond" truecount="2" falsecount="0"/>
        <line num="53" count="11" type="stmt"/>
        <line num="57" count="23" type="cond" truecount="2" falsecount="0"/>
        <line num="58" count="22" type="stmt"/>
        <line num="61" count="23" type="cond" truecount="1" falsecount="1"/>
        <line num="62" count="0" type="stmt"/>
        <line num="63" count="0" type="stmt"/>
        <line num="66" count="23" type="stmt"/>
        <line num="68" count="23" type="stmt"/>
        <line num="69" count="23" type="stmt"/>
        <line num="70" count="29" type="cond" truecount="2" falsecount="0"/>
        <line num="71" count="3" type="stmt"/>
        <line num="72" count="3" type="stmt"/>
        <line num="76" count="3" type="stmt"/>
        <line num="79" count="20" type="stmt"/>
        <line num="83" count="0" type="stmt"/>
        <line num="87" count="1" type="stmt"/>
        <line num="88" count="1" type="stmt"/>
        <line num="90" count="1" type="stmt"/>
        <line num="91" count="3" type="stmt"/>
        <line num="94" count="1" type="stmt"/>
        <line num="98" count="0" type="cond" truecount="0" falsecount="2"/>
        <line num="99" count="0" type="stmt"/>
        <line num="102" count="0" type="stmt"/>
        <line num="104" count="0" type="stmt"/>
        <line num="105" count="0" type="cond" truecount="0" falsecount="2"/>
        <line num="106" count="0" type="stmt"/>
        <line num="110" count="0" type="stmt"/>
        <line num="114" count="23" type="cond" truecount="2" falsecount="0"/>
        <line num="115" count="22" type="stmt"/>
        <line num="118" count="63" type="stmt"/>
        <line num="122" count="0" type="stmt"/>
        <line num="123" count="0" type="cond" truecount="0" falsecount="2"/>
        <line num="127" count="5" type="cond" truecount="1" falsecount="1"/>
        <line num="128" count="5" type="stmt"/>
        <line num="129" count="5" type="stmt"/>
        <line num="130" count="5" type="stmt"/>
        <line num="132" count="5" type="stmt"/>
        <line num="133" count="15" type="stmt"/>
        <line num="136" count="5" type="stmt"/>
        <line num="140" count="0" type="stmt"/>
        <line num="142" count="0" type="stmt"/>
        <line num="143" count="0" type="stmt"/>
        <line num="144" count="0" type="cond" truecount="0" falsecount="2"/>
        <line num="145" count="0" type="cond" truecount="0" falsecount="4"/>
        <line num="148" count="0" type="stmt"/>
        <line num="152" count="0" type="stmt"/>
        <line num="153" count="0" type="cond" truecount="0" falsecount="2"/>
        <line num="155" count="0" type="stmt"/>
        <line num="165" count="0" type="stmt"/>
        <line num="166" count="0" type="cond" truecount="0" falsecount="2"/>
        <line num="167" count="0" type="stmt"/>
        <line num="173" count="0" type="stmt"/>
        <line num="174" count="0" type="cond" truecount="0" falsecount="2"/>
        <line num="175" count="0" type="stmt"/>
        <line num="178" count="0" type="stmt"/>
        <line num="182" count="0" type="stmt"/>
        <line num="183" count="0" type="cond" truecount="0" falsecount="2"/>
        <line num="184" count="0" type="stmt"/>
        <line num="187" count="0" type="stmt"/>
        <line num="191" count="0" type="stmt"/>
        <line num="192" count="0" type="cond" truecount="0" falsecount="4"/>
        <line num="193" count="0" type="stmt"/>
        <line num="196" count="0" type="stmt"/>
        <line num="200" count="0" type="stmt"/>
        <line num="201" count="0" type="cond" truecount="0" falsecount="4"/>
        <line num="202" count="0" type="stmt"/>
        <line num="205" count="0" type="stmt"/>
        <line num="209" count="0" type="stmt"/>
        <line num="210" count="0" type="cond" truecount="0" falsecount="4"/>
        <line num="211" count="0" type="stmt"/>
        <line num="214" count="0" type="stmt"/>
        <line num="218" count="0" type="stmt"/>
        <line num="219" count="0" type="cond" truecount="0" falsecount="2"/>
        <line num="220" count="0" type="stmt"/>
        <line num="223" count="0" type="stmt"/>
        <line num="227" count="0" type="cond" truecount="0" falsecount="4"/>
        <line num="228" count="0" type="stmt"/>
        <line num="229" count="0" type="cond" truecount="0" falsecount="2"/>
        <line num="230" count="0" type="stmt"/>
        <line num="233" count="0" type="stmt"/>
        <line num="237" count="0" type="stmt"/>
        <line num="239" count="0" type="cond" truecount="0" falsecount="2"/>
        <line num="240" count="0" type="stmt"/>
        <line num="243" count="0" type="stmt"/>
        <line num="244" count="0" type="cond" truecount="0" falsecount="20"/>
        <line num="247" count="0" type="stmt"/>
        <line num="248" count="0" type="stmt"/>
        <line num="253" count="0" type="stmt"/>
        <line num="254" count="0" type="stmt"/>
        <line num="259" count="0" type="stmt"/>
        <line num="260" count="0" type="stmt"/>
        <line num="265" count="0" type="stmt"/>
        <line num="266" count="0" type="stmt"/>
        <line num="271" count="0" type="stmt"/>
        <line num="272" count="0" type="stmt"/>
        <line num="276" count="0" type="stmt"/>
        <line num="277" count="0" type="stmt"/>
        <line num="282" count="0" type="stmt"/>
        <line num="283" count="0" type="stmt"/>
        <line num="286" count="0" type="stmt"/>
        <line num="290" count="0" type="stmt"/>
        <line num="294" count="1" type="cond" truecount="1" falsecount="1"/>
        <line num="295" count="1" type="stmt"/>
        <line num="298" count="1" type="cond" truecount="1" falsecount="1"/>
        <line num="299" count="1" type="stmt"/>
        <line num="302" count="1" type="stmt"/>
        <line num="304" count="1" type="cond" truecount="1" falsecount="1"/>
        <line num="305" count="0" type="stmt"/>
        <line num="308" count="1" type="stmt"/>
        <line num="309" count="3" type="stmt"/>
        <line num="310" count="3" type="cond" truecount="1" falsecount="1"/>
        <line num="311" count="3" type="cond" truecount="2" falsecount="0"/>
        <line num="312" count="2" type="stmt"/>
        <line num="315" count="1" type="stmt"/>
        <line num="316" count="1" type="stmt"/>
        <line num="321" count="1" type="stmt"/>
        <line num="325" count="0" type="cond" truecount="0" falsecount="2"/>
        <line num="326" count="0" type="stmt"/>
        <line num="329" count="0" type="cond" truecount="0" falsecount="2"/>
        <line num="330" count="0" type="stmt"/>
        <line num="333" count="0" type="stmt"/>
        <line num="335" count="0" type="stmt"/>
        <line num="336" count="0" type="stmt"/>
        <line num="337" count="0" type="cond" truecount="0" falsecount="2"/>
        <line num="338" count="0" type="cond" truecount="0" falsecount="2"/>
        <line num="339" count="0" type="stmt"/>
        <line num="342" count="0" type="stmt"/>
        <line num="343" count="0" type="stmt"/>
        <line num="348" count="0" type="stmt"/>
        <line num="352" count="2" type="stmt"/>
        <line num="353" count="2" type="stmt"/>
        <line num="355" count="2" type="stmt"/>
        <line num="356" count="4" type="stmt"/>
        <line num="357" count="4" type="stmt"/>
        <line num="358" count="4" type="stmt"/>
        <line num="359" count="4" type="stmt"/>
        <line num="362" count="2" type="stmt"/>
        <line num="366" count="1" type="stmt"/>
        <line num="367" count="1" type="stmt"/>
        <line num="369" count="1" type="stmt"/>
        <line num="370" count="1" type="stmt"/>
        <line num="371" count="1" type="stmt"/>
        <line num="372" count="1" type="stmt"/>
        <line num="373" count="1" type="stmt"/>
        <line num="376" count="1" type="stmt"/>
        <line num="380" count="30" type="cond" truecount="2" falsecount="0"/>
        <line num="381" count="29" type="stmt"/>
        <line num="382" count="29" type="stmt"/>
        <line num="385" count="1" type="stmt"/>
        <line num="389" count="1" type="stmt"/>
        <line num="390" count="1" type="stmt"/>
        <line num="391" count="1" type="stmt"/>
        <line num="393" count="1" type="stmt"/>
        <line num="395" count="1" type="stmt"/>
        <line num="400" count="1" type="stmt"/>
        <line num="401" count="1" type="stmt"/>
        <line num="402" count="1" type="stmt"/>
        <line num="406" count="0" type="stmt"/>
        <line num="407" count="0" type="stmt"/>
        <line num="409" count="0" type="stmt"/>
        <line num="411" count="0" type="stmt"/>
        <line num="412" count="0" type="stmt"/>
        <line num="415" count="0" type="stmt"/>
        <line num="417" count="0" type="stmt"/>
        <line num="419" count="0" type="stmt"/>
        <line num="420" count="0" type="stmt"/>
        <line num="424" count="3" type="stmt"/>
        <line num="425" count="3" type="stmt"/>
        <line num="427" count="3" type="stmt"/>
        <line num="428" count="3" type="stmt"/>
        <line num="429" count="0" type="stmt"/>
        <line num="432" count="3" type="stmt"/>
        <line num="434" count="3" type="stmt"/>
        <line num="435" count="4" type="cond" truecount="2" falsecount="0"/>
        <line num="436" count="3" type="stmt"/>
        <line num="437" count="3" type="stmt"/>
        <line num="438" count="3" type="cond" truecount="1" falsecount="1"/>
        <line num="442" count="3" type="stmt"/>
        <line num="443" count="3" type="stmt"/>
        <line num="444" count="3" type="stmt"/>
        <line num="448" count="3" type="stmt"/>
        <line num="449" count="3" type="stmt"/>
        <line num="451" count="3" type="stmt"/>
        <line num="452" count="3" type="stmt"/>
        <line num="453" count="0" type="stmt"/>
        <line num="456" count="3" type="stmt"/>
        <line num="458" count="3" type="stmt"/>
        <line num="459" count="4" type="cond" truecount="2" falsecount="0"/>
        <line num="460" count="3" type="stmt"/>
        <line num="461" count="3" type="stmt"/>
        <line num="462" count="3" type="cond" truecount="2" falsecount="0"/>
        <line num="466" count="3" type="stmt"/>
        <line num="467" count="3" type="stmt"/>
        <line num="468" count="3" type="stmt"/>
        <line num="477" count="5" type="stmt"/>
        <line num="478" count="5" type="stmt"/>
        <line num="479" count="5" type="stmt"/>
        <line num="480" count="5" type="stmt"/>
        <line num="482" count="5" type="stmt"/>
        <line num="483" count="5" type="stmt"/>
        <line num="486" count="5" type="cond" truecount="2" falsecount="0"/>
        <line num="487" count="2" type="stmt"/>
        <line num="488" count="2" type="stmt"/>
        <line num="489" count="2" type="stmt"/>
        <line num="492" count="5" type="stmt"/>
        <line num="499" count="5" type="stmt"/>
        <line num="500" count="5" type="stmt"/>
        <line num="501" count="5" type="stmt"/>
        <line num="505" count="2" type="stmt"/>
        <line num="506" count="2" type="stmt"/>
        <line num="508" count="2" type="stmt"/>
        <line num="509" count="2" type="stmt"/>
        <line num="510" count="0" type="stmt"/>
        <line num="513" count="2" type="stmt"/>
        <line num="515" count="2" type="stmt"/>
        <line num="516" count="4" type="stmt"/>
        <line num="519" count="2" type="stmt"/>
        <line num="520" count="2" type="stmt"/>
        <line num="524" count="0" type="stmt"/>
        <line num="525" count="0" type="stmt"/>
        <line num="526" count="0" type="stmt"/>
        <line num="528" count="0" type="stmt"/>
        <line num="530" count="0" type="stmt"/>
        <line num="534" count="1" type="stmt"/>
        <line num="535" count="1" type="stmt"/>
        <line num="536" count="1" type="stmt"/>
        <line num="537" count="1" type="stmt"/>
        <line num="541" count="0" type="stmt"/>
        <line num="542" count="0" type="stmt"/>
        <line num="543" count="0" type="stmt"/>
        <line num="544" count="0" type="stmt"/>
        <line num="548" count="0" type="stmt"/>
        <line num="549" count="0" type="stmt"/>
        <line num="553" count="2" type="stmt"/>
        <line num="555" count="2" type="stmt"/>
        <line num="556" count="1" type="stmt"/>
        <line num="559" count="1" type="stmt"/>
        <line num="561" count="1" type="stmt"/>
        <line num="562" count="1" type="stmt"/>
        <line num="563" count="1" type="stmt"/>
        <line num="567" count="0" type="stmt"/>
        <line num="568" count="0" type="stmt"/>
        <line num="569" count="0" type="stmt"/>
        <line num="570" count="0" type="stmt"/>
        <line num="572" count="0" type="stmt"/>
        <line num="573" count="0" type="cond" truecount="0" falsecount="2"/>
        <line num="574" count="0" type="stmt"/>
        <line num="577" count="0" type="stmt"/>
        <line num="580" count="0" type="stmt"/>
        <line num="581" count="0" type="stmt"/>
        <line num="585" count="0" type="stmt"/>
        <line num="586" count="0" type="stmt"/>
        <line num="587" count="0" type="stmt"/>
        <line num="588" count="0" type="stmt"/>
        <line num="590" count="0" type="stmt"/>
        <line num="591" count="0" type="cond" truecount="0" falsecount="2"/>
        <line num="592" count="0" type="cond" truecount="0" falsecount="2"/>
        <line num="595" count="0" type="stmt"/>
        <line num="598" count="0" type="stmt"/>
        <line num="599" count="0" type="stmt"/>
        <line num="602" count="0" type="stmt"/>
        <line num="603" count="0" type="stmt"/>
        <line num="604" count="0" type="stmt"/>
        <line num="605" count="0" type="stmt"/>
        <line num="609" count="3" type="stmt"/>
        <line num="610" count="3" type="stmt"/>
        <line num="612" count="3" type="stmt"/>
        <line num="613" count="3" type="stmt"/>
        <line num="614" count="0" type="stmt"/>
        <line num="617" count="3" type="cond" truecount="1" falsecount="1"/>
        <line num="618" count="0" type="stmt"/>
        <line num="619" count="0" type="stmt"/>
        <line num="622" count="3" type="stmt"/>
        <line num="624" count="3" type="stmt"/>
        <line num="626" count="3" type="stmt"/>
        <line num="627" count="4" type="stmt"/>
        <line num="629" count="3" type="stmt"/>
        <line num="630" count="3" type="stmt"/>
        <line num="634" count="1" type="stmt"/>
        <line num="635" count="1" type="stmt"/>
        <line num="636" count="1" type="stmt"/>
        <line num="638" count="1" type="stmt"/>
        <line num="639" count="1" type="stmt"/>
        <line num="640" count="0" type="stmt"/>
        <line num="643" count="1" type="stmt"/>
        <line num="645" count="1" type="stmt"/>
        <line num="646" count="1" type="stmt"/>
        <line num="649" count="1" type="stmt"/>
        <line num="650" count="1" type="stmt"/>
        <line num="654" count="2" type="stmt"/>
        <line num="656" count="2" type="stmt"/>
        <line num="657" count="2" type="stmt"/>
        <line num="658" count="0" type="stmt"/>
        <line num="661" count="2" type="stmt"/>
        <line num="663" count="2" type="stmt"/>
        <line num="665" count="2" type="stmt"/>
        <line num="666" count="3" type="stmt"/>
        <line num="667" count="3" type="cond" truecount="2" falsecount="0"/>
        <line num="670" count="2" type="stmt"/>
        <line num="671" count="2" type="stmt"/>
        <line num="672" count="2" type="stmt"/>
        <line num="676" count="4" type="stmt"/>
        <line num="677" count="4" type="cond" truecount="2" falsecount="0"/>
        <line num="678" count="4" type="stmt"/>
        <line num="680" count="4" type="cond" truecount="2" falsecount="0"/>
        <line num="681" count="1" type="stmt"/>
        <line num="682" count="1" type="stmt"/>
        <line num="685" count="3" type="stmt"/>
        <line num="686" count="3" type="stmt"/>
        <line num="687" count="1" type="stmt"/>
        <line num="690" count="2" type="stmt"/>
        <line num="691" count="2" type="stmt"/>
        <line num="693" count="2" type="stmt"/>
        <line num="694" count="2" type="cond" truecount="2" falsecount="0"/>
        <line num="695" count="1" type="stmt"/>
        <line num="696" count="1" type="stmt"/>
        <line num="700" count="2" type="stmt"/>
        <line num="701" count="2" type="stmt"/>
        <line num="705" count="4" type="stmt"/>
        <line num="706" count="4" type="stmt"/>
        <line num="708" count="4" type="stmt"/>
        <line num="709" count="4" type="stmt"/>
        <line num="710" count="1" type="stmt"/>
        <line num="713" count="3" type="stmt"/>
        <line num="716" count="3" type="stmt"/>
        <line num="717" count="3" type="stmt"/>
        <line num="718" count="2" type="stmt"/>
        <line num="719" count="2" type="stmt"/>
        <line num="721" count="1" type="stmt"/>
        <line num="722" count="1" type="stmt"/>
        <line num="725" count="2" type="stmt"/>
        <line num="727" count="2" type="stmt"/>
        <line num="728" count="2" type="cond" truecount="2" falsecount="0"/>
        <line num="729" count="1" type="stmt"/>
        <line num="730" count="1" type="stmt"/>
        <line num="734" count="2" type="stmt"/>
        <line num="735" count="2" type="stmt"/>
        <line num="739" count="1" type="stmt"/>
        <line num="740" count="1" type="stmt"/>
        <line num="742" count="1" type="stmt"/>
        <line num="744" count="1" type="stmt"/>
        <line num="745" count="4" type="cond" truecount="2" falsecount="0"/>
        <line num="746" count="3" type="stmt"/>
        <line num="750" count="1" type="cond" truecount="1" falsecount="1"/>
        <line num="751" count="0" type="stmt"/>
        <line num="752" count="0" type="stmt"/>
        <line num="755" count="1" type="stmt"/>
        <line num="759" count="10" type="stmt"/>
      </file>
    </package>
    <package name="test">
      <metrics statements="26" coveredstatements="23" conditionals="10" coveredconditionals="5" methods="5" coveredmethods="5"/>
      <file name="helper.js" path="/home/tpoe/dev/taskline/test/helper.js">
        <metrics statements="26" coveredstatements="23" conditionals="10" coveredconditionals="5" methods="5" coveredmethods="5"/>
        <line num="1" count="10" type="stmt"/>
        <line num="2" count="10" type="stmt"/>
        <line num="4" count="10" type="stmt"/>
        <line num="5" count="10" type="stmt"/>
        <line num="6" count="10" type="stmt"/>
        <line num="8" count="10" type="stmt"/>
        <line num="9" count="10" type="stmt"/>
        <line num="13" count="10" type="stmt"/>
        <line num="15" count="10" type="cond" truecount="1" falsecount="1"/>
        <line num="16" count="0" type="stmt"/>
        <line num="17" count="10" type="cond" truecount="1" falsecount="1"/>
        <line num="18" count="10" type="stmt"/>
        <line num="20" count="0" type="stmt"/>
        <line num="23" count="10" type="stmt"/>
        <line num="24" count="10" type="stmt"/>
        <line num="28" count="10" type="stmt"/>
        <line num="32" count="10" type="cond" truecount="1" falsecount="1"/>
        <line num="35" count="10" type="stmt"/>
        <line num="36" count="10" type="cond" truecount="1" falsecount="1"/>
        <line num="37" count="0" type="stmt"/>
        <line num="38" count="10" type="cond" truecount="1" falsecount="1"/>
        <line num="39" count="10" type="stmt"/>
        <line num="43" count="10" type="stmt"/>
        <line num="47" count="10" type="stmt"/>
        <line num="48" count="10" type="stmt"/>
        <line num="53" count="10" type="stmt"/>
      </file>
    </package>
  </project>
</coverage>
