{"/home/tpoe/dev/taskline/src/config.js": {"path":"/home/tpoe/dev/taskline/src/config.js","statementMap":{"0":{"start":{"line":2,"column":11},"end":{"line":2,"column":24}},"1":{"start":{"line":3,"column":11},"end":{"line":3,"column":24}},"2":{"start":{"line":4,"column":13},"end":{"line":4,"column":28}},"3":{"start":{"line":5,"column":12},"end":{"line":5,"column":38}},"4":{"start":{"line":7,"column":17},"end":{"line":7,"column":21}},"5":{"start":{"line":8,"column":37},"end":{"line":8,"column":54}},"6":{"start":{"line":12,"column":4},"end":{"line":12,"column":60}},"7":{"start":{"line":14,"column":4},"end":{"line":14,"column":29}},"8":{"start":{"line":18,"column":4},"end":{"line":20,"column":5}},"9":{"start":{"line":19,"column":6},"end":{"line":19,"column":13}},"10":{"start":{"line":22,"column":17},"end":{"line":22,"column":55}},"11":{"start":{"line":23,"column":4},"end":{"line":23,"column":53}},"12":{"start":{"line":27,"column":4},"end":{"line":27,"column":55}},"13":{"start":{"line":31,"column":17},"end":{"line":31,"column":19}},"14":{"start":{"line":33,"column":20},"end":{"line":33,"column":61}},"15":{"start":{"line":34,"column":4},"end":{"line":34,"column":33}},"16":{"start":{"line":36,"column":4},"end":{"line":40,"column":5}},"17":{"start":{"line":37,"column":6},"end":{"line":39,"column":8}},"18":{"start":{"line":42,"column":4},"end":{"line":42,"column":52}},"19":{"start":{"line":46,"column":17},"end":{"line":46,"column":48}},"20":{"start":{"line":47,"column":4},"end":{"line":47,"column":53}},"21":{"start":{"line":51,"column":0},"end":{"line":51,"column":30}}},"fnMap":{"0":{"name":"(anonymous_0)","decl":{"start":{"line":11,"column":2},"end":{"line":11,"column":3}},"loc":{"start":{"line":11,"column":16},"end":{"line":15,"column":3}},"line":11},"1":{"name":"(anonymous_1)","decl":{"start":{"line":17,"column":2},"end":{"line":17,"column":3}},"loc":{"start":{"line":17,"column":22},"end":{"line":24,"column":3}},"line":17},"2":{"name":"(anonymous_2)","decl":{"start":{"line":26,"column":2},"end":{"line":26,"column":3}},"loc":{"start":{"line":26,"column":27},"end":{"line":28,"column":3}},"line":26},"3":{"name":"(anonymous_3)","decl":{"start":{"line":30,"column":2},"end":{"line":30,"column":3}},"loc":{"start":{"line":30,"column":8},"end":{"line":43,"column":3}},"line":30},"4":{"name":"(anonymous_4)","decl":{"start":{"line":45,"column":2},"end":{"line":45,"column":3}},"loc":{"start":{"line":45,"column":14},"end":{"line":48,"column":3}},"line":45}},"branchMap":{"0":{"loc":{"start":{"line":18,"column":4},"end":{"line":20,"column":5}},"type":"if","locations":[{"start":{"line":18,"column":4},"end":{"line":20,"column":5}},{"start":{"line":18,"column":4},"end":{"line":20,"column":5}}],"line":18},"1":{"loc":{"start":{"line":36,"column":4},"end":{"line":40,"column":5}},"type":"if","locations":[{"start":{"line":36,"column":4},"end":{"line":40,"column":5}},{"start":{"line":36,"column":4},"end":{"line":40,"column":5}}],"line":36}},"s":{"0":10,"1":10,"2":10,"3":10,"4":10,"5":10,"6":10,"7":10,"8":10,"9":10,"10":0,"11":0,"12":70,"13":79,"14":79,"15":79,"16":79,"17":70,"18":79,"19":20,"20":20,"21":10},"f":{"0":10,"1":10,"2":70,"3":79,"4":20},"b":{"0":[10,0],"1":[70,9]},"_coverageSchema":"43e27e138ebf9cfc5966b082cf9a028302ed4184","hash":"fe1a9d6c64d38151c0b31c930a9809e251399884"}
,"/home/tpoe/dev/taskline/src/firestore.js": {"path":"/home/tpoe/dev/taskline/src/firestore.js","statementMap":{"0":{"start":{"line":5,"column":17},"end":{"line":5,"column":42}},"1":{"start":{"line":6,"column":15},"end":{"line":6,"column":34}},"2":{"start":{"line":7,"column":16},"end":{"line":7,"column":36}},"3":{"start":{"line":8,"column":15},"end":{"line":8,"column":34}},"4":{"start":{"line":12,"column":4},"end":{"line":15,"column":5}},"5":{"start":{"line":13,"column":6},"end":{"line":13,"column":45}},"6":{"start":{"line":14,"column":6},"end":{"line":14,"column":27}},"7":{"start":{"line":17,"column":4},"end":{"line":17,"column":25}},"8":{"start":{"line":21,"column":32},"end":{"line":21,"column":44}},"9":{"start":{"line":23,"column":4},"end":{"line":23,"column":52}},"10":{"start":{"line":24,"column":4},"end":{"line":24,"column":52}},"11":{"start":{"line":26,"column":4},"end":{"line":29,"column":7}},"12":{"start":{"line":31,"column":4},"end":{"line":31,"column":35}},"13":{"start":{"line":35,"column":19},"end":{"line":35,"column":21}},"14":{"start":{"line":37,"column":4},"end":{"line":44,"column":5}},"15":{"start":{"line":38,"column":6},"end":{"line":40,"column":7}},"16":{"start":{"line":39,"column":8},"end":{"line":39,"column":17}},"17":{"start":{"line":42,"column":18},"end":{"line":42,"column":27}},"18":{"start":{"line":43,"column":6},"end":{"line":43,"column":42}},"19":{"start":{"line":46,"column":4},"end":{"line":46,"column":18}},"20":{"start":{"line":50,"column":17},"end":{"line":50,"column":21}},"21":{"start":{"line":51,"column":18},"end":{"line":51,"column":33}},"22":{"start":{"line":53,"column":4},"end":{"line":72,"column":7}},"23":{"start":{"line":54,"column":6},"end":{"line":71,"column":9}},"24":{"start":{"line":55,"column":8},"end":{"line":61,"column":11}},"25":{"start":{"line":57,"column":29},"end":{"line":59,"column":40}},"26":{"start":{"line":60,"column":10},"end":{"line":60,"column":41}},"27":{"start":{"line":63,"column":8},"end":{"line":70,"column":13}},"28":{"start":{"line":66,"column":12},"end":{"line":66,"column":22}},"29":{"start":{"line":69,"column":12},"end":{"line":69,"column":26}},"30":{"start":{"line":76,"column":17},"end":{"line":76,"column":21}},"31":{"start":{"line":78,"column":4},"end":{"line":94,"column":7}},"32":{"start":{"line":79,"column":6},"end":{"line":93,"column":11}},"33":{"start":{"line":83,"column":23},"end":{"line":83,"column":58}},"34":{"start":{"line":83,"column":47},"end":{"line":83,"column":57}},"35":{"start":{"line":84,"column":25},"end":{"line":84,"column":27}},"36":{"start":{"line":85,"column":10},"end":{"line":87,"column":11}},"37":{"start":{"line":85,"column":23},"end":{"line":85,"column":24}},"38":{"start":{"line":86,"column":12},"end":{"line":86,"column":42}},"39":{"start":{"line":89,"column":10},"end":{"line":89,"column":26}},"40":{"start":{"line":92,"column":10},"end":{"line":92,"column":24}},"41":{"start":{"line":99,"column":18},"end":{"line":99,"column":33}},"42":{"start":{"line":101,"column":4},"end":{"line":118,"column":7}},"43":{"start":{"line":102,"column":6},"end":{"line":117,"column":11}},"44":{"start":{"line":107,"column":10},"end":{"line":109,"column":13}},"45":{"start":{"line":108,"column":12},"end":{"line":108,"column":30}},"46":{"start":{"line":111,"column":10},"end":{"line":113,"column":13}},"47":{"start":{"line":112,"column":12},"end":{"line":112,"column":22}},"48":{"start":{"line":116,"column":10},"end":{"line":116,"column":24}},"49":{"start":{"line":122,"column":21},"end":{"line":122,"column":38}},"50":{"start":{"line":124,"column":4},"end":{"line":131,"column":9}},"51":{"start":{"line":126,"column":8},"end":{"line":126,"column":25}},"52":{"start":{"line":129,"column":8},"end":{"line":129,"column":40}},"53":{"start":{"line":130,"column":8},"end":{"line":130,"column":24}},"54":{"start":{"line":135,"column":21},"end":{"line":135,"column":38}},"55":{"start":{"line":137,"column":4},"end":{"line":144,"column":9}},"56":{"start":{"line":139,"column":8},"end":{"line":139,"column":28}},"57":{"start":{"line":142,"column":8},"end":{"line":142,"column":40}},"58":{"start":{"line":143,"column":8},"end":{"line":143,"column":24}},"59":{"start":{"line":148,"column":4},"end":{"line":153,"column":5}},"60":{"start":{"line":149,"column":6},"end":{"line":152,"column":9}},"61":{"start":{"line":150,"column":8},"end":{"line":150,"column":40}},"62":{"start":{"line":151,"column":8},"end":{"line":151,"column":24}},"63":{"start":{"line":155,"column":4},"end":{"line":155,"column":21}},"64":{"start":{"line":159,"column":4},"end":{"line":164,"column":5}},"65":{"start":{"line":160,"column":6},"end":{"line":163,"column":9}},"66":{"start":{"line":161,"column":8},"end":{"line":161,"column":40}},"67":{"start":{"line":162,"column":8},"end":{"line":162,"column":24}},"68":{"start":{"line":166,"column":4},"end":{"line":166,"column":24}},"69":{"start":{"line":170,"column":0},"end":{"line":170,"column":34}}},"fnMap":{"0":{"name":"(anonymous_0)","decl":{"start":{"line":11,"column":2},"end":{"line":11,"column":3}},"loc":{"start":{"line":11,"column":23},"end":{"line":18,"column":3}},"line":11},"1":{"name":"(anonymous_1)","decl":{"start":{"line":20,"column":2},"end":{"line":20,"column":3}},"loc":{"start":{"line":20,"column":9},"end":{"line":32,"column":3}},"line":20},"2":{"name":"(anonymous_2)","decl":{"start":{"line":34,"column":2},"end":{"line":34,"column":3}},"loc":{"start":{"line":34,"column":15},"end":{"line":47,"column":3}},"line":34},"3":{"name":"(anonymous_3)","decl":{"start":{"line":49,"column":2},"end":{"line":49,"column":3}},"loc":{"start":{"line":49,"column":37},"end":{"line":73,"column":3}},"line":49},"4":{"name":"(anonymous_4)","decl":{"start":{"line":53,"column":45},"end":{"line":53,"column":46}},"loc":{"start":{"line":53,"column":51},"end":{"line":72,"column":5}},"line":53},"5":{"name":"(anonymous_5)","decl":{"start":{"line":54,"column":25},"end":{"line":54,"column":26}},"loc":{"start":{"line":54,"column":46},"end":{"line":71,"column":7}},"line":54},"6":{"name":"(anonymous_6)","decl":{"start":{"line":55,"column":26},"end":{"line":55,"column":27}},"loc":{"start":{"line":55,"column":37},"end":{"line":61,"column":9}},"line":55},"7":{"name":"(anonymous_7)","decl":{"start":{"line":65,"column":16},"end":{"line":65,"column":17}},"loc":{"start":{"line":65,"column":22},"end":{"line":67,"column":11}},"line":65},"8":{"name":"(anonymous_8)","decl":{"start":{"line":68,"column":17},"end":{"line":68,"column":18}},"loc":{"start":{"line":68,"column":26},"end":{"line":70,"column":11}},"line":68},"9":{"name":"(anonymous_9)","decl":{"start":{"line":75,"column":2},"end":{"line":75,"column":3}},"loc":{"start":{"line":75,"column":23},"end":{"line":95,"column":3}},"line":75},"10":{"name":"(anonymous_10)","decl":{"start":{"line":78,"column":23},"end":{"line":78,"column":24}},"loc":{"start":{"line":78,"column":44},"end":{"line":94,"column":5}},"line":78},"11":{"name":"(anonymous_11)","decl":{"start":{"line":82,"column":14},"end":{"line":82,"column":15}},"loc":{"start":{"line":82,"column":25},"end":{"line":90,"column":9}},"line":82},"12":{"name":"(anonymous_12)","decl":{"start":{"line":83,"column":40},"end":{"line":83,"column":41}},"loc":{"start":{"line":83,"column":47},"end":{"line":83,"column":57}},"line":83},"13":{"name":"(anonymous_13)","decl":{"start":{"line":91,"column":15},"end":{"line":91,"column":16}},"loc":{"start":{"line":91,"column":24},"end":{"line":93,"column":9}},"line":91},"14":{"name":"(anonymous_14)","decl":{"start":{"line":97,"column":2},"end":{"line":97,"column":3}},"loc":{"start":{"line":97,"column":26},"end":{"line":119,"column":3}},"line":97},"15":{"name":"(anonymous_15)","decl":{"start":{"line":101,"column":23},"end":{"line":101,"column":24}},"loc":{"start":{"line":101,"column":44},"end":{"line":118,"column":5}},"line":101},"16":{"name":"(anonymous_16)","decl":{"start":{"line":106,"column":14},"end":{"line":106,"column":15}},"loc":{"start":{"line":106,"column":21},"end":{"line":114,"column":9}},"line":106},"17":{"name":"(anonymous_17)","decl":{"start":{"line":107,"column":22},"end":{"line":107,"column":23}},"loc":{"start":{"line":107,"column":29},"end":{"line":109,"column":11}},"line":107},"18":{"name":"(anonymous_18)","decl":{"start":{"line":111,"column":30},"end":{"line":111,"column":31}},"loc":{"start":{"line":111,"column":36},"end":{"line":113,"column":11}},"line":111},"19":{"name":"(anonymous_19)","decl":{"start":{"line":115,"column":15},"end":{"line":115,"column":16}},"loc":{"start":{"line":115,"column":24},"end":{"line":117,"column":9}},"line":115},"20":{"name":"(anonymous_20)","decl":{"start":{"line":121,"column":2},"end":{"line":121,"column":3}},"loc":{"start":{"line":121,"column":18},"end":{"line":132,"column":3}},"line":121},"21":{"name":"(anonymous_21)","decl":{"start":{"line":125,"column":12},"end":{"line":125,"column":13}},"loc":{"start":{"line":125,"column":18},"end":{"line":127,"column":7}},"line":125},"22":{"name":"(anonymous_22)","decl":{"start":{"line":128,"column":13},"end":{"line":128,"column":14}},"loc":{"start":{"line":128,"column":19},"end":{"line":131,"column":7}},"line":128},"23":{"name":"(anonymous_23)","decl":{"start":{"line":134,"column":2},"end":{"line":134,"column":3}},"loc":{"start":{"line":134,"column":25},"end":{"line":145,"column":3}},"line":134},"24":{"name":"(anonymous_24)","decl":{"start":{"line":138,"column":12},"end":{"line":138,"column":13}},"loc":{"start":{"line":138,"column":18},"end":{"line":140,"column":7}},"line":138},"25":{"name":"(anonymous_25)","decl":{"start":{"line":141,"column":13},"end":{"line":141,"column":14}},"loc":{"start":{"line":141,"column":19},"end":{"line":144,"column":7}},"line":141},"26":{"name":"(anonymous_26)","decl":{"start":{"line":147,"column":2},"end":{"line":147,"column":3}},"loc":{"start":{"line":147,"column":14},"end":{"line":156,"column":3}},"line":147},"27":{"name":"(anonymous_27)","decl":{"start":{"line":149,"column":69},"end":{"line":149,"column":70}},"loc":{"start":{"line":149,"column":75},"end":{"line":152,"column":7}},"line":149},"28":{"name":"(anonymous_28)","decl":{"start":{"line":158,"column":2},"end":{"line":158,"column":3}},"loc":{"start":{"line":158,"column":21},"end":{"line":167,"column":3}},"line":158},"29":{"name":"(anonymous_29)","decl":{"start":{"line":160,"column":72},"end":{"line":160,"column":73}},"loc":{"start":{"line":160,"column":78},"end":{"line":163,"column":7}},"line":160}},"branchMap":{"0":{"loc":{"start":{"line":12,"column":4},"end":{"line":15,"column":5}},"type":"if","locations":[{"start":{"line":12,"column":4},"end":{"line":15,"column":5}},{"start":{"line":12,"column":4},"end":{"line":15,"column":5}}],"line":12},"1":{"loc":{"start":{"line":38,"column":6},"end":{"line":40,"column":7}},"type":"if","locations":[{"start":{"line":38,"column":6},"end":{"line":40,"column":7}},{"start":{"line":38,"column":6},"end":{"line":40,"column":7}}],"line":38},"2":{"loc":{"start":{"line":148,"column":4},"end":{"line":153,"column":5}},"type":"if","locations":[{"start":{"line":148,"column":4},"end":{"line":153,"column":5}},{"start":{"line":148,"column":4},"end":{"line":153,"column":5}}],"line":148},"3":{"loc":{"start":{"line":159,"column":4},"end":{"line":164,"column":5}},"type":"if","locations":[{"start":{"line":159,"column":4},"end":{"line":164,"column":5}},{"start":{"line":159,"column":4},"end":{"line":164,"column":5}}],"line":159}},"s":{"0":10,"1":10,"2":10,"3":10,"4":0,"5":0,"6":0,"7":0,"8":0,"9":0,"10":0,"11":0,"12":0,"13":0,"14":0,"15":0,"16":0,"17":0,"18":0,"19":0,"20":0,"21":0,"22":0,"23":0,"24":0,"25":0,"26":0,"27":0,"28":0,"29":0,"30":0,"31":0,"32":0,"33":0,"34":0,"35":0,"36":0,"37":0,"38":0,"39":0,"40":0,"41":0,"42":0,"43":0,"44":0,"45":0,"46":0,"47":0,"48":0,"49":0,"50":0,"51":0,"52":0,"53":0,"54":0,"55":0,"56":0,"57":0,"58":0,"59":0,"60":0,"61":0,"62":0,"63":0,"64":0,"65":0,"66":0,"67":0,"68":0,"69":10},"f":{"0":0,"1":0,"2":0,"3":0,"4":0,"5":0,"6":0,"7":0,"8":0,"9":0,"10":0,"11":0,"12":0,"13":0,"14":0,"15":0,"16":0,"17":0,"18":0,"19":0,"20":0,"21":0,"22":0,"23":0,"24":0,"25":0,"26":0,"27":0,"28":0,"29":0},"b":{"0":[0,0],"1":[0,0],"2":[0,0],"3":[0,0]},"_coverageSchema":"43e27e138ebf9cfc5966b082cf9a028302ed4184","hash":"145a793a2aead9de56a1018489642cf6bd8e978c"}
,"/home/tpoe/dev/taskline/src/item.js": {"path":"/home/tpoe/dev/taskline/src/item.js","statementMap":{"0":{"start":{"line":3,"column":12},"end":{"line":3,"column":22}},"1":{"start":{"line":7,"column":4},"end":{"line":7,"column":26}},"2":{"start":{"line":8,"column":4},"end":{"line":8,"column":36}},"3":{"start":{"line":9,"column":4},"end":{"line":9,"column":36}},"4":{"start":{"line":10,"column":4},"end":{"line":10,"column":43}},"5":{"start":{"line":11,"column":4},"end":{"line":11,"column":48}},"6":{"start":{"line":12,"column":4},"end":{"line":12,"column":39}},"7":{"start":{"line":16,"column":0},"end":{"line":16,"column":22}}},"fnMap":{"0":{"name":"(anonymous_0)","decl":{"start":{"line":6,"column":2},"end":{"line":6,"column":3}},"loc":{"start":{"line":6,"column":28},"end":{"line":13,"column":3}},"line":6}},"branchMap":{"0":{"loc":{"start":{"line":6,"column":14},"end":{"line":6,"column":26}},"type":"default-arg","locations":[{"start":{"line":6,"column":24},"end":{"line":6,"column":26}}],"line":6},"1":{"loc":{"start":{"line":11,"column":21},"end":{"line":11,"column":47}},"type":"binary-expr","locations":[{"start":{"line":11,"column":21},"end":{"line":11,"column":38}},{"start":{"line":11,"column":42},"end":{"line":11,"column":47}}],"line":11},"2":{"loc":{"start":{"line":12,"column":18},"end":{"line":12,"column":38}},"type":"binary-expr","locations":[{"start":{"line":12,"column":18},"end":{"line":12,"column":32}},{"start":{"line":12,"column":36},"end":{"line":12,"column":38}}],"line":12}},"s":{"0":10,"1":6,"2":6,"3":6,"4":6,"5":6,"6":6,"7":10},"f":{"0":6},"b":{"0":[0],"1":[6,6],"2":[6,0]},"_coverageSchema":"43e27e138ebf9cfc5966b082cf9a028302ed4184","hash":"e20292b9d89b5de290e44757ea22e599650369a1"}
,"/home/tpoe/dev/taskline/src/local.js": {"path":"/home/tpoe/dev/taskline/src/local.js","statementMap":{"0":{"start":{"line":4,"column":15},"end":{"line":4,"column":32}},"1":{"start":{"line":5,"column":11},"end":{"line":5,"column":24}},"2":{"start":{"line":6,"column":11},"end":{"line":6,"column":24}},"3":{"start":{"line":7,"column":13},"end":{"line":7,"column":28}},"4":{"start":{"line":8,"column":15},"end":{"line":8,"column":34}},"5":{"start":{"line":9,"column":15},"end":{"line":9,"column":34}},"6":{"start":{"line":10,"column":16},"end":{"line":10,"column":36}},"7":{"start":{"line":15,"column":4},"end":{"line":15,"column":8}},"8":{"start":{"line":19,"column":4},"end":{"line":22,"column":5}},"9":{"start":{"line":20,"column":6},"end":{"line":20,"column":41}},"10":{"start":{"line":21,"column":6},"end":{"line":21,"column":27}},"11":{"start":{"line":24,"column":4},"end":{"line":24,"column":25}},"12":{"start":{"line":28,"column":4},"end":{"line":28,"column":57}},"13":{"start":{"line":29,"column":4},"end":{"line":29,"column":57}},"14":{"start":{"line":30,"column":4},"end":{"line":30,"column":52}},"15":{"start":{"line":31,"column":4},"end":{"line":31,"column":63}},"16":{"start":{"line":32,"column":4},"end":{"line":32,"column":67}},"17":{"start":{"line":34,"column":4},"end":{"line":34,"column":30}},"18":{"start":{"line":40,"column":8},"end":{"line":40,"column":20}},"19":{"start":{"line":41,"column":32},"end":{"line":41,"column":63}},"20":{"start":{"line":43,"column":4},"end":{"line":45,"column":5}},"21":{"start":{"line":44,"column":6},"end":{"line":44,"column":33}},"22":{"start":{"line":47,"column":4},"end":{"line":50,"column":5}},"23":{"start":{"line":48,"column":6},"end":{"line":48,"column":52}},"24":{"start":{"line":49,"column":6},"end":{"line":49,"column":22}},"25":{"start":{"line":52,"column":4},"end":{"line":52,"column":48}},"26":{"start":{"line":56,"column":4},"end":{"line":58,"column":5}},"27":{"start":{"line":57,"column":6},"end":{"line":57,"column":37}},"28":{"start":{"line":62,"column":4},"end":{"line":64,"column":5}},"29":{"start":{"line":63,"column":6},"end":{"line":63,"column":37}},"30":{"start":{"line":68,"column":4},"end":{"line":70,"column":5}},"31":{"start":{"line":69,"column":6},"end":{"line":69,"column":34}},"32":{"start":{"line":74,"column":4},"end":{"line":76,"column":5}},"33":{"start":{"line":75,"column":6},"end":{"line":75,"column":37}},"34":{"start":{"line":80,"column":22},"end":{"line":82,"column":39}},"35":{"start":{"line":82,"column":16},"end":{"line":82,"column":38}},"36":{"start":{"line":84,"column":4},"end":{"line":86,"column":5}},"37":{"start":{"line":85,"column":6},"end":{"line":85,"column":61}},"38":{"start":{"line":85,"column":36},"end":{"line":85,"column":59}},"39":{"start":{"line":90,"column":4},"end":{"line":90,"column":29}},"40":{"start":{"line":91,"column":4},"end":{"line":91,"column":29}},"41":{"start":{"line":92,"column":4},"end":{"line":92,"column":29}},"42":{"start":{"line":93,"column":4},"end":{"line":93,"column":26}},"43":{"start":{"line":94,"column":4},"end":{"line":94,"column":25}},"44":{"start":{"line":98,"column":4},"end":{"line":101,"column":24}},"45":{"start":{"line":105,"column":25},"end":{"line":105,"column":51}},"46":{"start":{"line":106,"column":25},"end":{"line":108,"column":37}},"47":{"start":{"line":109,"column":4},"end":{"line":109,"column":45}},"48":{"start":{"line":113,"column":17},"end":{"line":113,"column":21}},"49":{"start":{"line":115,"column":4},"end":{"line":123,"column":7}},"50":{"start":{"line":116,"column":17},"end":{"line":116,"column":19}},"51":{"start":{"line":117,"column":6},"end":{"line":120,"column":7}},"52":{"start":{"line":118,"column":24},"end":{"line":118,"column":70}},"53":{"start":{"line":119,"column":8},"end":{"line":119,"column":35}},"54":{"start":{"line":122,"column":6},"end":{"line":122,"column":20}},"55":{"start":{"line":127,"column":18},"end":{"line":127,"column":20}},"56":{"start":{"line":129,"column":4},"end":{"line":136,"column":7}},"57":{"start":{"line":130,"column":6},"end":{"line":133,"column":7}},"58":{"start":{"line":131,"column":24},"end":{"line":131,"column":66}},"59":{"start":{"line":132,"column":8},"end":{"line":132,"column":38}},"60":{"start":{"line":135,"column":6},"end":{"line":135,"column":23}},"61":{"start":{"line":140,"column":17},"end":{"line":140,"column":21}},"62":{"start":{"line":142,"column":4},"end":{"line":154,"column":7}},"63":{"start":{"line":143,"column":6},"end":{"line":153,"column":7}},"64":{"start":{"line":144,"column":8},"end":{"line":144,"column":45}},"65":{"start":{"line":145,"column":32},"end":{"line":145,"column":72}},"66":{"start":{"line":147,"column":8},"end":{"line":147,"column":56}},"67":{"start":{"line":148,"column":8},"end":{"line":148,"column":62}},"68":{"start":{"line":150,"column":8},"end":{"line":150,"column":18}},"69":{"start":{"line":152,"column":8},"end":{"line":152,"column":22}},"70":{"start":{"line":158,"column":17},"end":{"line":158,"column":21}},"71":{"start":{"line":160,"column":4},"end":{"line":172,"column":7}},"72":{"start":{"line":161,"column":6},"end":{"line":171,"column":7}},"73":{"start":{"line":162,"column":21},"end":{"line":162,"column":53}},"74":{"start":{"line":163,"column":32},"end":{"line":163,"column":68}},"75":{"start":{"line":165,"column":8},"end":{"line":165,"column":56}},"76":{"start":{"line":166,"column":8},"end":{"line":166,"column":58}},"77":{"start":{"line":168,"column":8},"end":{"line":168,"column":18}},"78":{"start":{"line":170,"column":8},"end":{"line":170,"column":22}},"79":{"start":{"line":176,"column":0},"end":{"line":176,"column":30}}},"fnMap":{"0":{"name":"(anonymous_0)","decl":{"start":{"line":18,"column":2},"end":{"line":18,"column":3}},"loc":{"start":{"line":18,"column":23},"end":{"line":25,"column":3}},"line":18},"1":{"name":"(anonymous_1)","decl":{"start":{"line":27,"column":2},"end":{"line":27,"column":3}},"loc":{"start":{"line":27,"column":9},"end":{"line":35,"column":3}},"line":27},"2":{"name":"(anonymous_2)","decl":{"start":{"line":37,"column":2},"end":{"line":37,"column":3}},"loc":{"start":{"line":37,"column":20},"end":{"line":53,"column":3}},"line":37},"3":{"name":"(anonymous_3)","decl":{"start":{"line":55,"column":2},"end":{"line":55,"column":3}},"loc":{"start":{"line":55,"column":22},"end":{"line":59,"column":3}},"line":55},"4":{"name":"(anonymous_4)","decl":{"start":{"line":61,"column":2},"end":{"line":61,"column":3}},"loc":{"start":{"line":61,"column":22},"end":{"line":65,"column":3}},"line":61},"5":{"name":"(anonymous_5)","decl":{"start":{"line":67,"column":2},"end":{"line":67,"column":3}},"loc":{"start":{"line":67,"column":19},"end":{"line":71,"column":3}},"line":67},"6":{"name":"(anonymous_6)","decl":{"start":{"line":73,"column":2},"end":{"line":73,"column":3}},"loc":{"start":{"line":73,"column":22},"end":{"line":77,"column":3}},"line":73},"7":{"name":"(anonymous_7)","decl":{"start":{"line":79,"column":2},"end":{"line":79,"column":3}},"loc":{"start":{"line":79,"column":18},"end":{"line":87,"column":3}},"line":79},"8":{"name":"(anonymous_8)","decl":{"start":{"line":82,"column":11},"end":{"line":82,"column":12}},"loc":{"start":{"line":82,"column":16},"end":{"line":82,"column":38}},"line":82},"9":{"name":"(anonymous_9)","decl":{"start":{"line":85,"column":24},"end":{"line":85,"column":25}},"loc":{"start":{"line":85,"column":36},"end":{"line":85,"column":59}},"line":85},"10":{"name":"(anonymous_10)","decl":{"start":{"line":89,"column":2},"end":{"line":89,"column":3}},"loc":{"start":{"line":89,"column":23},"end":{"line":95,"column":3}},"line":89},"11":{"name":"(anonymous_11)","decl":{"start":{"line":97,"column":2},"end":{"line":97,"column":3}},"loc":{"start":{"line":97,"column":34},"end":{"line":102,"column":3}},"line":97},"12":{"name":"(anonymous_12)","decl":{"start":{"line":104,"column":2},"end":{"line":104,"column":3}},"loc":{"start":{"line":104,"column":25},"end":{"line":110,"column":3}},"line":104},"13":{"name":"(anonymous_13)","decl":{"start":{"line":112,"column":2},"end":{"line":112,"column":3}},"loc":{"start":{"line":112,"column":8},"end":{"line":124,"column":3}},"line":112},"14":{"name":"(anonymous_14)","decl":{"start":{"line":115,"column":23},"end":{"line":115,"column":24}},"loc":{"start":{"line":115,"column":34},"end":{"line":123,"column":5}},"line":115},"15":{"name":"(anonymous_15)","decl":{"start":{"line":126,"column":2},"end":{"line":126,"column":3}},"loc":{"start":{"line":126,"column":15},"end":{"line":137,"column":3}},"line":126},"16":{"name":"(anonymous_16)","decl":{"start":{"line":129,"column":23},"end":{"line":129,"column":24}},"loc":{"start":{"line":129,"column":34},"end":{"line":136,"column":5}},"line":129},"17":{"name":"(anonymous_17)","decl":{"start":{"line":139,"column":2},"end":{"line":139,"column":3}},"loc":{"start":{"line":139,"column":12},"end":{"line":155,"column":3}},"line":139},"18":{"name":"(anonymous_18)","decl":{"start":{"line":142,"column":23},"end":{"line":142,"column":24}},"loc":{"start":{"line":142,"column":44},"end":{"line":154,"column":5}},"line":142},"19":{"name":"(anonymous_19)","decl":{"start":{"line":157,"column":2},"end":{"line":157,"column":3}},"loc":{"start":{"line":157,"column":22},"end":{"line":173,"column":3}},"line":157},"20":{"name":"(anonymous_20)","decl":{"start":{"line":160,"column":23},"end":{"line":160,"column":24}},"loc":{"start":{"line":160,"column":44},"end":{"line":172,"column":5}},"line":160}},"branchMap":{"0":{"loc":{"start":{"line":19,"column":4},"end":{"line":22,"column":5}},"type":"if","locations":[{"start":{"line":19,"column":4},"end":{"line":22,"column":5}},{"start":{"line":19,"column":4},"end":{"line":22,"column":5}}],"line":19},"1":{"loc":{"start":{"line":43,"column":4},"end":{"line":45,"column":5}},"type":"if","locations":[{"start":{"line":43,"column":4},"end":{"line":45,"column":5}},{"start":{"line":43,"column":4},"end":{"line":45,"column":5}}],"line":43},"2":{"loc":{"start":{"line":47,"column":4},"end":{"line":50,"column":5}},"type":"if","locations":[{"start":{"line":47,"column":4},"end":{"line":50,"column":5}},{"start":{"line":47,"column":4},"end":{"line":50,"column":5}}],"line":47},"3":{"loc":{"start":{"line":56,"column":4},"end":{"line":58,"column":5}},"type":"if","locations":[{"start":{"line":56,"column":4},"end":{"line":58,"column":5}},{"start":{"line":56,"column":4},"end":{"line":58,"column":5}}],"line":56},"4":{"loc":{"start":{"line":62,"column":4},"end":{"line":64,"column":5}},"type":"if","locations":[{"start":{"line":62,"column":4},"end":{"line":64,"column":5}},{"start":{"line":62,"column":4},"end":{"line":64,"column":5}}],"line":62},"5":{"loc":{"start":{"line":68,"column":4},"end":{"line":70,"column":5}},"type":"if","locations":[{"start":{"line":68,"column":4},"end":{"line":70,"column":5}},{"start":{"line":68,"column":4},"end":{"line":70,"column":5}}],"line":68},"6":{"loc":{"start":{"line":74,"column":4},"end":{"line":76,"column":5}},"type":"if","locations":[{"start":{"line":74,"column":4},"end":{"line":76,"column":5}},{"start":{"line":74,"column":4},"end":{"line":76,"column":5}}],"line":74},"7":{"loc":{"start":{"line":84,"column":4},"end":{"line":86,"column":5}},"type":"if","locations":[{"start":{"line":84,"column":4},"end":{"line":86,"column":5}},{"start":{"line":84,"column":4},"end":{"line":86,"column":5}}],"line":84},"8":{"loc":{"start":{"line":97,"column":22},"end":{"line":97,"column":32}},"type":"default-arg","locations":[{"start":{"line":97,"column":31},"end":{"line":97,"column":32}}],"line":97},"9":{"loc":{"start":{"line":117,"column":6},"end":{"line":120,"column":7}},"type":"if","locations":[{"start":{"line":117,"column":6},"end":{"line":120,"column":7}},{"start":{"line":117,"column":6},"end":{"line":120,"column":7}}],"line":117},"10":{"loc":{"start":{"line":130,"column":6},"end":{"line":133,"column":7}},"type":"if","locations":[{"start":{"line":130,"column":6},"end":{"line":133,"column":7}},{"start":{"line":130,"column":6},"end":{"line":133,"column":7}}],"line":130}},"s":{"0":10,"1":10,"2":10,"3":10,"4":10,"5":10,"6":10,"7":10,"8":20,"9":10,"10":10,"11":20,"12":10,"13":10,"14":10,"15":10,"16":10,"17":10,"18":40,"19":40,"20":40,"21":0,"22":40,"23":0,"24":0,"25":40,"26":10,"27":0,"28":10,"29":0,"30":10,"31":0,"32":10,"33":0,"34":10,"35":0,"36":10,"37":0,"38":0,"39":10,"40":10,"41":10,"42":10,"43":10,"44":57,"45":57,"46":57,"47":57,"48":85,"49":85,"50":85,"51":85,"52":85,"53":85,"54":85,"55":6,"56":6,"57":6,"58":6,"59":6,"60":6,"61":44,"62":44,"63":44,"64":44,"65":44,"66":44,"67":44,"68":44,"69":0,"70":13,"71":13,"72":13,"73":13,"74":13,"75":13,"76":13,"77":13,"78":0,"79":10},"f":{"0":20,"1":10,"2":40,"3":10,"4":10,"5":10,"6":10,"7":10,"8":0,"9":0,"10":10,"11":57,"12":57,"13":85,"14":85,"15":6,"16":6,"17":44,"18":44,"19":13,"20":13},"b":{"0":[10,10],"1":[0,40],"2":[0,40],"3":[0,10],"4":[0,10],"5":[0,10],"6":[0,10],"7":[0,10],"8":[57],"9":[85,0],"10":[6,0]},"_coverageSchema":"43e27e138ebf9cfc5966b082cf9a028302ed4184","hash":"77b57f3113ba2fed98a016e8a830dc39e5ad5f5c"}
,"/home/tpoe/dev/taskline/src/note.js": {"path":"/home/tpoe/dev/taskline/src/note.js","statementMap":{"0":{"start":{"line":2,"column":13},"end":{"line":2,"column":30}},"1":{"start":{"line":6,"column":4},"end":{"line":6,"column":19}},"2":{"start":{"line":7,"column":4},"end":{"line":7,"column":25}},"3":{"start":{"line":11,"column":0},"end":{"line":11,"column":22}}},"fnMap":{"0":{"name":"(anonymous_0)","decl":{"start":{"line":5,"column":2},"end":{"line":5,"column":3}},"loc":{"start":{"line":5,"column":28},"end":{"line":8,"column":3}},"line":5}},"branchMap":{"0":{"loc":{"start":{"line":5,"column":14},"end":{"line":5,"column":26}},"type":"default-arg","locations":[{"start":{"line":5,"column":24},"end":{"line":5,"column":26}}],"line":5}},"s":{"0":10,"1":1,"2":1,"3":10},"f":{"0":1},"b":{"0":[0]},"_coverageSchema":"43e27e138ebf9cfc5966b082cf9a028302ed4184","hash":"ef6e34c9c6a82b8c02878d106015c6821d946335"}
,"/home/tpoe/dev/taskline/src/render.js": {"path":"/home/tpoe/dev/taskline/src/render.js","statementMap":{"0":{"start":{"line":2,"column":14},"end":{"line":2,"column":30}},"1":{"start":{"line":3,"column":16},"end":{"line":3,"column":34}},"2":{"start":{"line":4,"column":12},"end":{"line":4,"column":26}},"3":{"start":{"line":5,"column":15},"end":{"line":5,"column":34}},"4":{"start":{"line":7,"column":0},"end":{"line":9,"column":3}},"5":{"start":{"line":18,"column":4},"end":{"line":18,"column":11}},"6":{"start":{"line":27,"column":4},"end":{"line":27,"column":9}},"7":{"start":{"line":29,"column":19},"end":{"line":32,"column":1}},"8":{"start":{"line":36,"column":4},"end":{"line":36,"column":24}},"9":{"start":{"line":40,"column":4},"end":{"line":40,"column":46}},"10":{"start":{"line":40,"column":27},"end":{"line":40,"column":34}},"11":{"start":{"line":48,"column":8},"end":{"line":48,"column":33}},"12":{"start":{"line":49,"column":4},"end":{"line":49,"column":45}},"13":{"start":{"line":53,"column":20},"end":{"line":53,"column":39}},"14":{"start":{"line":54,"column":16},"end":{"line":54,"column":71}},"15":{"start":{"line":55,"column":4},"end":{"line":55,"column":46}},"16":{"start":{"line":59,"column":20},"end":{"line":59,"column":39}},"17":{"start":{"line":60,"column":20},"end":{"line":60,"column":66}},"18":{"start":{"line":61,"column":4},"end":{"line":63,"column":5}},"19":{"start":{"line":62,"column":6},"end":{"line":62,"column":37}},"20":{"start":{"line":65,"column":4},"end":{"line":67,"column":5}},"21":{"start":{"line":66,"column":6},"end":{"line":66,"column":40}},"22":{"start":{"line":69,"column":4},"end":{"line":69,"column":36}},"23":{"start":{"line":76,"column":8},"end":{"line":76,"column":33}},"24":{"start":{"line":77,"column":4},"end":{"line":77,"column":42}},"25":{"start":{"line":81,"column":35},"end":{"line":81,"column":44}},"26":{"start":{"line":83,"column":4},"end":{"line":92,"column":7}},"27":{"start":{"line":84,"column":6},"end":{"line":89,"column":7}},"28":{"start":{"line":85,"column":8},"end":{"line":85,"column":16}},"29":{"start":{"line":86,"column":8},"end":{"line":88,"column":9}},"30":{"start":{"line":87,"column":10},"end":{"line":87,"column":28}},"31":{"start":{"line":91,"column":6},"end":{"line":91,"column":21}},"32":{"start":{"line":94,"column":4},"end":{"line":98,"column":6}},"33":{"start":{"line":102,"column":4},"end":{"line":102,"column":45}},"34":{"start":{"line":106,"column":18},"end":{"line":106,"column":111}},"35":{"start":{"line":107,"column":24},"end":{"line":107,"column":51}},"36":{"start":{"line":108,"column":4},"end":{"line":111,"column":6}},"37":{"start":{"line":115,"column":19},"end":{"line":115,"column":21}},"38":{"start":{"line":119,"column":8},"end":{"line":119,"column":12}},"39":{"start":{"line":120,"column":4},"end":{"line":120,"column":52}},"40":{"start":{"line":121,"column":4},"end":{"line":121,"column":33}},"41":{"start":{"line":123,"column":4},"end":{"line":123,"column":28}},"42":{"start":{"line":127,"column":20},"end":{"line":127,"column":22}},"43":{"start":{"line":132,"column":8},"end":{"line":132,"column":12}},"44":{"start":{"line":133,"column":21},"end":{"line":133,"column":48}},"45":{"start":{"line":135,"column":4},"end":{"line":139,"column":5}},"46":{"start":{"line":136,"column":6},"end":{"line":136,"column":65}},"47":{"start":{"line":138,"column":6},"end":{"line":138,"column":65}},"48":{"start":{"line":141,"column":4},"end":{"line":143,"column":5}},"49":{"start":{"line":142,"column":6},"end":{"line":142,"column":65}},"50":{"start":{"line":145,"column":4},"end":{"line":145,"column":29}},"51":{"start":{"line":152,"column":8},"end":{"line":152,"column":38}},"52":{"start":{"line":153,"column":21},"end":{"line":157,"column":5}},"53":{"start":{"line":159,"column":4},"end":{"line":159,"column":25}},"54":{"start":{"line":167,"column":8},"end":{"line":167,"column":12}},"55":{"start":{"line":168,"column":16},"end":{"line":168,"column":45}},"56":{"start":{"line":170,"column":4},"end":{"line":172,"column":5}},"57":{"start":{"line":171,"column":6},"end":{"line":171,"column":47}},"58":{"start":{"line":174,"column":17},"end":{"line":174,"column":36}},"59":{"start":{"line":176,"column":19},"end":{"line":176,"column":42}},"60":{"start":{"line":177,"column":20},"end":{"line":177,"column":44}},"61":{"start":{"line":179,"column":4},"end":{"line":183,"column":5}},"62":{"start":{"line":180,"column":6},"end":{"line":180,"column":36}},"63":{"start":{"line":182,"column":6},"end":{"line":182,"column":60}},"64":{"start":{"line":185,"column":19},"end":{"line":189,"column":5}},"65":{"start":{"line":191,"column":4},"end":{"line":193,"column":5}},"66":{"start":{"line":192,"column":6},"end":{"line":192,"column":88}},"67":{"start":{"line":195,"column":4},"end":{"line":195,"column":24}},"68":{"start":{"line":203,"column":8},"end":{"line":203,"column":12}},"69":{"start":{"line":204,"column":19},"end":{"line":204,"column":60}},"70":{"start":{"line":204,"column":43},"end":{"line":204,"column":59}},"71":{"start":{"line":205,"column":17},"end":{"line":205,"column":36}},"72":{"start":{"line":207,"column":19},"end":{"line":207,"column":42}},"73":{"start":{"line":208,"column":20},"end":{"line":208,"column":44}},"74":{"start":{"line":209,"column":19},"end":{"line":209,"column":57}},"75":{"start":{"line":211,"column":19},"end":{"line":215,"column":5}},"76":{"start":{"line":217,"column":4},"end":{"line":219,"column":5}},"77":{"start":{"line":218,"column":6},"end":{"line":218,"column":88}},"78":{"start":{"line":221,"column":4},"end":{"line":221,"column":24}},"79":{"start":{"line":225,"column":4},"end":{"line":227,"column":5}},"80":{"start":{"line":226,"column":6},"end":{"line":226,"column":27}},"81":{"start":{"line":229,"column":4},"end":{"line":229,"column":25}},"82":{"start":{"line":233,"column":4},"end":{"line":235,"column":5}},"83":{"start":{"line":234,"column":6},"end":{"line":234,"column":26}},"84":{"start":{"line":239,"column":4},"end":{"line":239,"column":23}},"85":{"start":{"line":240,"column":4},"end":{"line":253,"column":7}},"86":{"start":{"line":241,"column":6},"end":{"line":243,"column":7}},"87":{"start":{"line":242,"column":8},"end":{"line":242,"column":15}},"88":{"start":{"line":245,"column":6},"end":{"line":245,"column":45}},"89":{"start":{"line":246,"column":6},"end":{"line":252,"column":9}},"90":{"start":{"line":247,"column":8},"end":{"line":249,"column":9}},"91":{"start":{"line":248,"column":10},"end":{"line":248,"column":17}},"92":{"start":{"line":251,"column":8},"end":{"line":251,"column":39}},"93":{"start":{"line":257,"column":4},"end":{"line":257,"column":23}},"94":{"start":{"line":258,"column":4},"end":{"line":271,"column":7}},"95":{"start":{"line":259,"column":6},"end":{"line":261,"column":7}},"96":{"start":{"line":260,"column":8},"end":{"line":260,"column":15}},"97":{"start":{"line":263,"column":6},"end":{"line":263,"column":43}},"98":{"start":{"line":264,"column":6},"end":{"line":270,"column":9}},"99":{"start":{"line":265,"column":8},"end":{"line":267,"column":9}},"100":{"start":{"line":266,"column":10},"end":{"line":266,"column":17}},"101":{"start":{"line":269,"column":8},"end":{"line":269,"column":38}},"102":{"start":{"line":281,"column":4},"end":{"line":283,"column":5}},"103":{"start":{"line":282,"column":6},"end":{"line":282,"column":13}},"104":{"start":{"line":285,"column":4},"end":{"line":285,"column":107}},"105":{"start":{"line":287,"column":19},"end":{"line":292,"column":5}},"106":{"start":{"line":294,"column":4},"end":{"line":300,"column":5}},"107":{"start":{"line":295,"column":6},"end":{"line":299,"column":9}},"108":{"start":{"line":302,"column":4},"end":{"line":308,"column":5}},"109":{"start":{"line":303,"column":6},"end":{"line":307,"column":9}},"110":{"start":{"line":310,"column":4},"end":{"line":313,"column":7}},"111":{"start":{"line":314,"column":4},"end":{"line":318,"column":7}},"112":{"start":{"line":322,"column":4},"end":{"line":322,"column":23}},"113":{"start":{"line":323,"column":29},"end":{"line":323,"column":46}},"114":{"start":{"line":324,"column":20},"end":{"line":324,"column":72}},"115":{"start":{"line":325,"column":4},"end":{"line":329,"column":7}},"116":{"start":{"line":333,"column":4},"end":{"line":333,"column":23}},"117":{"start":{"line":334,"column":29},"end":{"line":334,"column":39}},"118":{"start":{"line":335,"column":20},"end":{"line":335,"column":53}},"119":{"start":{"line":336,"column":4},"end":{"line":340,"column":7}},"120":{"start":{"line":344,"column":4},"end":{"line":344,"column":23}},"121":{"start":{"line":345,"column":29},"end":{"line":345,"column":45}},"122":{"start":{"line":346,"column":20},"end":{"line":346,"column":50}},"123":{"start":{"line":347,"column":4},"end":{"line":351,"column":7}},"124":{"start":{"line":355,"column":4},"end":{"line":355,"column":23}},"125":{"start":{"line":356,"column":19},"end":{"line":356,"column":23}},"126":{"start":{"line":357,"column":20},"end":{"line":357,"column":59}},"127":{"start":{"line":358,"column":4},"end":{"line":361,"column":7}},"128":{"start":{"line":365,"column":4},"end":{"line":365,"column":23}},"129":{"start":{"line":366,"column":19},"end":{"line":366,"column":23}},"130":{"start":{"line":367,"column":20},"end":{"line":367,"column":52}},"131":{"start":{"line":368,"column":4},"end":{"line":371,"column":7}},"132":{"start":{"line":375,"column":4},"end":{"line":375,"column":23}},"133":{"start":{"line":376,"column":19},"end":{"line":376,"column":23}},"134":{"start":{"line":377,"column":20},"end":{"line":377,"column":43}},"135":{"start":{"line":378,"column":4},"end":{"line":381,"column":7}},"136":{"start":{"line":385,"column":4},"end":{"line":385,"column":23}},"137":{"start":{"line":386,"column":4},"end":{"line":388,"column":5}},"138":{"start":{"line":387,"column":6},"end":{"line":387,"column":13}},"139":{"start":{"line":390,"column":29},"end":{"line":390,"column":57}},"140":{"start":{"line":391,"column":20},"end":{"line":391,"column":67}},"141":{"start":{"line":392,"column":4},"end":{"line":396,"column":7}},"142":{"start":{"line":400,"column":4},"end":{"line":400,"column":23}},"143":{"start":{"line":401,"column":4},"end":{"line":403,"column":5}},"144":{"start":{"line":402,"column":6},"end":{"line":402,"column":13}},"145":{"start":{"line":405,"column":29},"end":{"line":405,"column":57}},"146":{"start":{"line":406,"column":20},"end":{"line":406,"column":69}},"147":{"start":{"line":407,"column":4},"end":{"line":411,"column":7}},"148":{"start":{"line":415,"column":4},"end":{"line":415,"column":23}},"149":{"start":{"line":416,"column":4},"end":{"line":418,"column":5}},"150":{"start":{"line":417,"column":6},"end":{"line":417,"column":13}},"151":{"start":{"line":420,"column":29},"end":{"line":420,"column":57}},"152":{"start":{"line":421,"column":20},"end":{"line":421,"column":67}},"153":{"start":{"line":422,"column":4},"end":{"line":426,"column":7}},"154":{"start":{"line":430,"column":4},"end":{"line":430,"column":23}},"155":{"start":{"line":431,"column":4},"end":{"line":433,"column":5}},"156":{"start":{"line":432,"column":6},"end":{"line":432,"column":13}},"157":{"start":{"line":435,"column":29},"end":{"line":435,"column":57}},"158":{"start":{"line":436,"column":20},"end":{"line":436,"column":66}},"159":{"start":{"line":437,"column":4},"end":{"line":441,"column":7}},"160":{"start":{"line":445,"column":4},"end":{"line":445,"column":23}},"161":{"start":{"line":446,"column":4},"end":{"line":448,"column":5}},"162":{"start":{"line":447,"column":6},"end":{"line":447,"column":13}},"163":{"start":{"line":450,"column":29},"end":{"line":450,"column":57}},"164":{"start":{"line":451,"column":20},"end":{"line":451,"column":67}},"165":{"start":{"line":452,"column":4},"end":{"line":456,"column":7}},"166":{"start":{"line":460,"column":4},"end":{"line":460,"column":23}},"167":{"start":{"line":461,"column":4},"end":{"line":463,"column":5}},"168":{"start":{"line":462,"column":6},"end":{"line":462,"column":13}},"169":{"start":{"line":465,"column":29},"end":{"line":465,"column":57}},"170":{"start":{"line":466,"column":20},"end":{"line":466,"column":69}},"171":{"start":{"line":467,"column":4},"end":{"line":471,"column":7}},"172":{"start":{"line":475,"column":4},"end":{"line":475,"column":23}},"173":{"start":{"line":476,"column":19},"end":{"line":476,"column":23}},"174":{"start":{"line":477,"column":20},"end":{"line":477,"column":51}},"175":{"start":{"line":478,"column":4},"end":{"line":481,"column":7}},"176":{"start":{"line":485,"column":4},"end":{"line":485,"column":23}},"177":{"start":{"line":486,"column":19},"end":{"line":486,"column":23}},"178":{"start":{"line":487,"column":20},"end":{"line":487,"column":55}},"179":{"start":{"line":488,"column":4},"end":{"line":491,"column":7}},"180":{"start":{"line":495,"column":4},"end":{"line":495,"column":23}},"181":{"start":{"line":496,"column":19},"end":{"line":496,"column":23}},"182":{"start":{"line":497,"column":20},"end":{"line":497,"column":46}},"183":{"start":{"line":498,"column":4},"end":{"line":501,"column":7}},"184":{"start":{"line":508,"column":4},"end":{"line":508,"column":23}},"185":{"start":{"line":509,"column":29},"end":{"line":509,"column":46}},"186":{"start":{"line":510,"column":20},"end":{"line":510,"column":60}},"187":{"start":{"line":511,"column":4},"end":{"line":515,"column":7}},"188":{"start":{"line":519,"column":4},"end":{"line":519,"column":23}},"189":{"start":{"line":520,"column":29},"end":{"line":520,"column":45}},"190":{"start":{"line":521,"column":20},"end":{"line":521,"column":50}},"191":{"start":{"line":522,"column":4},"end":{"line":526,"column":7}},"192":{"start":{"line":530,"column":4},"end":{"line":530,"column":23}},"193":{"start":{"line":531,"column":29},"end":{"line":531,"column":57}},"194":{"start":{"line":532,"column":20},"end":{"line":532,"column":67}},"195":{"start":{"line":533,"column":4},"end":{"line":537,"column":7}},"196":{"start":{"line":541,"column":4},"end":{"line":541,"column":23}},"197":{"start":{"line":542,"column":29},"end":{"line":542,"column":60}},"198":{"start":{"line":543,"column":20},"end":{"line":543,"column":47}},"199":{"start":{"line":544,"column":4},"end":{"line":548,"column":7}},"200":{"start":{"line":552,"column":4},"end":{"line":552,"column":23}},"201":{"start":{"line":553,"column":4},"end":{"line":555,"column":5}},"202":{"start":{"line":554,"column":6},"end":{"line":554,"column":13}},"203":{"start":{"line":557,"column":19},"end":{"line":557,"column":23}},"204":{"start":{"line":558,"column":20},"end":{"line":558,"column":106}},"205":{"start":{"line":559,"column":19},"end":{"line":559,"column":97}},"206":{"start":{"line":560,"column":4},"end":{"line":564,"column":7}},"207":{"start":{"line":568,"column":4},"end":{"line":568,"column":23}},"208":{"start":{"line":569,"column":4},"end":{"line":571,"column":5}},"209":{"start":{"line":570,"column":6},"end":{"line":570,"column":13}},"210":{"start":{"line":573,"column":19},"end":{"line":573,"column":23}},"211":{"start":{"line":574,"column":20},"end":{"line":574,"column":105}},"212":{"start":{"line":575,"column":19},"end":{"line":575,"column":26}},"213":{"start":{"line":576,"column":4},"end":{"line":580,"column":7}},"214":{"start":{"line":584,"column":4},"end":{"line":584,"column":23}},"215":{"start":{"line":585,"column":29},"end":{"line":585,"column":57}},"216":{"start":{"line":586,"column":20},"end":{"line":586,"column":68}},"217":{"start":{"line":587,"column":4},"end":{"line":591,"column":7}},"218":{"start":{"line":595,"column":4},"end":{"line":595,"column":23}},"219":{"start":{"line":596,"column":29},"end":{"line":596,"column":57}},"220":{"start":{"line":597,"column":20},"end":{"line":597,"column":101}},"221":{"start":{"line":598,"column":4},"end":{"line":602,"column":7}},"222":{"start":{"line":606,"column":0},"end":{"line":606,"column":30}}},"fnMap":{"0":{"name":"(anonymous_0)","decl":{"start":{"line":35,"column":2},"end":{"line":35,"column":3}},"loc":{"start":{"line":35,"column":23},"end":{"line":37,"column":3}},"line":35},"1":{"name":"(anonymous_1)","decl":{"start":{"line":39,"column":2},"end":{"line":39,"column":3}},"loc":{"start":{"line":39,"column":23},"end":{"line":41,"column":3}},"line":39},"2":{"name":"(anonymous_2)","decl":{"start":{"line":40,"column":22},"end":{"line":40,"column":23}},"loc":{"start":{"line":40,"column":27},"end":{"line":40,"column":34}},"line":40},"3":{"name":"(anonymous_3)","decl":{"start":{"line":43,"column":2},"end":{"line":43,"column":3}},"loc":{"start":{"line":43,"column":26},"end":{"line":50,"column":3}},"line":43},"4":{"name":"(anonymous_4)","decl":{"start":{"line":52,"column":2},"end":{"line":52,"column":3}},"loc":{"start":{"line":52,"column":20},"end":{"line":56,"column":3}},"line":52},"5":{"name":"(anonymous_5)","decl":{"start":{"line":58,"column":2},"end":{"line":58,"column":3}},"loc":{"start":{"line":58,"column":23},"end":{"line":70,"column":3}},"line":58},"6":{"name":"(anonymous_6)","decl":{"start":{"line":72,"column":2},"end":{"line":72,"column":3}},"loc":{"start":{"line":72,"column":25},"end":{"line":78,"column":3}},"line":72},"7":{"name":"(anonymous_7)","decl":{"start":{"line":80,"column":2},"end":{"line":80,"column":3}},"loc":{"start":{"line":80,"column":23},"end":{"line":99,"column":3}},"line":80},"8":{"name":"(anonymous_8)","decl":{"start":{"line":83,"column":18},"end":{"line":83,"column":19}},"loc":{"start":{"line":83,"column":26},"end":{"line":92,"column":5}},"line":83},"9":{"name":"(anonymous_9)","decl":{"start":{"line":101,"column":2},"end":{"line":101,"column":3}},"loc":{"start":{"line":101,"column":17},"end":{"line":103,"column":3}},"line":101},"10":{"name":"(anonymous_10)","decl":{"start":{"line":105,"column":2},"end":{"line":105,"column":3}},"loc":{"start":{"line":105,"column":26},"end":{"line":112,"column":3}},"line":105},"11":{"name":"(anonymous_11)","decl":{"start":{"line":114,"column":2},"end":{"line":114,"column":3}},"loc":{"start":{"line":114,"column":21},"end":{"line":124,"column":3}},"line":114},"12":{"name":"(anonymous_12)","decl":{"start":{"line":126,"column":2},"end":{"line":126,"column":3}},"loc":{"start":{"line":126,"column":22},"end":{"line":146,"column":3}},"line":126},"13":{"name":"(anonymous_13)","decl":{"start":{"line":148,"column":2},"end":{"line":148,"column":3}},"loc":{"start":{"line":148,"column":30},"end":{"line":160,"column":3}},"line":148},"14":{"name":"(anonymous_14)","decl":{"start":{"line":162,"column":2},"end":{"line":162,"column":3}},"loc":{"start":{"line":162,"column":28},"end":{"line":196,"column":3}},"line":162},"15":{"name":"(anonymous_15)","decl":{"start":{"line":198,"column":2},"end":{"line":198,"column":3}},"loc":{"start":{"line":198,"column":27},"end":{"line":222,"column":3}},"line":198},"16":{"name":"(anonymous_16)","decl":{"start":{"line":204,"column":38},"end":{"line":204,"column":39}},"loc":{"start":{"line":204,"column":43},"end":{"line":204,"column":59}},"line":204},"17":{"name":"(anonymous_17)","decl":{"start":{"line":224,"column":2},"end":{"line":224,"column":3}},"loc":{"start":{"line":224,"column":17},"end":{"line":230,"column":3}},"line":224},"18":{"name":"(anonymous_18)","decl":{"start":{"line":232,"column":2},"end":{"line":232,"column":3}},"loc":{"start":{"line":232,"column":16},"end":{"line":236,"column":3}},"line":232},"19":{"name":"(anonymous_19)","decl":{"start":{"line":238,"column":2},"end":{"line":238,"column":3}},"loc":{"start":{"line":238,"column":23},"end":{"line":254,"column":3}},"line":238},"20":{"name":"(anonymous_20)","decl":{"start":{"line":240,"column":30},"end":{"line":240,"column":31}},"loc":{"start":{"line":240,"column":39},"end":{"line":253,"column":5}},"line":240},"21":{"name":"(anonymous_21)","decl":{"start":{"line":246,"column":26},"end":{"line":246,"column":27}},"loc":{"start":{"line":246,"column":34},"end":{"line":252,"column":7}},"line":246},"22":{"name":"(anonymous_22)","decl":{"start":{"line":256,"column":2},"end":{"line":256,"column":3}},"loc":{"start":{"line":256,"column":22},"end":{"line":272,"column":3}},"line":256},"23":{"name":"(anonymous_23)","decl":{"start":{"line":258,"column":30},"end":{"line":258,"column":31}},"loc":{"start":{"line":258,"column":38},"end":{"line":271,"column":5}},"line":258},"24":{"name":"(anonymous_24)","decl":{"start":{"line":264,"column":25},"end":{"line":264,"column":26}},"loc":{"start":{"line":264,"column":33},"end":{"line":270,"column":7}},"line":264},"25":{"name":"(anonymous_25)","decl":{"start":{"line":274,"column":2},"end":{"line":274,"column":3}},"loc":{"start":{"line":280,"column":5},"end":{"line":319,"column":3}},"line":280},"26":{"name":"(anonymous_26)","decl":{"start":{"line":321,"column":2},"end":{"line":321,"column":3}},"loc":{"start":{"line":321,"column":28},"end":{"line":330,"column":3}},"line":321},"27":{"name":"(anonymous_27)","decl":{"start":{"line":332,"column":2},"end":{"line":332,"column":3}},"loc":{"start":{"line":332,"column":27},"end":{"line":341,"column":3}},"line":332},"28":{"name":"(anonymous_28)","decl":{"start":{"line":343,"column":2},"end":{"line":343,"column":3}},"loc":{"start":{"line":343,"column":16},"end":{"line":352,"column":3}},"line":343},"29":{"name":"(anonymous_29)","decl":{"start":{"line":354,"column":2},"end":{"line":354,"column":3}},"loc":{"start":{"line":354,"column":21},"end":{"line":362,"column":3}},"line":354},"30":{"name":"(anonymous_30)","decl":{"start":{"line":364,"column":2},"end":{"line":364,"column":3}},"loc":{"start":{"line":364,"column":20},"end":{"line":372,"column":3}},"line":364},"31":{"name":"(anonymous_31)","decl":{"start":{"line":374,"column":2},"end":{"line":374,"column":3}},"loc":{"start":{"line":374,"column":22},"end":{"line":382,"column":3}},"line":374},"32":{"name":"(anonymous_32)","decl":{"start":{"line":384,"column":2},"end":{"line":384,"column":3}},"loc":{"start":{"line":384,"column":20},"end":{"line":397,"column":3}},"line":384},"33":{"name":"(anonymous_33)","decl":{"start":{"line":399,"column":2},"end":{"line":399,"column":3}},"loc":{"start":{"line":399,"column":22},"end":{"line":412,"column":3}},"line":399},"34":{"name":"(anonymous_34)","decl":{"start":{"line":414,"column":2},"end":{"line":414,"column":3}},"loc":{"start":{"line":414,"column":19},"end":{"line":427,"column":3}},"line":414},"35":{"name":"(anonymous_35)","decl":{"start":{"line":429,"column":2},"end":{"line":429,"column":3}},"loc":{"start":{"line":429,"column":18},"end":{"line":442,"column":3}},"line":429},"36":{"name":"(anonymous_36)","decl":{"start":{"line":444,"column":2},"end":{"line":444,"column":3}},"loc":{"start":{"line":444,"column":19},"end":{"line":457,"column":3}},"line":444},"37":{"name":"(anonymous_37)","decl":{"start":{"line":459,"column":2},"end":{"line":459,"column":3}},"loc":{"start":{"line":459,"column":21},"end":{"line":472,"column":3}},"line":459},"38":{"name":"(anonymous_38)","decl":{"start":{"line":474,"column":2},"end":{"line":474,"column":3}},"loc":{"start":{"line":474,"column":18},"end":{"line":482,"column":3}},"line":474},"39":{"name":"(anonymous_39)","decl":{"start":{"line":484,"column":2},"end":{"line":484,"column":3}},"loc":{"start":{"line":484,"column":16},"end":{"line":492,"column":3}},"line":484},"40":{"name":"(anonymous_40)","decl":{"start":{"line":494,"column":2},"end":{"line":494,"column":3}},"loc":{"start":{"line":494,"column":14},"end":{"line":502,"column":3}},"line":494},"41":{"name":"(anonymous_41)","decl":{"start":{"line":504,"column":2},"end":{"line":504,"column":3}},"loc":{"start":{"line":507,"column":5},"end":{"line":516,"column":3}},"line":507},"42":{"name":"(anonymous_42)","decl":{"start":{"line":518,"column":2},"end":{"line":518,"column":3}},"loc":{"start":{"line":518,"column":18},"end":{"line":527,"column":3}},"line":518},"43":{"name":"(anonymous_43)","decl":{"start":{"line":529,"column":2},"end":{"line":529,"column":3}},"loc":{"start":{"line":529,"column":21},"end":{"line":538,"column":3}},"line":529},"44":{"name":"(anonymous_44)","decl":{"start":{"line":540,"column":2},"end":{"line":540,"column":3}},"loc":{"start":{"line":540,"column":26},"end":{"line":549,"column":3}},"line":540},"45":{"name":"(anonymous_45)","decl":{"start":{"line":551,"column":2},"end":{"line":551,"column":3}},"loc":{"start":{"line":551,"column":30},"end":{"line":565,"column":3}},"line":551},"46":{"name":"(anonymous_46)","decl":{"start":{"line":567,"column":2},"end":{"line":567,"column":3}},"loc":{"start":{"line":567,"column":31},"end":{"line":581,"column":3}},"line":567},"47":{"name":"(anonymous_47)","decl":{"start":{"line":583,"column":2},"end":{"line":583,"column":3}},"loc":{"start":{"line":583,"column":22},"end":{"line":592,"column":3}},"line":583},"48":{"name":"(anonymous_48)","decl":{"start":{"line":594,"column":2},"end":{"line":594,"column":3}},"loc":{"start":{"line":594,"column":30},"end":{"line":603,"column":3}},"line":594}},"branchMap":{"0":{"loc":{"start":{"line":49,"column":11},"end":{"line":49,"column":44}},"type":"binary-expr","locations":[{"start":{"line":49,"column":11},"end":{"line":49,"column":29}},{"start":{"line":49,"column":33},"end":{"line":49,"column":44}}],"line":49},"1":{"loc":{"start":{"line":55,"column":11},"end":{"line":55,"column":45}},"type":"cond-expr","locations":[{"start":{"line":55,"column":25},"end":{"line":55,"column":27}},{"start":{"line":55,"column":30},"end":{"line":55,"column":45}}],"line":55},"2":{"loc":{"start":{"line":61,"column":4},"end":{"line":63,"column":5}},"type":"if","locations":[{"start":{"line":61,"column":4},"end":{"line":63,"column":5}},{"start":{"line":61,"column":4},"end":{"line":63,"column":5}}],"line":61},"3":{"loc":{"start":{"line":65,"column":4},"end":{"line":67,"column":5}},"type":"if","locations":[{"start":{"line":65,"column":4},"end":{"line":67,"column":5}},{"start":{"line":65,"column":4},"end":{"line":67,"column":5}}],"line":65},"4":{"loc":{"start":{"line":84,"column":6},"end":{"line":89,"column":7}},"type":"if","locations":[{"start":{"line":84,"column":6},"end":{"line":89,"column":7}},{"start":{"line":84,"column":6},"end":{"line":89,"column":7}}],"line":84},"5":{"loc":{"start":{"line":86,"column":8},"end":{"line":88,"column":9}},"type":"if","locations":[{"start":{"line":86,"column":8},"end":{"line":88,"column":9}},{"start":{"line":86,"column":8},"end":{"line":88,"column":9}}],"line":86},"6":{"loc":{"start":{"line":102,"column":11},"end":{"line":102,"column":44}},"type":"cond-expr","locations":[{"start":{"line":102,"column":28},"end":{"line":102,"column":39}},{"start":{"line":102,"column":42},"end":{"line":102,"column":44}}],"line":102},"7":{"loc":{"start":{"line":106,"column":18},"end":{"line":106,"column":111}},"type":"cond-expr","locations":[{"start":{"line":106,"column":56},"end":{"line":106,"column":94}},{"start":{"line":106,"column":97},"end":{"line":106,"column":111}}],"line":106},"8":{"loc":{"start":{"line":135,"column":4},"end":{"line":139,"column":5}},"type":"if","locations":[{"start":{"line":135,"column":4},"end":{"line":139,"column":5}},{"start":{"line":135,"column":4},"end":{"line":139,"column":5}}],"line":135},"9":{"loc":{"start":{"line":135,"column":8},"end":{"line":135,"column":35}},"type":"binary-expr","locations":[{"start":{"line":135,"column":8},"end":{"line":135,"column":19}},{"start":{"line":135,"column":23},"end":{"line":135,"column":35}}],"line":135},"10":{"loc":{"start":{"line":138,"column":19},"end":{"line":138,"column":63}},"type":"cond-expr","locations":[{"start":{"line":138,"column":32},"end":{"line":138,"column":49}},{"start":{"line":138,"column":52},"end":{"line":138,"column":63}}],"line":138},"11":{"loc":{"start":{"line":141,"column":4},"end":{"line":143,"column":5}},"type":"if","locations":[{"start":{"line":141,"column":4},"end":{"line":143,"column":5}},{"start":{"line":141,"column":4},"end":{"line":143,"column":5}}],"line":141},"12":{"loc":{"start":{"line":141,"column":8},"end":{"line":141,"column":35}},"type":"binary-expr","locations":[{"start":{"line":141,"column":8},"end":{"line":141,"column":19}},{"start":{"line":141,"column":23},"end":{"line":141,"column":35}}],"line":141},"13":{"loc":{"start":{"line":142,"column":19},"end":{"line":142,"column":63}},"type":"cond-expr","locations":[{"start":{"line":142,"column":36},"end":{"line":142,"column":49}},{"start":{"line":142,"column":52},"end":{"line":142,"column":63}}],"line":142},"14":{"loc":{"start":{"line":170,"column":4},"end":{"line":172,"column":5}},"type":"if","locations":[{"start":{"line":170,"column":4},"end":{"line":172,"column":5}},{"start":{"line":170,"column":4},"end":{"line":172,"column":5}}],"line":170},"15":{"loc":{"start":{"line":170,"column":8},"end":{"line":170,"column":40}},"type":"binary-expr","locations":[{"start":{"line":170,"column":8},"end":{"line":170,"column":20}},{"start":{"line":170,"column":24},"end":{"line":170,"column":40}}],"line":170},"16":{"loc":{"start":{"line":179,"column":4},"end":{"line":183,"column":5}},"type":"if","locations":[{"start":{"line":179,"column":4},"end":{"line":183,"column":5}},{"start":{"line":179,"column":4},"end":{"line":183,"column":5}}],"line":179},"17":{"loc":{"start":{"line":182,"column":15},"end":{"line":182,"column":59}},"type":"cond-expr","locations":[{"start":{"line":182,"column":36},"end":{"line":182,"column":40}},{"start":{"line":182,"column":43},"end":{"line":182,"column":59}}],"line":182},"18":{"loc":{"start":{"line":191,"column":4},"end":{"line":193,"column":5}},"type":"if","locations":[{"start":{"line":191,"column":4},"end":{"line":193,"column":5}},{"start":{"line":191,"column":4},"end":{"line":193,"column":5}}],"line":191},"19":{"loc":{"start":{"line":192,"column":13},"end":{"line":192,"column":87}},"type":"cond-expr","locations":[{"start":{"line":192,"column":26},"end":{"line":192,"column":41}},{"start":{"line":192,"column":44},"end":{"line":192,"column":87}}],"line":192},"20":{"loc":{"start":{"line":192,"column":44},"end":{"line":192,"column":87}},"type":"cond-expr","locations":[{"start":{"line":192,"column":57},"end":{"line":192,"column":69}},{"start":{"line":192,"column":72},"end":{"line":192,"column":87}}],"line":192},"21":{"loc":{"start":{"line":217,"column":4},"end":{"line":219,"column":5}},"type":"if","locations":[{"start":{"line":217,"column":4},"end":{"line":219,"column":5}},{"start":{"line":217,"column":4},"end":{"line":219,"column":5}}],"line":217},"22":{"loc":{"start":{"line":218,"column":13},"end":{"line":218,"column":87}},"type":"cond-expr","locations":[{"start":{"line":218,"column":26},"end":{"line":218,"column":41}},{"start":{"line":218,"column":44},"end":{"line":218,"column":87}}],"line":218},"23":{"loc":{"start":{"line":218,"column":44},"end":{"line":218,"column":87}},"type":"cond-expr","locations":[{"start":{"line":218,"column":57},"end":{"line":218,"column":69}},{"start":{"line":218,"column":72},"end":{"line":218,"column":87}}],"line":218},"24":{"loc":{"start":{"line":225,"column":4},"end":{"line":227,"column":5}},"type":"if","locations":[{"start":{"line":225,"column":4},"end":{"line":227,"column":5}},{"start":{"line":225,"column":4},"end":{"line":227,"column":5}}],"line":225},"25":{"loc":{"start":{"line":233,"column":4},"end":{"line":235,"column":5}},"type":"if","locations":[{"start":{"line":233,"column":4},"end":{"line":235,"column":5}},{"start":{"line":233,"column":4},"end":{"line":235,"column":5}}],"line":233},"26":{"loc":{"start":{"line":241,"column":6},"end":{"line":243,"column":7}},"type":"if","locations":[{"start":{"line":241,"column":6},"end":{"line":243,"column":7}},{"start":{"line":241,"column":6},"end":{"line":243,"column":7}}],"line":241},"27":{"loc":{"start":{"line":241,"column":10},"end":{"line":241,"column":89}},"type":"binary-expr","locations":[{"start":{"line":241,"column":10},"end":{"line":241,"column":44}},{"start":{"line":241,"column":48},"end":{"line":241,"column":89}}],"line":241},"28":{"loc":{"start":{"line":247,"column":8},"end":{"line":249,"column":9}},"type":"if","locations":[{"start":{"line":247,"column":8},"end":{"line":249,"column":9}},{"start":{"line":247,"column":8},"end":{"line":249,"column":9}}],"line":247},"29":{"loc":{"start":{"line":247,"column":12},"end":{"line":247,"column":88}},"type":"binary-expr","locations":[{"start":{"line":247,"column":12},"end":{"line":247,"column":24}},{"start":{"line":247,"column":28},"end":{"line":247,"column":43}},{"start":{"line":247,"column":47},"end":{"line":247,"column":88}}],"line":247},"30":{"loc":{"start":{"line":259,"column":6},"end":{"line":261,"column":7}},"type":"if","locations":[{"start":{"line":259,"column":6},"end":{"line":261,"column":7}},{"start":{"line":259,"column":6},"end":{"line":261,"column":7}}],"line":259},"31":{"loc":{"start":{"line":259,"column":10},"end":{"line":259,"column":88}},"type":"binary-expr","locations":[{"start":{"line":259,"column":10},"end":{"line":259,"column":43}},{"start":{"line":259,"column":47},"end":{"line":259,"column":88}}],"line":259},"32":{"loc":{"start":{"line":265,"column":8},"end":{"line":267,"column":9}},"type":"if","locations":[{"start":{"line":265,"column":8},"end":{"line":267,"column":9}},{"start":{"line":265,"column":8},"end":{"line":267,"column":9}}],"line":265},"33":{"loc":{"start":{"line":265,"column":12},"end":{"line":265,"column":88}},"type":"binary-expr","locations":[{"start":{"line":265,"column":12},"end":{"line":265,"column":24}},{"start":{"line":265,"column":28},"end":{"line":265,"column":43}},{"start":{"line":265,"column":47},"end":{"line":265,"column":88}}],"line":265},"34":{"loc":{"start":{"line":281,"column":4},"end":{"line":283,"column":5}},"type":"if","locations":[{"start":{"line":281,"column":4},"end":{"line":283,"column":5}},{"start":{"line":281,"column":4},"end":{"line":283,"column":5}}],"line":281},"35":{"loc":{"start":{"line":285,"column":14},"end":{"line":285,"column":106}},"type":"cond-expr","locations":[{"start":{"line":285,"column":30},"end":{"line":285,"column":50}},{"start":{"line":285,"column":53},"end":{"line":285,"column":106}}],"line":285},"36":{"loc":{"start":{"line":285,"column":53},"end":{"line":285,"column":106}},"type":"cond-expr","locations":[{"start":{"line":285,"column":69},"end":{"line":285,"column":90}},{"start":{"line":285,"column":93},"end":{"line":285,"column":106}}],"line":285},"37":{"loc":{"start":{"line":291,"column":29},"end":{"line":291,"column":59}},"type":"cond-expr","locations":[{"start":{"line":291,"column":43},"end":{"line":291,"column":49}},{"start":{"line":291,"column":52},"end":{"line":291,"column":59}}],"line":291},"38":{"loc":{"start":{"line":294,"column":4},"end":{"line":300,"column":5}},"type":"if","locations":[{"start":{"line":294,"column":4},"end":{"line":300,"column":5}},{"start":{"line":294,"column":4},"end":{"line":300,"column":5}}],"line":294},"39":{"loc":{"start":{"line":294,"column":8},"end":{"line":294,"column":74}},"type":"binary-expr","locations":[{"start":{"line":294,"column":8},"end":{"line":294,"column":22}},{"start":{"line":294,"column":26},"end":{"line":294,"column":42}},{"start":{"line":294,"column":46},"end":{"line":294,"column":59}},{"start":{"line":294,"column":63},"end":{"line":294,"column":74}}],"line":294},"40":{"loc":{"start":{"line":302,"column":4},"end":{"line":308,"column":5}},"type":"if","locations":[{"start":{"line":302,"column":4},"end":{"line":308,"column":5}},{"start":{"line":302,"column":4},"end":{"line":308,"column":5}}],"line":302},"41":{"loc":{"start":{"line":386,"column":4},"end":{"line":388,"column":5}},"type":"if","locations":[{"start":{"line":386,"column":4},"end":{"line":388,"column":5}},{"start":{"line":386,"column":4},"end":{"line":388,"column":5}}],"line":386},"42":{"loc":{"start":{"line":391,"column":31},"end":{"line":391,"column":64}},"type":"cond-expr","locations":[{"start":{"line":391,"column":48},"end":{"line":391,"column":55}},{"start":{"line":391,"column":58},"end":{"line":391,"column":64}}],"line":391},"43":{"loc":{"start":{"line":401,"column":4},"end":{"line":403,"column":5}},"type":"if","locations":[{"start":{"line":401,"column":4},"end":{"line":403,"column":5}},{"start":{"line":401,"column":4},"end":{"line":403,"column":5}}],"line":401},"44":{"loc":{"start":{"line":406,"column":33},"end":{"line":406,"column":66}},"type":"cond-expr","locations":[{"start":{"line":406,"column":50},"end":{"line":406,"column":57}},{"start":{"line":406,"column":60},"end":{"line":406,"column":66}}],"line":406},"45":{"loc":{"start":{"line":416,"column":4},"end":{"line":418,"column":5}},"type":"if","locations":[{"start":{"line":416,"column":4},"end":{"line":418,"column":5}},{"start":{"line":416,"column":4},"end":{"line":418,"column":5}}],"line":416},"46":{"loc":{"start":{"line":421,"column":31},"end":{"line":421,"column":64}},"type":"cond-expr","locations":[{"start":{"line":421,"column":48},"end":{"line":421,"column":55}},{"start":{"line":421,"column":58},"end":{"line":421,"column":64}}],"line":421},"47":{"loc":{"start":{"line":431,"column":4},"end":{"line":433,"column":5}},"type":"if","locations":[{"start":{"line":431,"column":4},"end":{"line":433,"column":5}},{"start":{"line":431,"column":4},"end":{"line":433,"column":5}}],"line":431},"48":{"loc":{"start":{"line":436,"column":30},"end":{"line":436,"column":63}},"type":"cond-expr","locations":[{"start":{"line":436,"column":47},"end":{"line":436,"column":54}},{"start":{"line":436,"column":57},"end":{"line":436,"column":63}}],"line":436},"49":{"loc":{"start":{"line":446,"column":4},"end":{"line":448,"column":5}},"type":"if","locations":[{"start":{"line":446,"column":4},"end":{"line":448,"column":5}},{"start":{"line":446,"column":4},"end":{"line":448,"column":5}}],"line":446},"50":{"loc":{"start":{"line":451,"column":31},"end":{"line":451,"column":64}},"type":"cond-expr","locations":[{"start":{"line":451,"column":48},"end":{"line":451,"column":55}},{"start":{"line":451,"column":58},"end":{"line":451,"column":64}}],"line":451},"51":{"loc":{"start":{"line":461,"column":4},"end":{"line":463,"column":5}},"type":"if","locations":[{"start":{"line":461,"column":4},"end":{"line":463,"column":5}},{"start":{"line":461,"column":4},"end":{"line":463,"column":5}}],"line":461},"52":{"loc":{"start":{"line":466,"column":33},"end":{"line":466,"column":66}},"type":"cond-expr","locations":[{"start":{"line":466,"column":50},"end":{"line":466,"column":57}},{"start":{"line":466,"column":60},"end":{"line":466,"column":66}}],"line":466},"53":{"loc":{"start":{"line":510,"column":31},"end":{"line":510,"column":58}},"type":"cond-expr","locations":[{"start":{"line":510,"column":41},"end":{"line":510,"column":48}},{"start":{"line":510,"column":51},"end":{"line":510,"column":58}}],"line":510},"54":{"loc":{"start":{"line":532,"column":31},"end":{"line":532,"column":64}},"type":"cond-expr","locations":[{"start":{"line":532,"column":48},"end":{"line":532,"column":55}},{"start":{"line":532,"column":58},"end":{"line":532,"column":64}}],"line":532},"55":{"loc":{"start":{"line":553,"column":4},"end":{"line":555,"column":5}},"type":"if","locations":[{"start":{"line":553,"column":4},"end":{"line":555,"column":5}},{"start":{"line":553,"column":4},"end":{"line":555,"column":5}}],"line":553},"56":{"loc":{"start":{"line":558,"column":43},"end":{"line":558,"column":76}},"type":"cond-expr","locations":[{"start":{"line":558,"column":60},"end":{"line":558,"column":67}},{"start":{"line":558,"column":70},"end":{"line":558,"column":76}}],"line":558},"57":{"loc":{"start":{"line":559,"column":19},"end":{"line":559,"column":97}},"type":"cond-expr","locations":[{"start":{"line":559,"column":33},"end":{"line":559,"column":44}},{"start":{"line":559,"column":48},"end":{"line":559,"column":96}}],"line":559},"58":{"loc":{"start":{"line":559,"column":48},"end":{"line":559,"column":96}},"type":"cond-expr","locations":[{"start":{"line":559,"column":62},"end":{"line":559,"column":78}},{"start":{"line":559,"column":81},"end":{"line":559,"column":96}}],"line":559},"59":{"loc":{"start":{"line":569,"column":4},"end":{"line":571,"column":5}},"type":"if","locations":[{"start":{"line":569,"column":4},"end":{"line":571,"column":5}},{"start":{"line":569,"column":4},"end":{"line":571,"column":5}}],"line":569},"60":{"loc":{"start":{"line":574,"column":42},"end":{"line":574,"column":75}},"type":"cond-expr","locations":[{"start":{"line":574,"column":59},"end":{"line":574,"column":66}},{"start":{"line":574,"column":69},"end":{"line":574,"column":75}}],"line":574},"61":{"loc":{"start":{"line":586,"column":32},"end":{"line":586,"column":65}},"type":"cond-expr","locations":[{"start":{"line":586,"column":49},"end":{"line":586,"column":56}},{"start":{"line":586,"column":59},"end":{"line":586,"column":65}}],"line":586},"62":{"loc":{"start":{"line":597,"column":34},"end":{"line":597,"column":98}},"type":"cond-expr","locations":[{"start":{"line":597,"column":51},"end":{"line":597,"column":74}},{"start":{"line":597,"column":77},"end":{"line":597,"column":98}}],"line":597}},"s":{"0":10,"1":10,"2":10,"3":10,"4":10,"5":10,"6":10,"7":10,"8":0,"9":0,"10":0,"11":1,"12":1,"13":3,"14":3,"15":3,"16":0,"17":0,"18":0,"19":0,"20":0,"21":0,"22":0,"23":1,"24":1,"25":2,"26":2,"27":6,"28":4,"29":4,"30":0,"31":6,"32":2,"33":3,"34":1,"35":1,"36":1,"37":3,"38":3,"39":3,"40":3,"41":3,"42":3,"43":3,"44":3,"45":3,"46":0,"47":3,"48":3,"49":0,"50":3,"51":1,"52":1,"53":1,"54":3,"55":3,"56":3,"57":0,"58":3,"59":3,"60":3,"61":3,"62":0,"63":3,"64":3,"65":3,"66":2,"67":1,"68":0,"69":0,"70":0,"71":0,"72":0,"73":0,"74":0,"75":0,"76":0,"77":0,"78":0,"79":32,"80":10,"81":32,"82":39,"83":39,"84":1,"85":1,"86":1,"87":0,"88":1,"89":1,"90":3,"91":0,"92":3,"93":0,"94":0,"95":0,"96":0,"97":0,"98":0,"99":0,"100":0,"101":0,"102":0,"103":0,"104":0,"105":0,"106":0,"107":0,"108":0,"109":0,"110":0,"111":0,"112":0,"113":0,"114":0,"115":0,"116":0,"117":0,"118":0,"119":0,"120":3,"121":3,"122":3,"123":3,"124":0,"125":0,"126":0,"127":0,"128":1,"129":1,"130":1,"131":1,"132":1,"133":1,"134":1,"135":1,"136":3,"137":3,"138":1,"139":2,"140":2,"141":2,"142":3,"143":3,"144":3,"145":0,"146":0,"147":0,"148":3,"149":3,"150":1,"151":2,"152":2,"153":2,"154":3,"155":3,"156":2,"157":1,"158":1,"159":1,"160":2,"161":2,"162":0,"163":2,"164":2,"165":2,"166":2,"167":2,"168":1,"169":1,"170":1,"171":1,"172":0,"173":0,"174":0,"175":0,"176":0,"177":0,"178":0,"179":0,"180":0,"181":0,"182":0,"183":0,"184":6,"185":6,"186":6,"187":6,"188":1,"189":1,"190":1,"191":1,"192":2,"193":2,"194":2,"195":2,"196":3,"197":3,"198":3,"199":3,"200":2,"201":2,"202":1,"203":1,"204":1,"205":1,"206":1,"207":2,"208":2,"209":1,"210":1,"211":1,"212":1,"213":1,"214":1,"215":1,"216":1,"217":1,"218":0,"219":0,"220":0,"221":0,"222":10},"f":{"0":0,"1":0,"2":0,"3":1,"4":3,"5":0,"6":1,"7":2,"8":6,"9":3,"10":1,"11":3,"12":3,"13":1,"14":3,"15":0,"16":0,"17":32,"18":39,"19":1,"20":1,"21":3,"22":0,"23":0,"24":0,"25":0,"26":0,"27":0,"28":3,"29":0,"30":1,"31":1,"32":3,"33":3,"34":3,"35":3,"36":2,"37":2,"38":0,"39":0,"40":0,"41":6,"42":1,"43":2,"44":3,"45":2,"46":2,"47":1,"48":0},"b":{"0":[1,0],"1":[3,0],"2":[0,0],"3":[0,0],"4":[4,2],"5":[0,4],"6":[0,3],"7":[0,1],"8":[0,3],"9":[3,3],"10":[0,3],"11":[0,3],"12":[3,3],"13":[0,0],"14":[0,3],"15":[3,0],"16":[0,3],"17":[3,0],"18":[2,1],"19":[0,2],"20":[0,2],"21":[0,0],"22":[0,0],"23":[0,0],"24":[10,22],"25":[39,0],"26":[0,1],"27":[1,0],"28":[0,3],"29":[3,2,0],"30":[0,0],"31":[0,0],"32":[0,0],"33":[0,0,0],"34":[0,0],"35":[0,0],"36":[0,0],"37":[0,0],"38":[0,0],"39":[0,0,0,0],"40":[0,0],"41":[1,2],"42":[1,1],"43":[3,0],"44":[0,0],"45":[1,2],"46":[0,2],"47":[2,1],"48":[0,1],"49":[0,2],"50":[0,2],"51":[1,1],"52":[0,1],"53":[5,1],"54":[1,1],"55":[1,1],"56":[0,1],"57":[1,0],"58":[0,0],"59":[1,1],"60":[0,1],"61":[0,1],"62":[0,0]},"_coverageSchema":"43e27e138ebf9cfc5966b082cf9a028302ed4184","hash":"d43966eadcb45ecf085805bb2454866fcb73aa89"}
,"/home/tpoe/dev/taskline/src/storage.js": {"path":"/home/tpoe/dev/taskline/src/storage.js","statementMap":{"0":{"start":{"line":6,"column":4},"end":{"line":6,"column":21}},"1":{"start":{"line":7,"column":4},"end":{"line":7,"column":24}},"2":{"start":{"line":21,"column":0},"end":{"line":21,"column":25}}},"fnMap":{"0":{"name":"(anonymous_0)","decl":{"start":{"line":5,"column":2},"end":{"line":5,"column":3}},"loc":{"start":{"line":5,"column":16},"end":{"line":8,"column":3}},"line":5},"1":{"name":"(anonymous_1)","decl":{"start":{"line":10,"column":2},"end":{"line":10,"column":3}},"loc":{"start":{"line":10,"column":16},"end":{"line":10,"column":18}},"line":10},"2":{"name":"(anonymous_2)","decl":{"start":{"line":12,"column":2},"end":{"line":12,"column":3}},"loc":{"start":{"line":12,"column":8},"end":{"line":12,"column":10}},"line":12},"3":{"name":"(anonymous_3)","decl":{"start":{"line":14,"column":2},"end":{"line":14,"column":3}},"loc":{"start":{"line":14,"column":15},"end":{"line":14,"column":17}},"line":14},"4":{"name":"(anonymous_4)","decl":{"start":{"line":16,"column":2},"end":{"line":16,"column":3}},"loc":{"start":{"line":16,"column":8},"end":{"line":16,"column":10}},"line":16},"5":{"name":"(anonymous_5)","decl":{"start":{"line":18,"column":2},"end":{"line":18,"column":3}},"loc":{"start":{"line":18,"column":15},"end":{"line":18,"column":17}},"line":18}},"branchMap":{},"s":{"0":10,"1":10,"2":10},"f":{"0":10,"1":0,"2":0,"3":0,"4":0,"5":0},"b":{},"_coverageSchema":"43e27e138ebf9cfc5966b082cf9a028302ed4184","hash":"10e16fcd7e7f33ab2d781504730d82f95cb42de6"}
,"/home/tpoe/dev/taskline/src/task.js": {"path":"/home/tpoe/dev/taskline/src/task.js","statementMap":{"0":{"start":{"line":2,"column":13},"end":{"line":2,"column":30}},"1":{"start":{"line":6,"column":4},"end":{"line":6,"column":19}},"2":{"start":{"line":7,"column":4},"end":{"line":7,"column":24}},"3":{"start":{"line":8,"column":4},"end":{"line":8,"column":43}},"4":{"start":{"line":9,"column":4},"end":{"line":9,"column":50}},"5":{"start":{"line":10,"column":4},"end":{"line":10,"column":50}},"6":{"start":{"line":11,"column":4},"end":{"line":11,"column":48}},"7":{"start":{"line":12,"column":4},"end":{"line":12,"column":42}},"8":{"start":{"line":16,"column":0},"end":{"line":16,"column":22}}},"fnMap":{"0":{"name":"(anonymous_0)","decl":{"start":{"line":5,"column":2},"end":{"line":5,"column":3}},"loc":{"start":{"line":5,"column":28},"end":{"line":13,"column":3}},"line":5}},"branchMap":{"0":{"loc":{"start":{"line":5,"column":14},"end":{"line":5,"column":26}},"type":"default-arg","locations":[{"start":{"line":5,"column":24},"end":{"line":5,"column":26}}],"line":5},"1":{"loc":{"start":{"line":8,"column":19},"end":{"line":8,"column":42}},"type":"binary-expr","locations":[{"start":{"line":8,"column":19},"end":{"line":8,"column":34}},{"start":{"line":8,"column":38},"end":{"line":8,"column":42}}],"line":8},"2":{"loc":{"start":{"line":9,"column":22},"end":{"line":9,"column":49}},"type":"binary-expr","locations":[{"start":{"line":9,"column":22},"end":{"line":9,"column":40}},{"start":{"line":9,"column":44},"end":{"line":9,"column":49}}],"line":9},"3":{"loc":{"start":{"line":10,"column":22},"end":{"line":10,"column":49}},"type":"binary-expr","locations":[{"start":{"line":10,"column":22},"end":{"line":10,"column":40}},{"start":{"line":10,"column":44},"end":{"line":10,"column":49}}],"line":10},"4":{"loc":{"start":{"line":11,"column":21},"end":{"line":11,"column":47}},"type":"binary-expr","locations":[{"start":{"line":11,"column":21},"end":{"line":11,"column":38}},{"start":{"line":11,"column":42},"end":{"line":11,"column":47}}],"line":11},"5":{"loc":{"start":{"line":12,"column":20},"end":{"line":12,"column":41}},"type":"binary-expr","locations":[{"start":{"line":12,"column":20},"end":{"line":12,"column":36}},{"start":{"line":12,"column":40},"end":{"line":12,"column":41}}],"line":12}},"s":{"0":10,"1":5,"2":5,"3":5,"4":5,"5":5,"6":5,"7":5,"8":10},"f":{"0":5},"b":{"0":[0],"1":[5,3],"2":[5,5],"3":[5,5],"4":[5,5],"5":[5,0]},"_coverageSchema":"43e27e138ebf9cfc5966b082cf9a028302ed4184","hash":"5f668deb76096664749602a5dedbb72490de39ec"}
[...]
":7}},"type":"if","locations":[{"start":{"line":192,"column":6},"end":{"line":194,"column":7}},{"start":{"line":192,"column":6},"end":{"line":194,"column":7}}],"line":192},"21":{"loc":{"start":{"line":192,"column":10},"end":{"line":192,"column":51}},"type":"binary-expr","locations":[{"start":{"line":192,"column":10},"end":{"line":192,"column":27}},{"start":{"line":192,"column":31},"end":{"line":192,"column":51}}],"line":192},"22":{"loc":{"start":{"line":201,"column":6},"end":{"line":203,"column":7}},"type":"if","locations":[{"start":{"line":201,"column":6},"end":{"line":203,"column":7}},{"start":{"line":201,"column":6},"end":{"line":203,"column":7}}],"line":201},"23":{"loc":{"start":{"line":201,"column":10},"end":{"line":201,"column":51}},"type":"binary-expr","locations":[{"start":{"line":201,"column":10},"end":{"line":201,"column":27}},{"start":{"line":201,"column":31},"end":{"line":201,"column":51}}],"line":201},"24":{"loc":{"start":{"line":210,"column":6},"end":{"line":212,"column":7}},"type":"if","locations":[{"start":{"line":210,"column":6},"end":{"line":212,"column":7}},{"start":{"line":210,"column":6},"end":{"line":212,"column":7}}],"line":210},"25":{"loc":{"start":{"line":210,"column":10},"end":{"line":210,"column":50}},"type":"binary-expr","locations":[{"start":{"line":210,"column":10},"end":{"line":210,"column":27}},{"start":{"line":210,"column":31},"end":{"line":210,"column":50}}],"line":210},"26":{"loc":{"start":{"line":219,"column":6},"end":{"line":221,"column":7}},"type":"if","locations":[{"start":{"line":219,"column":6},"end":{"line":221,"column":7}},{"start":{"line":219,"column":6},"end":{"line":221,"column":7}}],"line":219},"27":{"loc":{"start":{"line":227,"column":17},"end":{"line":227,"column":75}},"type":"cond-expr","locations":[{"start":{"line":227,"column":42},"end":{"line":227,"column":43}},{"start":{"line":227,"column":46},"end":{"line":227,"column":75}}],"line":227},"28":{"loc":{"start":{"line":227,"column":46},"end":{"line":227,"column":75}},"type":"cond-expr","locations":[{"start":{"line":227,"column":70},"end":{"line":227,"column":71}},{"start":{"line":227,"column":74},"end":{"line":227,"column":75}}],"line":227},"29":{"loc":{"start":{"line":229,"column":6},"end":{"line":231,"column":7}},"type":"if","locations":[{"start":{"line":229,"column":6},"end":{"line":231,"column":7}},{"start":{"line":229,"column":6},"end":{"line":231,"column":7}}],"line":229},"30":{"loc":{"start":{"line":239,"column":4},"end":{"line":241,"column":5}},"type":"if","locations":[{"start":{"line":239,"column":4},"end":{"line":241,"column":5}},{"start":{"line":239,"column":4},"end":{"line":241,"column":5}}],"line":239},"31":{"loc":{"start":{"line":244,"column":6},"end":{"line":287,"column":7}},"type":"switch","locations":[{"start":{"line":245,"column":8},"end":{"line":245,"column":20}},{"start":{"line":246,"column":8},"end":{"line":248,"column":16}},{"start":{"line":250,"column":8},"end":{"line":250,"column":20}},{"start":{"line":251,"column":8},"end":{"line":251,"column":23}},{"start":{"line":252,"column":8},"end":{"line":254,"column":16}},{"start":{"line":256,"column":8},"end":{"line":256,"column":24}},{"start":{"line":257,"column":8},"end":{"line":257,"column":23}},{"start":{"line":258,"column":8},"end":{"line":260,"column":16}},{"start":{"line":262,"column":8},"end":{"line":262,"column":23}},{"start":{"line":263,"column":8},"end":{"line":263,"column":25}},{"start":{"line":264,"column":8},"end":{"line":266,"column":16}},{"start":{"line":268,"column":8},"end":{"line":268,"column":20}},{"start":{"line":269,"column":8},"end":{"line":269,"column":20}},{"start":{"line":270,"column":8},"end":{"line":272,"column":16}},{"start":{"line":274,"column":8},"end":{"line":274,"column":20}},{"start":{"line":275,"column":8},"end":{"line":277,"column":16}},{"start":{"line":279,"column":8},"end":{"line":279,"column":23}},{"start":{"line":280,"column":8},"end":{"line":280,"column":22}},{"start":{"line":281,"column":8},"end":{"line":283,"column":16}},{"start":{"line":285,"column":8},"end":{"line":286,"column":16}}],"line":244},"32":{"loc":{"start":{"line":294,"column":4},"end":{"line":296,"column":5}},"type":"if","locations":[{"start":{"line":294,"column":4},"end":{"line":296,"column":5}},{"start":{"line":294,"column":4},"end":{"line":296,"column":5}}],"line":294},"33":{"loc":{"start":{"line":298,"column":4},"end":{"line":300,"column":5}},"type":"if","locations":[{"start":{"line":298,"column":4},"end":{"line":300,"column":5}},{"start":{"line":298,"column":4},"end":{"line":300,"column":5}}],"line":298},"34":{"loc":{"start":{"line":304,"column":4},"end":{"line":306,"column":5}},"type":"if","locations":[{"start":{"line":304,"column":4},"end":{"line":306,"column":5}},{"start":{"line":304,"column":4},"end":{"line":306,"column":5}}],"line":304},"35":{"loc":{"start":{"line":310,"column":8},"end":{"line":317,"column":9}},"type":"if","locations":[{"start":{"line":310,"column":8},"end":{"line":317,"column":9}},{"start":{"line":310,"column":8},"end":{"line":317,"column":9}}],"line":310},"36":{"loc":{"start":{"line":311,"column":10},"end":{"line":313,"column":11}},"type":"if","locations":[{"start":{"line":311,"column":10},"end":{"line":313,"column":11}},{"start":{"line":311,"column":10},"end":{"line":313,"column":11}}],"line":311},"37":{"loc":{"start":{"line":325,"column":4},"end":{"line":327,"column":5}},"type":"if","locations":[{"start":{"line":325,"column":4},"end":{"line":327,"column":5}},{"start":{"line":325,"column":4},"end":{"line":327,"column":5}}],"line":325},"38":{"loc":{"start":{"line":329,"column":4},"end":{"line":331,"column":5}},"type":"if","locations":[{"start":{"line":329,"column":4},"end":{"line":331,"column":5}},{"start":{"line":329,"column":4},"end":{"line":331,"column":5}}],"line":329},"39":{"loc":{"start":{"line":337,"column":8},"end":{"line":344,"column":9}},"type":"if","locations":[{"start":{"line":337,"column":8},"end":{"line":344,"column":9}},{"start":{"line":337,"column":8},"end":{"line":344,"column":9}}],"line":337},"40":{"loc":{"start":{"line":338,"column":10},"end":{"line":340,"column":11}},"type":"if","locations":[{"start":{"line":338,"column":10},"end":{"line":340,"column":11}},{"start":{"line":338,"column":10},"end":{"line":340,"column":11}}],"line":338},"41":{"loc":{"start":{"line":380,"column":4},"end":{"line":383,"column":5}},"type":"if","locations":[{"start":{"line":380,"column":4},"end":{"line":383,"column":5}},{"start":{"line":380,"column":4},"end":{"line":383,"column":5}}],"line":380},"42":{"loc":{"start":{"line":388,"column":32},"end":{"line":388,"column":51}},"type":"default-arg","locations":[{"start":{"line":388,"column":41},"end":{"line":388,"column":51}}],"line":388},"43":{"loc":{"start":{"line":435,"column":6},"end":{"line":439,"column":7}},"type":"if","locations":[{"start":{"line":435,"column":6},"end":{"line":439,"column":7}},{"start":{"line":435,"column":6},"end":{"line":439,"column":7}}],"line":435},"44":{"loc":{"start":{"line":438,"column":15},"end":{"line":438,"column":74}},"type":"cond-expr","locations":[{"start":{"line":438,"column":37},"end":{"line":438,"column":53}},{"start":{"line":438,"column":56},"end":{"line":438,"column":74}}],"line":438},"45":{"loc":{"start":{"line":459,"column":6},"end":{"line":463,"column":7}},"type":"if","locations":[{"start":{"line":459,"column":6},"end":{"line":463,"column":7}},{"start":{"line":459,"column":6},"end":{"line":463,"column":7}}],"line":459},"46":{"loc":{"start":{"line":462,"column":15},"end":{"line":462,"column":71}},"type":"cond-expr","locations":[{"start":{"line":462,"column":37},"end":{"line":462,"column":53}},{"start":{"line":462,"column":56},"end":{"line":462,"column":71}}],"line":462},"47":{"loc":{"start":{"line":473,"column":4},"end":{"line":473,"column":23}},"type":"default-arg","locations":[{"start":{"line":473,"column":13},"end":{"line":473,"column":23}}],"line":473},"48":{"loc":{"start":{"line":474,"column":4},"end":{"line":474,"column":16}},"type":"default-arg","locations":[{"start":{"line":474,"column":15},"end":{"line":474,"column":16}}],"line":474},"49":{"loc":{"start":{"line":475,"column":4},"end":{"line":475,"column":18}},"type":"default-arg","locations":[{"start":{"line":475,"column":14},"end":{"line":475,"column":18}}],"line":475},"50":{"loc":{"start":{"line":486,"column":4},"end":{"line":490,"column":5}},"type":"if","locations":[{"start":{"line":486,"column":4},"end":{"line":490,"column":5}},{"start":{"line":486,"column":4},"end":{"line":490,"column":5}}],"line":486},"51":{"loc":{"start":{"line":573,"column":6},"end":{"line":575,"column":7}},"type":"if","locations":[{"start":{"line":573,"column":6},"end":{"line":575,"column":7}},{"start":{"line":573,"column":6},"end":{"line":575,"column":7}}],"line":573},"52":{"loc":{"start":{"line":591,"column":6},"end":{"line":593,"column":7}},"type":"if","locations":[{"start":{"line":591,"column":6},"end":{"line":593,"column":7}},{"start":{"line":591,"column":6},"end":{"line":593,"column":7}}],"line":591},"53":{"loc":{"start":{"line":592,"column":15},"end":{"line":592,"column":77}},"type":"cond-expr","locations":[{"start":{"line":592,"column":33},"end":{"line":592,"column":56}},{"start":{"line":592,"column":59},"end":{"line":592,"column":77}}],"line":592},"54":{"loc":{"start":{"line":617,"column":4},"end":{"line":620,"column":5}},"type":"if","locations":[{"start":{"line":617,"column":4},"end":{"line":620,"column":5}},{"start":{"line":617,"column":4},"end":{"line":620,"column":5}}],"line":617},"55":{"loc":{"start":{"line":667,"column":13},"end":{"line":667,"column":71}},"type":"cond-expr","locations":[{"start":{"line":667,"column":34},"end":{"line":667,"column":50}},{"start":{"line":667,"column":53},"end":{"line":667,"column":71}}],"line":667},"56":{"loc":{"start":{"line":677,"column":16},"end":{"line":677,"column":72}},"type":"cond-expr","locations":[{"start":{"line":677,"column":57},"end":{"line":677,"column":65}},{"start":{"line":677,"column":68},"end":{"line":677,"column":72}}],"line":677},"57":{"loc":{"start":{"line":680,"column":4},"end":{"line":683,"column":5}},"type":"if","locations":[{"start":{"line":680,"column":4},"end":{"line":683,"column":5}},{"start":{"line":680,"column":4},"end":{"line":683,"column":5}}],"line":680},"58":{"loc":{"start":{"line":694,"column":6},"end":{"line":697,"column":7}},"type":"if","locations":[{"start":{"line":694,"column":6},"end":{"line":697,"column":7}},{"start":{"line":694,"column":6},"end":{"line":697,"column":7}}],"line":694},"59":{"loc":{"start":{"line":728,"column":6},"end":{"line":731,"column":7}},"type":"if","locations":[{"start":{"line":728,"column":6},"end":{"line":731,"column":7}},{"start":{"line":728,"column":6},"end":{"line":731,"column":7}}],"line":728},"60":{"loc":{"start":{"line":745,"column":6},"end":{"line":747,"column":7}},"type":"if","locations":[{"start":{"line":745,"column":6},"end":{"line":747,"column":7}},{"start":{"line":745,"column":6},"end":{"line":747,"column":7}}],"line":745},"61":{"loc":{"start":{"line":750,"column":4},"end":{"line":753,"column":5}},"type":"if","locations":[{"start":{"line":750,"column":4},"end":{"line":753,"column":5}},{"start":{"line":750,"column":4},"end":{"line":753,"column":5}}],"line":750}},"s":{"0":10,"1":10,"2":10,"3":10,"4":10,"5":10,"6":10,"7":10,"8":10,"9":0,"10":10,"11":10,"12":59,"13":4,"14":26,"15":25,"16":3,"17":26,"18":11,"19":6,"20":11,"21":19,"22":11,"23":11,"24":23,"25":22,"26":23,"27":0,"28":0,"29":23,"30":23,"31":23,"32":29,"33":3,"34":3,"35":3,"36":20,"37":0,"38":1,"39":1,"40":1,"41":3,"42":3,"43":1,"44":0,"45":0,"46":0,"47":0,"48":0,"49":0,"50":0,"51":23,"52":22,"53":23,"54":63,"55":0,"56":0,"57":0,"58":5,"59":5,"60":5,"61":5,"62":5,"63":15,"64":5,"65":0,"66":0,"67":0,"68":0,"69":0,"70":0,"71":0,"72":0,"73":0,"74":0,"75":0,"76":0,"77":0,"78":0,"79":0,"80":0,"81":0,"82":0,"83":0,"84":0,"85":0,"86":0,"87":0,"88":0,"89":0,"90":0,"91":0,"92":0,"93":0,"94":0,"95":0,"96":0,"97":0,"98":0,"99":0,"100":0,"101":0,"102":0,"103":0,"104":0,"105":0,"106":0,"107":0,"108":0,"109":0,"110":0,"111":0,"112":0,"113":0,"114":0,"115":0,"116":0,"117":0,"118":0,"119":0,"120":0,"121":0,"122":0,"123":0,"124":0,"125":0,"126":0,"127":1,"128":1,"129":1,"130":1,"131":1,"132":1,"133":0,"134":1,"135":3,"136":3,"137":3,"138":2,"139":1,"140":1,"141":1,"142":0,"143":0,"144":0,"145":0,"146":0,"147":0,"148":0,"149":0,"150":0,"151":0,"152":0,"153":0,"154":0,"155":2,"156":2,"157":2,"158":4,"159":4,"160":4,"161":4,"162":2,"163":1,"164":1,"165":1,"166":1,"167":1,"168":1,"169":1,"170":1,"171":30,"172":29,"173":29,"174":1,"175":1,"176":1,"177":1,"178":1,"179":1,"180":1,"181":1,"182":1,"183":0,"184":0,"185":0,"186":0,"187":0,"188":0,"189":0,"190":0,"191":0,"192":0,"193":3,"194":3,"195":3,"196":3,"197":0,"198":3,"199":3,"200":4,"201":3,"202":3,"203":3,"204":3,"205":3,"206":3,"207":3,"208":3,"209":3,"210":3,"211":0,"212":3,"213":3,"214":4,"215":3,"216":3,"217":3,"218":3,"219":3,"220":3,"221":5,"222":5,"223":5,"224":5,"225":5,"226":5,"227":5,"228":2,"229":2,"230":2,"231":5,"232":5,"233":5,"234":5,"235":2,"236":2,"237":2,"238":2,"239":0,"240":2,"241":2,"242":4,"243":2,"244":2,"245":0,"246":0,"247":0,"248":0,"249":0,"250":1,"251":1,"252":1,"253":1,"254":0,"255":0,"256":0,"257":0,"258":0,"259":0,"260":2,"261":2,"262":1,"263":1,"264":1,"265":1,"266":1,"267":0,"268":0,"269":0,"270":0,"271":0,"272":0,"273":0,"274":0,"275":0,"276":0,"277":0,"278":0,"279":0,"280":0,"281":0,"282":0,"283":0,"284":0,"285":0,"286":0,"287":0,"288":0,"289":0,"290":0,"291":3,"292":3,"293":3,"294":3,"295":0,"296":3,"297":0,"298":0,"299":3,"300":3,"301":3,"302":4,"303":3,"304":3,"305":1,"306":1,"307":1,"308":1,"309":1,"310":0,"311":1,"312":1,"313":1,"314":1,"315":1,"316":2,"317":2,"318":2,"319":0,"320":2,"321":2,"322":2,"323":3,"324":3,"325":2,"326":2,"327":2,"328":4,"329":4,"330":4,"331":4,"332":1,"333":1,"334":3,"335":3,"336":1,"337":2,"338":2,"339":2,"340":2,"341":1,"342":1,"343":2,"344":2,"345":4,"346":4,"347":4,"348":4,"349":1,"350":3,"351":3,"352":3,"353":2,"354":2,"355":1,"356":1,"357":2,"358":2,"359":2,"360":1,"361":1,"362":2,"363":2,"364":1,"365":1,"366":1,"367":1,"368":4,"369":3,"370":1,"371":0,"372":0,"373":1,"374":10},"f":{"0":10,"1":59,"2":4,"3":26,"4":25,"5":3,"6":26,"7":11,"8":19,"9":23,"10":29,"11":0,"12":1,"13":3,"14":3,"15":0,"16":0,"17":23,"18":63,"19":0,"20":0,"21":5,"22":15,"23":0,"24":0,"25":0,"26":0,"27":0,"28":0,"29":0,"30":0,"31":0,"32":0,"33":0,"34":0,"35":0,"36":0,"37":0,"38":0,"39":0,"40":0,"41":0,"42":0,"43":1,"44":3,"45":3,"46":0,"47":0,"48":0,"49":2,"50":1,"51":30,"52":1,"53":0,"54":0,"55":0,"56":3,"57":0,"58":4,"59":3,"60":0,"61":4,"62":5,"63":2,"64":0,"65":4,"66":0,"67":1,"68":0,"69":0,"70":2,"71":1,"72":0,"73":0,"74":0,"75":0,"76":0,"77":3,"78":0,"79":4,"80":1,"81":0,"82":1,"83":2,"84":0,"85":3,"86":4,"87":1,"88":2,"89":4,"90":1,"91":2,"92":1,"93":4},"b":{"0":[0,10],"1":[10,0],"2":[24,2],"3":[6,5],"4":[3,8],"5":[22,1],"6":[0,23],"7":[3,26],"8":[0,0],"9":[0,0],"10":[22,1],"11":[0,0],"12":[5,0],"13":[0,0],"14":[0,0],"15":[0,0],"16":[0,0],"17":[0,0],"18":[0,0],"19":[0,0],"20":[0,0],"21":[0,0],"22":[0,0],"23":[0,0],"24":[0,0],"25":[0,0],"26":[0,0],"27":[0,0],"28":[0,0],"29":[0,0],"30":[0,0],"31":[0,0,0,0,0,0,0,0,0,0,0,0,0,0,0,0,0,0,0,0],"32":[1,0],"33":[1,0],"34":[0,1],"35":[3,0],"36":[2,1],"37":[0,0],"38":[0,0],"39":[0,0],"40":[0,0],"41":[29,1],"42":[1],"43":[3,1],"44":[3,0],"45":[3,1],"46":[2,1],"47":[3],"48":[3],"49":[3],"50":[2,3],"51":[0,0],"52":[0,0],"53":[0,0],"54":[0,3],"55":[2,1],"56":[3,1],"57":[1,3],"58":[1,1],"59":[1,1],"60":[3,1],"61":[0,1]},"_coverageSchema":"43e27e138ebf9cfc5966b082cf9a028302ed4184","hash":"f44fec63a5cb86cf25c1740b70399d7161043acf"}
,"/home/tpoe/dev/taskline/test/helper.js": {"path":"/home/tpoe/dev/taskline/test/helper.js","statementMap":{"0":{"start":{"line":1,"column":11},"end":{"line":1,"column":24}},"1":{"start":{"line":2,"column":13},"end":{"line":2,"column":28}},"2":{"start":{"line":4,"column":15},"end":{"line":4,"column":39}},"3":{"start":{"line":5,"column":21},"end":{"line":5,"column":44}},"4":{"start":{"line":6,"column":25},"end":{"line":6,"column":52}},"5":{"start":{"line":8,"column":20},"end":{"line":8,"column":60}},"6":{"start":{"line":9,"column":26},"end":{"line":9,"column":73}},"7":{"start":{"line":13,"column":4},"end":{"line":13,"column":40}},"8":{"start":{"line":15,"column":4},"end":{"line":21,"column":5}},"9":{"start":{"line":16,"column":6},"end":{"line":16,"column":53}},"10":{"start":{"line":17,"column":11},"end":{"line":21,"column":5}},"11":{"start":{"line":18,"column":6},"end":{"line":18,"column":59}},"12":{"start":{"line":20,"column":6},"end":{"line":20,"column":55}},"13":{"start":{"line":23,"column":27},"end":{"line":23,"column":46}},"14":{"start":{"line":24,"column":4},"end":{"line":24,"column":31}},"15":{"start":{"line":28,"column":4},"end":{"line":28,"column":37}},"16":{"start":{"line":32,"column":4},"end":{"line":41,"column":5}},"17":{"start":{"line":35,"column":10},"end":{"line":35,"column":22}},"18":{"start":{"line":36,"column":6},"end":{"line":40,"column":7}},"19":{"start":{"line":37,"column":8},"end":{"line":37,"column":55}},"20":{"start":{"line":38,"column":13},"end":{"line":40,"column":7}},"21":{"start":{"line":39,"column":8},"end":{"line":39,"column":51}},"22":{"start":{"line":43,"column":4},"end":{"line":43,"column":25}},"23":{"start":{"line":47,"column":4},"end":{"line":49,"column":7}},"24":{"start":{"line":48,"column":6},"end":{"line":48,"column":42}},"25":{"start":{"line":53,"column":0},"end":{"line":53,"column":30}}},"fnMap":{"0":{"name":"(anonymous_0)","decl":{"start":{"line":12,"column":2},"end":{"line":12,"column":3}},"loc":{"start":{"line":12,"column":14},"end":{"line":25,"column":3}},"line":12},"1":{"name":"(anonymous_1)","decl":{"start":{"line":27,"column":2},"end":{"line":27,"column":3}},"loc":{"start":{"line":27,"column":16},"end":{"line":29,"column":3}},"line":27},"2":{"name":"(anonymous_2)","decl":{"start":{"line":31,"column":2},"end":{"line":31,"column":3}},"loc":{"start":{"line":31,"column":15},"end":{"line":44,"column":3}},"line":31},"3":{"name":"(anonymous_3)","decl":{"start":{"line":46,"column":2},"end":{"line":46,"column":3}},"loc":{"start":{"line":46,"column":17},"end":{"line":50,"column":3}},"line":46},"4":{"name":"(anonymous_4)","decl":{"start":{"line":47,"column":38},"end":{"line":47,"column":39}},"loc":{"start":{"line":47,"column":44},"end":{"line":49,"column":5}},"line":47}},"branchMap":{"0":{"loc":{"start":{"line":15,"column":4},"end":{"line":21,"column":5}},"type":"if","locations":[{"start":{"line":15,"column":4},"end":{"line":21,"column":5}},{"start":{"line":15,"column":4},"end":{"line":21,"column":5}}],"line":15},"1":{"loc":{"start":{"line":17,"column":11},"end":{"line":21,"column":5}},"type":"if","locations":[{"start":{"line":17,"column":11},"end":{"line":21,"column":5}},{"start":{"line":17,"column":11},"end":{"line":21,"column":5}}],"line":17},"2":{"loc":{"start":{"line":32,"column":4},"end":{"line":41,"column":5}},"type":"if","locations":[{"start":{"line":32,"column":4},"end":{"line":41,"column":5}},{"start":{"line":32,"column":4},"end":{"line":41,"column":5}}],"line":32},"3":{"loc":{"start":{"line":36,"column":6},"end":{"line":40,"column":7}},"type":"if","locations":[{"start":{"line":36,"column":6},"end":{"line":40,"column":7}},{"start":{"line":36,"column":6},"end":{"line":40,"column":7}}],"line":36},"4":{"loc":{"start":{"line":38,"column":13},"end":{"line":40,"column":7}},"type":"if","locations":[{"start":{"line":38,"column":13},"end":{"line":40,"column":7}},{"start":{"line":38,"column":13},"end":{"line":40,"column":7}}],"line":38}},"s":{"0":10,"1":10,"2":10,"3":10,"4":10,"5":10,"6":10,"7":10,"8":10,"9":0,"10":10,"11":10,"12":0,"13":10,"14":10,"15":10,"16":10,"17":10,"18":10,"19":0,"20":10,"21":10,"22":10,"23":10,"24":10,"25":10},"f":{"0":10,"1":10,"2":10,"3":10,"4":10},"b":{"0":[0,10],"1":[10,0],"2":[10,0],"3":[0,10],"4":[10,0]},"_coverageSchema":"43e27e138ebf9cfc5966b082cf9a028302ed4184","hash":"94ee2e7ac36bb9d19fa357de19662566eea1f883"}
}
