TN:
SF:/home/tpoe/dev/taskline/src/config.js
FN:11,(anonymous_0)
FN:17,(anonymous_1)
FN:26,(anonymous_2)
FN:30,(anonymous_3)
FN:45,(anonymous_4)
FNF:5
FNH:5
FNDA:10,(anonymous_0)
FNDA:10,(anonymous_1)
FNDA:70,(anonymous_2)
FNDA:79,(anonymous_3)
FNDA:20,(anonymous_4)
DA:2,10
DA:3,10
DA:4,10
DA:5,10
DA:7,10
DA:8,10
DA:12,10
DA:14,10
DA:18,10
DA:19,10
DA:22,0
DA:23,0
DA:27,70
DA:31,79
DA:33,79
DA:34,79
DA:36,79
DA:37,70
DA:42,79
DA:46,20
DA:47,20
DA:51,10
LF:22
LH:20
BRDA:18,0,0,10
BRDA:18,0,1,0
BRDA:36,1,0,70
BRDA:36,1,1,9
BRF:4
BRH:3
end_of_record
TN:
SF:/home/tpoe/dev/taskline/src/firestore.js
FN:11,(anonymous_0)
FN:20,(anonymous_1)
FN:34,(anonymous_2)
FN:49,(anonymous_3)
FN:53,(anonymous_4)
FN:54,(anonymous_5)
FN:55,(anonymous_6)
FN:65,(anonymous_7)
FN:68,(anonymous_8)
FN:75,(anonymous_9)
FN:78,(anonymous_10)
FN:82,(anonymous_11)
FN:83,(anonymous_12)
FN:91,(anonymous_13)
FN:97,(anonymous_14)
FN:101,(anonymous_15)
FN:106,(anonymous_16)
FN:107,(anonymous_17)
FN:111,(anonymous_18)
FN:115,(anonymous_19)
FN:121,(anonymous_20)
FN:125,(anonymous_21)
FN:128,(anonymous_22)
FN:134,(anonymous_23)
FN:138,(anonymous_24)
FN:141,(anonymous_25)
FN:147,(anonymous_26)
FN:149,(anonymous_27)
FN:158,(anonymous_28)
FN:160,(anonymous_29)
FNF:30
FNH:0
FNDA:0,(anonymous_0)
FNDA:0,(anonymous_1)
FNDA:0,(anonymous_2)
FNDA:0,(anonymous_3)
FNDA:0,(anonymous_4)
FNDA:0,(anonymous_5)
FNDA:0,(anonymous_6)
FNDA:0,(anonymous_7)
FNDA:0,(anonymous_8)
FNDA:0,(anonymous_9)
FNDA:0,(anonymous_10)
FNDA:0,(anonymous_11)
FNDA:0,(anonymous_12)
FNDA:0,(anonymous_13)
FNDA:0,(anonymous_14)
FNDA:0,(anonymous_15)
FNDA:0,(anonymous_16)
FNDA:0,(anonymous_17)
FNDA:0,(anonymous_18)
FNDA:0,(anonymous_19)
FNDA:0,(anonymous_20)
FNDA:0,(anonymous_21)
FNDA:0,(anonymous_22)
FNDA:0,(anonymous_23)
FNDA:0,(anonymous_24)
FNDA:0,(anonymous_25)
FNDA:0,(anonymous_26)
FNDA:0,(anonymous_27)
FNDA:0,(anonymous_28)
FNDA:0,(anonymous_29)
DA:5,10
DA:6,10
DA:7,10
DA:8,10
DA:12,0
DA:13,0
DA:14,0
DA:17,0
DA:21,0
DA:23,0
DA:24,0
DA:26,0
DA:31,0
DA:35,0
DA:37,0
DA:38,0
DA:39,0
DA:42,0
DA:43,0
DA:46,0
DA:50,0
DA:51,0
DA:53,0
DA:54,0
DA:55,0
DA:57,0
DA:60,0
DA:63,0
DA:66,0
DA:69,0
DA:76,0
DA:78,0
DA:79,0
DA:83,0
DA:84,0
DA:85,0
DA:86,0
DA:89,0
DA:92,0
DA:99,0
DA:101,0
DA:102,0
DA:107,0
DA:108,0
DA:111,0
DA:112,0
DA:116,0
DA:122,0
DA:124,0
DA:126,0
DA:129,0
DA:130,0
DA:135,0
DA:137,0
DA:139,0
DA:142,0
DA:143,0
DA:148,0
DA:149,0
DA:150,0
DA:151,0
DA:155,0
DA:159,0
DA:160,0
DA:161,0
DA:162,0
DA:166,0
DA:170,10
LF:68
LH:5
BRDA:12,0,0,0
BRDA:12,0,1,0
BRDA:38,1,0,0
BRDA:38,1,1,0
BRDA:148,2,0,0
BRDA:148,2,1,0
BRDA:159,3,0,0
BRDA:159,3,1,0
BRF:8
BRH:0
end_of_record
TN:
SF:/home/tpoe/dev/taskline/src/item.js
FN:6,(anonymous_0)
FNF:1
FNH:1
FNDA:6,(anonymous_0)
DA:3,10
DA:7,6
DA:8,6
DA:9,6
DA:10,6
DA:11,6
DA:12,6
DA:16,10
LF:8
LH:8
BRDA:6,0,0,0
BRDA:11,1,0,6
BRDA:11,1,1,6
BRDA:12,2,0,6
BRDA:12,2,1,0
BRF:5
BRH:3
end_of_record
TN:
SF:/home/tpoe/dev/taskline/src/local.js
FN:18,(anonymous_0)
FN:27,(anonymous_1)
FN:37,(anonymous_2)
FN:55,(anonymous_3)
FN:61,(anonymous_4)
FN:67,(anonymous_5)
FN:73,(anonymous_6)
FN:79,(anonymous_7)
FN:82,(anonymous_8)
FN:85,(anonymous_9)
FN:89,(anonymous_10)
FN:97,(anonymous_11)
FN:104,(anonymous_12)
FN:112,(anonymous_13)
FN:115,(anonymous_14)
FN:126,(anonymous_15)
FN:129,(anonymous_16)
FN:139,(anonymous_17)
FN:142,(anonymous_18)
FN:157,(anonymous_19)
FN:160,(anonymous_20)
FNF:21
FNH:19
FNDA:20,(anonymous_0)
FNDA:10,(anonymous_1)
FNDA:40,(anonymous_2)
FNDA:10,(anonymous_3)
FNDA:10,(anonymous_4)
FNDA:10,(anonymous_5)
FNDA:10,(anonymous_6)
FNDA:10,(anonymous_7)
FNDA:0,(anonymous_8)
FNDA:0,(anonymous_9)
FNDA:10,(anonymous_10)
FNDA:57,(anonymous_11)
FNDA:57,(anonymous_12)
FNDA:85,(anonymous_13)
FNDA:85,(anonymous_14)
FNDA:6,(anonymous_15)
FNDA:6,(anonymous_16)
FNDA:44,(anonymous_17)
FNDA:44,(anonymous_18)
FNDA:13,(anonymous_19)
FNDA:13,(anonymous_20)
DA:4,10
DA:5,10
DA:6,10
DA:7,10
DA:8,10
DA:9,10
DA:10,10
DA:15,10
DA:19,20
DA:20,10
DA:21,10
DA:24,20
DA:28,10
DA:29,10
DA:30,10
DA:31,10
DA:32,10
DA:34,10
DA:40,40
DA:41,40
DA:43,40
DA:44,0
DA:47,40
DA:48,0
DA:49,0
DA:52,40
DA:56,10
DA:57,0
DA:62,10
DA:63,0
DA:68,10
DA:69,0
DA:74,10
DA:75,0
DA:80,10
DA:82,0
DA:84,10
DA:85,0
DA:90,10
DA:91,10
DA:92,10
DA:93,10
DA:94,10
DA:98,57
DA:105,57
DA:106,57
DA:109,57
DA:113,85
DA:115,85
DA:116,85
DA:117,85
DA:118,85
DA:119,85
DA:122,85
DA:127,6
DA:129,6
DA:130,6
DA:131,6
DA:132,6
DA:135,6
DA:140,44
DA:142,44
DA:143,44
DA:144,44
DA:145,44
DA:147,44
DA:148,44
DA:150,44
DA:152,0
DA:158,13
DA:160,13
DA:161,13
DA:162,13
DA:163,13
DA:165,13
DA:166,13
DA:168,13
DA:170,0
DA:176,10
LF:79
LH:68
BRDA:19,0,0,10
BRDA:19,0,1,10
BRDA:43,1,0,0
BRDA:43,1,1,40
BRDA:47,2,0,0
BRDA:47,2,1,40
BRDA:56,3,0,0
BRDA:56,3,1,10
BRDA:62,4,0,0
BRDA:62,4,1,10
BRDA:68,5,0,0
BRDA:68,5,1,10
BRDA:74,6,0,0
BRDA:74,6,1,10
BRDA:84,7,0,0
BRDA:84,7,1,10
BRDA:97,8,0,57
BRDA:117,9,0,85
BRDA:117,9,1,0
BRDA:130,10,0,6
BRDA:130,10,1,0
BRF:21
BRH:12
end_of_record
TN:
SF:/home/tpoe/dev/taskline/src/note.js
FN:5,(anonymous_0)
FNF:1
FNH:1
FNDA:1,(anonymous_0)
DA:2,10
DA:6,1
DA:7,1
DA:11,10
LF:4
LH:4
BRDA:5,0,0,0
BRF:1
BRH:0
end_of_record
TN:
SF:/home/tpoe/dev/taskline/src/render.js
FN:35,(anonymous_0)
FN:39,(anonymous_1)
FN:40,(anonymous_2)
FN:43,(anonymous_3)
FN:52,(anonymous_4)
FN:58,(anonymous_5)
FN:72,(anonymous_6)
FN:80,(anonymous_7)
FN:83,(anonymous_8)
FN:101,(anonymous_9)
FN:105,(anonymous_10)
FN:114,(anonymous_11)
FN:126,(anonymous_12)
FN:148,(anonymous_13)
FN:162,(anonymous_14)
FN:198,(anonymous_15)
FN:204,(anonymous_16)
FN:224,(anonymous_17)
FN:232,(anonymous_18)
FN:238,(anonymous_19)
FN:240,(anonymous_20)
FN:246,(anonymous_21)
FN:256,(anonymous_22)
FN:258,(anonymous_23)
FN:264,(anonymous_24)
FN:274,(anonymous_25)
FN:321,(anonymous_26)
FN:332,(anonymous_27)
FN:343,(anonymous_28)
FN:354,(anonymous_29)
FN:364,(anonymous_30)
FN:374,(anonymous_31)
FN:384,(anonymous_32)
FN:399,(anonymous_33)
FN:414,(anonymous_34)
FN:429,(anonymous_35)
FN:444,(anonymous_36)
FN:459,(anonymous_37)
FN:474,(anonymous_38)
FN:484,(anonymous_39)
FN:494,(anonymous_40)
FN:504,(anonymous_41)
FN:518,(anonymous_42)
FN:529,(anonymous_43)
FN:540,(anonymous_44)
FN:551,(anonymous_45)
FN:567,(anonymous_46)
FN:583,(anonymous_47)
FN:594,(anonymous_48)
FNF:49
FNH:32
FNDA:0,(anonymous_0)
FNDA:0,(anonymous_1)
FNDA:0,(anonymous_2)
FNDA:1,(anonymous_3)
FNDA:3,(anonymous_4)
FNDA:0,(anonymous_5)
FNDA:1,(anonymous_6)
FNDA:2,(anonymous_7)
FNDA:6,(anonymous_8)
FNDA:3,(anonymous_9)
FNDA:1,(anonymous_10)
FNDA:3,(anonymous_11)
FNDA:3,(anonymous_12)
FNDA:1,(anonymous_13)
FNDA:3,(anonymous_14)
FNDA:0,(anonymous_15)
FNDA:0,(anonymous_16)
FNDA:32,(anonymous_17)
FNDA:39,(anonymous_18)
FNDA:1,(anonymous_19)
FNDA:1,(anonymous_20)
FNDA:3,(anonymous_21)
FNDA:0,(anonymous_22)
FNDA:0,(anonymous_23)
FNDA:0,(anonymous_24)
FNDA:0,(anonymous_25)
FNDA:0,(anonymous_26)
FNDA:0,(anonymous_27)
FNDA:3,(anonymous_28)
FNDA:0,(anonymous_29)
FNDA:1,(anonymous_30)
FNDA:1,(anonymous_31)
FNDA:3,(anonymous_32)
FNDA:3,(anonymous_33)
FNDA:3,(anonymous_34)
FNDA:3,(anonymous_35)
FNDA:2,(anonymous_36)
FNDA:2,(anonymous_37)
FNDA:0,(anonymous_38)
FNDA:0,(anonymous_39)
FNDA:0,(anonymous_40)
FNDA:6,(anonymous_41)
FNDA:1,(anonymous_42)
FNDA:2,(anonymous_43)
FNDA:3,(anonymous_44)
FNDA:2,(anonymous_45)
FNDA:2,(anonymous_46)
FNDA:1,(anonymous_47)
FNDA:0,(anonymous_48)
DA:2,10
DA:3,10
DA:4,10
DA:5,10
DA:7,10
DA:18,10
DA:27,10
DA:29,10
DA:36,0
DA:40,0
DA:48,1
DA:49,1
DA:53,3
DA:54,3
DA:55,3
DA:59,0
DA:60,0
DA:61,0
DA:62,0
DA:65,0
DA:66,0
DA:69,0
DA:76,1
DA:77,1
DA:81,2
DA:83,2
DA:84,6
DA:85,4
DA:86,4
DA:87,0
DA:91,6
DA:94,2
DA:102,3
DA:106,1
DA:107,1
DA:108,1
DA:115,3
DA:119,3
DA:120,3
DA:121,3
DA:123,3
DA:127,3
DA:132,3
DA:133,3
DA:135,3
DA:136,0
DA:138,3
DA:141,3
DA:142,0
DA:145,3
DA:152,1
DA:153,1
DA:159,1
DA:167,3
DA:168,3
DA:170,3
DA:171,0
DA:174,3
DA:176,3
DA:177,3
DA:179,3
DA:180,0
DA:182,3
DA:185,3
DA:191,3
DA:192,2
DA:195,1
DA:203,0
DA:204,0
DA:205,0
DA:207,0
DA:208,0
DA:209,0
DA:211,0
DA:217,0
DA:218,0
DA:221,0
DA:225,32
DA:226,10
DA:229,32
DA:233,39
DA:234,39
DA:239,1
DA:240,1
DA:241,1
DA:242,0
DA:245,1
DA:246,1
DA:247,3
DA:248,0
DA:251,3
DA:257,0
DA:258,0
DA:259,0
DA:260,0
DA:263,0
DA:264,0
DA:265,0
DA:266,0
DA:269,0
DA:281,0
DA:282,0
DA:285,0
DA:287,0
DA:294,0
DA:295,0
DA:302,0
DA:303,0
DA:310,0
DA:314,0
DA:322,0
DA:323,0
DA:324,0
DA:325,0
DA:333,0
DA:334,0
DA:335,0
DA:336,0
DA:344,3
DA:345,3
DA:346,3
DA:347,3
DA:355,0
DA:356,0
DA:357,0
DA:358,0
DA:365,1
DA:366,1
DA:367,1
DA:368,1
DA:375,1
DA:376,1
DA:377,1
DA:378,1
DA:385,3
DA:386,3
DA:387,1
DA:390,2
DA:391,2
DA:392,2
DA:400,3
DA:401,3
DA:402,3
DA:405,0
DA:406,0
DA:407,0
DA:415,3
DA:416,3
DA:417,1
DA:420,2
DA:421,2
DA:422,2
DA:430,3
DA:431,3
DA:432,2
DA:435,1
DA:436,1
DA:437,1
DA:445,2
DA:446,2
DA:447,0
DA:450,2
DA:451,2
DA:452,2
DA:460,2
DA:461,2
DA:462,1
DA:465,1
DA:466,1
DA:467,1
DA:475,0
DA:476,0
DA:477,0
DA:478,0
DA:485,0
DA:486,0
DA:487,0
DA:488,0
DA:495,0
DA:496,0
DA:497,0
DA:498,0
DA:508,6
DA:509,6
DA:510,6
DA:511,6
DA:519,1
DA:520,1
DA:521,1
DA:522,1
DA:530,2
DA:531,2
DA:532,2
DA:533,2
DA:541,3
DA:542,3
DA:543,3
DA:544,3
DA:552,2
DA:553,2
DA:554,1
DA:557,1
DA:558,1
DA:559,1
DA:560,1
DA:568,2
DA:569,2
DA:570,1
DA:573,1
DA:574,1
DA:575,1
DA:576,1
DA:584,1
DA:585,1
DA:586,1
DA:587,1
DA:595,0
DA:596,0
DA:597,0
DA:598,0
DA:606,10
LF:221
LH:144
BRDA:49,0,0,1
BRDA:49,0,1,0
BRDA:55,1,0,3
BRDA:55,1,1,0
BRDA:61,2,0,0
BRDA:61,2,1,0
BRDA:65,3,0,0
BRDA:65,3,1,0
BRDA:84,4,0,4
BRDA:84,4,1,2
BRDA:86,5,0,0
BRDA:86,5,1,4
BRDA:102,6,0,0
BRDA:102,6,1,3
BRDA:106,7,0,0
BRDA:106,7,1,1
BRDA:135,8,0,0
BRDA:135,8,1,3
BRDA:135,9,0,3
BRDA:135,9,1,3
BRDA:138,10,0,0
BRDA:138,10,1,3
BRDA:141,11,0,0
BRDA:141,11,1,3
BRDA:141,12,0,3
BRDA:141,12,1,3
BRDA:142,13,0,0
BRDA:142,13,1,0
BRDA:170,14,0,0
BRDA:170,14,1,3
BRDA:170,15,0,3
BRDA:170,15,1,0
BRDA:179,16,0,0
BRDA:179,16,1,3
BRDA:182,17,0,3
BRDA:182,17,1,0
BRDA:191,18,0,2
BRDA:191,18,1,1
BRDA:192,19,0,0
BRDA:192,19,1,2
BRDA:192,20,0,0
BRDA:192,20,1,2
BRDA:217,21,0,0
BRDA:217,21,1,0
BRDA:218,22,0,0
BRDA:218,22,1,0
BRDA:218,23,0,0
BRDA:218,23,1,0
BRDA:225,24,0,10
BRDA:225,24,1,22
BRDA:233,25,0,39
BRDA:233,25,1,0
BRDA:241,26,0,0
BRDA:241,26,1,1
BRDA:241,27,0,1
BRDA:241,27,1,0
BRDA:247,28,0,0
BRDA:247,28,1,3
BRDA:247,29,0,3
BRDA:247,29,1,2
BRDA:247,29,2,0
BRDA:259,30,0,0
BRDA:259,30,1,0
BRDA:259,31,0,0
BRDA:259,31,1,0
BRDA:265,32,0,0
BRDA:265,32,1,0
BRDA:265,33,0,0
BRDA:265,33,1,0
BRDA:265,33,2,0
BRDA:281,34,0,0
BRDA:281,34,1,0
BRDA:285,35,0,0
BRDA:285,35,1,0
BRDA:285,36,0,0
BRDA:285,36,1,0
BRDA:291,37,0,0
BRDA:291,37,1,0
BRDA:294,38,0,0
BRDA:294,38,1,0
BRDA:294,39,0,0
BRDA:294,39,1,0
BRDA:294,39,2,0
BRDA:294,39,3,0
BRDA:302,40,0,0
BRDA:302,40,1,0
BRDA:386,41,0,1
BRDA:386,41,1,2
BRDA:391,42,0,1
BRDA:391,42,1,1
BRDA:401,43,0,3
BRDA:401,43,1,0
BRDA:406,44,0,0
BRDA:406,44,1,0
BRDA:416,45,0,1
BRDA:416,45,1,2
BRDA:421,46,0,0
BRDA:421,46,1,2
BRDA:431,47,0,2
BRDA:431,47,1,1
BRDA:436,48,0,0
BRDA:436,48,1,1
BRDA:446,49,0,0
BRDA:446,49,1,2
BRDA:451,50,0,0
BRDA:451,50,1,2
BRDA:461,51,0,1
BRDA:461,51,1,1
BRDA:466,52,0,0
BRDA:466,52,1,1
BRDA:510,53,0,5
BRDA:510,53,1,1
BRDA:532,54,0,1
BRDA:532,54,1,1
BRDA:553,55,0,1
BRDA:553,55,1,1
BRDA:558,56,0,0
BRDA:558,56,1,1
BRDA:559,57,0,1
BRDA:559,57,1,0
BRDA:559,58,0,0
BRDA:559,58,1,0
BRDA:569,59,0,1
BRDA:569,59,1,1
BRDA:574,60,0,0
BRDA:574,60,1,1
BRDA:586,61,0,0
BRDA:586,61,1,1
BRDA:597,62,0,0
BRDA:597,62,1,0
BRF:130
BRH:58
end_of_record
TN:
SF:/home/tpoe/dev/taskline/src/storage.js
FN:5,(anonymous_0)
FN:10,(anonymous_1)
FN:12,(anonymous_2)
FN:14,(anonymous_3)
FN:16,(anonymous_4)
FN:18,(anonymous_5)
FNF:6
FNH:1
FNDA:10,(anonymous_0)
FNDA:0,(anonymous_1)
FNDA:0,(anonymous_2)
FNDA:0,(anonymous_3)
FNDA:0,(anonymous_4)
FNDA:0,(anonymous_5)
DA:6,10
DA:7,10
DA:21,10
LF:3
LH:3
BRF:0
BRH:0
end_of_record
TN:
SF:/home/tpoe/dev/taskline/src/task.js
FN:5,(anonymous_0)
FNF:1
FNH:1
FNDA:5,(anonymous_0)
DA:2,10
DA:6,5
DA:7,5
DA:8,5
DA:9,5
DA:10,5
DA:11,5
DA:12,5
DA:16,10
LF:9
LH:9
BRDA:5,0,0,0
BRDA:8,1,0,5
BRDA:8,1,1,3
BRDA:9,2,0,5
BRDA:9,2,1,5
BRDA:10,3,0,5
BRDA:10,3,1,5
BRDA:11,4,0,5
BRDA:11,4,1,5
BRDA:12,5,0,5
BRDA:12,5,1,0
BRF:11
BRH:9
end_of_record
TN:
SF:/home/tpoe/dev/taskline/src/taskline.js
FN:13,(anonymous_0)
FN:22,(anonymous_1)
FN:26,(anonymous_2)
FN:30,(anonymous_3)
FN:34,(anonymous_4)
FN:38,(anonymous_5)
FN:42,(anonymous_6)
FN:46,(anonymous_7)
FN:51,(anonymous_8)
FN:56,(anonymous_9)
FN:69,(anonymous_10)
FN:82,(anonymous_11)
FN:86,(anonymous_12)
FN:90,(anonymous_13)
FN:91,(anonymous_14)
FN:97,(anonymous_15)
FN:104,(anonymous_16)
FN:113,(anonymous_17)
FN:118,(anonymous_18)
FN:121,(anonymous_19)
FN:122,(anonymous_20)
FN:126,(anonymous_21)
FN:132,(anonymous_22)
FN:139,(anonymous_23)
FN:142,(anonymous_24)
FN:143,(anonymous_25)
FN:164,(anonymous_26)
FN:172,(anonymous_27)
FN:173,(anonymous_28)
FN:181,(anonymous_29)
FN:182,(anonymous_30)
FN:190,(anonymous_31)
FN:191,(anonymous_32)
FN:199,(anonymous_33)
FN:200,(anonymous_34)
FN:208,(anonymous_35)
FN:209,(anonymous_36)
FN:217,(anonymous_37)
FN:218,(anonymous_38)
FN:226,(anonymous_39)
FN:228,(anonymous_40)
FN:236,(anonymous_41)
FN:243,(anonymous_42)
FN:293,(anonymous_43)
FN:308,(anonymous_44)
FN:309,(anonymous_45)
FN:324,(anonymous_46)
FN:335,(anonymous_47)
FN:336,(anonymous_48)
FN:351,(anonymous_49)
FN:365,(anonymous_50)
FN:379,(anonymous_51)
FN:388,(anonymous_52)
FN:405,(anonymous_53)
FN:411,(anonymous_54)
FN:417,(anonymous_55)
FN:423,(anonymous_56)
FN:428,(anonymous_57)
FN:434,(anonymous_58)
FN:447,(anonymous_59)
FN:452,(anonymous_60)
FN:458,(anonymous_61)
FN:471,(anonymous_62)
FN:504,(anonymous_63)
FN:509,(anonymous_64)
FN:515,(anonymous_65)
FN:523,(anonymous_66)
FN:533,(anonymous_67)
FN:540,(anonymous_68)
FN:547,(anonymous_69)
FN:552,(anonymous_70)
FN:555,(anonymous_71)
FN:566,(anonymous_72)
FN:572,(anonymous_73)
FN:584,(anonymous_74)
FN:590,(anonymous_75)
FN:598,(anonymous_76)
FN:608,(anonymous_77)
FN:613,(anonymous_78)
FN:626,(anonymous_79)
FN:633,(anonymous_80)
FN:639,(anonymous_81)
FN:645,(anonymous_82)
FN:653,(anonymous_83)
FN:657,(anonymous_84)
FN:665,(anonymous_85)
FN:675,(anonymous_86)
FN:686,(anonymous_87)
FN:693,(anonymous_88)
FN:704,(anonymous_89)
FN:709,(anonymous_90)
FN:727,(anonymous_91)
FN:738,(anonymous_92)
FN:744,(anonymous_93)
FNF:94
FNH:49
FNDA:10,(anonymous_0)
FNDA:59,(anonymous_1)
FNDA:4,(anonymous_2)
FNDA:26,(anonymous_3)
FNDA:25,(anonymous_4)
FNDA:3,(anonymous_5)
FNDA:26,(anonymous_6)
FNDA:11,(anonymous_7)
FNDA:19,(anonymous_8)
FNDA:23,(anonymous_9)
FNDA:29,(anonymous_10)
FNDA:0,(anonymous_11)
FNDA:1,(anonymous_12)
FNDA:3,(anonymous_13)
FNDA:3,(anonymous_14)
FNDA:0,(anonymous_15)
FNDA:0,(anonymous_16)
FNDA:23,(anonymous_17)
FNDA:63,(anonymous_18)
FNDA:0,(anonymous_19)
FNDA:0,(anonymous_20)
FNDA:5,(anonymous_21)
FNDA:15,(anonymous_22)
FNDA:0,(anonymous_23)
FNDA:0,(anonymous_24)
FNDA:0,(anonymous_25)
FNDA:0,(anonymous_26)
FNDA:0,(anonymous_27)
FNDA:0,(anonymous_28)
FNDA:0,(anonymous_29)
FNDA:0,(anonymous_30)
FNDA:0,(anonymous_31)
FNDA:0,(anonymous_32)
FNDA:0,(anonymous_33)
FNDA:0,(anonymous_34)
FNDA:0,(anonymous_35)
FNDA:0,(anonymous_36)
FNDA:0,(anonymous_37)
FNDA:0,(anonymous_38)
FNDA:0,(anonymous_39)
FNDA:0,(anonymous_40)
FNDA:0,(anonymous_41)
FNDA:0,(anonymous_42)
FNDA:1,(anonymous_43)
FNDA:3,(anonymous_44)
FNDA:3,(anonymous_45)
FNDA:0,(anonymous_46)
FNDA:0,(anonymous_47)
FNDA:0,(anonymous_48)
FNDA:2,(anonymous_49)
FNDA:1,(anonymous_50)
FNDA:30,(anonymous_51)
FNDA:1,(anonymous_52)
FNDA:0,(anonymous_53)
FNDA:0,(anonymous_54)
FNDA:0,(anonymous_55)
FNDA:3,(anonymous_56)
FNDA:0,(anonymous_57)
FNDA:4,(anonymous_58)
FNDA:3,(anonymous_59)
FNDA:0,(anonymous_60)
FNDA:4,(anonymous_61)
FNDA:5,(anonymous_62)
FNDA:2,(anonymous_63)
FNDA:0,(anonymous_64)
FNDA:4,(anonymous_65)
FNDA:0,(anonymous_66)
FNDA:1,(anonymous_67)
FNDA:0,(anonymous_68)
FNDA:0,(anonymous_69)
FNDA:2,(anonymous_70)
FNDA:1,(anonymous_71)
FNDA:0,(anonymous_72)
FNDA:0,(anonymous_73)
FNDA:0,(anonymous_74)
FNDA:0,(anonymous_75)
FNDA:0,(anonymous_76)
FNDA:3,(anonymous_77)
FNDA:0,(anonymous_78)
FNDA:4,(anonymous_79)
FNDA:1,(anonymous_80)
FNDA:0,(anonymous_81)
FNDA:1,(anonymous_82)
FNDA:2,(anonymous_83)
FNDA:0,(anonymous_84)
FNDA:3,(anonymous_85)
FNDA:4,(anonymous_86)
FNDA:1,(anonymous_87)
FNDA:2,(anonymous_88)
FNDA:4,(anonymous_89)
FNDA:1,(anonymous_90)
FNDA:2,(anonymous_91)
FNDA:1,(anonymous_92)
FNDA:4,(anonymous_93)
DA:4,10
DA:5,10
DA:6,10
DA:7,10
DA:8,10
DA:9,10
DA:10,10
DA:14,10
DA:15,10
DA:16,0
DA:17,10
DA:18,10
DA:23,59
DA:27,4
DA:31,26
DA:35,25
DA:39,3
DA:43,26
DA:47,11
DA:48,6
DA:51,19
DA:52,11
DA:53,11
DA:57,23
DA:58,22
DA:61,23
DA:62,0
DA:63,0
DA:66,23
DA:68,23
DA:69,23
DA:70,29
DA:71,3
DA:72,3
DA:76,3
DA:79,20
DA:83,0
DA:87,1
DA:88,1
DA:90,1
DA:91,3
DA:94,1
DA:98,0
DA:99,0
DA:102,0
DA:104,0
DA:105,0
DA:106,0
DA:110,0
DA:114,23
DA:115,22
DA:118,63
DA:122,0
DA:123,0
DA:127,5
DA:128,5
DA:129,5
DA:130,5
DA:132,5
DA:133,15
DA:136,5
DA:140,0
DA:142,0
DA:143,0
DA:144,0
DA:145,0
DA:148,0
DA:152,0
DA:153,0
DA:155,0
DA:165,0
DA:166,0
DA:167,0
DA:173,0
DA:174,0
DA:175,0
DA:178,0
DA:182,0
DA:183,0
DA:184,0
DA:187,0
DA:191,0
DA:192,0
DA:193,0
DA:196,0
DA:200,0
DA:201,0
DA:202,0
DA:205,0
DA:209,0
DA:210,0
DA:211,0
DA:214,0
DA:218,0
DA:219,0
DA:220,0
DA:223,0
DA:227,0
DA:228,0
DA:229,0
DA:230,0
DA:233,0
DA:237,0
DA:239,0
DA:240,0
DA:243,0
DA:244,0
DA:247,0
DA:248,0
DA:253,0
DA:254,0
DA:259,0
DA:260,0
DA:265,0
DA:266,0
DA:271,0
DA:272,0
DA:276,0
DA:277,0
DA:282,0
DA:283,0
DA:286,0
DA:290,0
DA:294,1
DA:295,1
DA:298,1
DA:299,1
DA:302,1
DA:304,1
DA:305,0
DA:308,1
DA:309,3
DA:310,3
DA:311,3
DA:312,2
DA:315,1
DA:316,1
DA:321,1
DA:325,0
DA:326,0
DA:329,0
DA:330,0
DA:333,0
DA:335,0
DA:336,0
DA:337,0
DA:338,0
DA:339,0
DA:342,0
DA:343,0
DA:348,0
DA:352,2
DA:353,2
DA:355,2
DA:356,4
DA:357,4
DA:358,4
DA:359,4
DA:362,2
DA:366,1
DA:367,1
DA:369,1
DA:370,1
DA:371,1
DA:372,1
DA:373,1
DA:376,1
DA:380,30
DA:381,29
DA:382,29
DA:385,1
DA:389,1
DA:390,1
DA:391,1
DA:393,1
DA:395,1
DA:400,1
DA:401,1
DA:402,1
DA:406,0
DA:407,0
DA:409,0
DA:411,0
DA:412,0
DA:415,0
DA:417,0
DA:419,0
DA:420,0
DA:424,3
DA:425,3
DA:427,3
DA:428,3
DA:429,0
DA:432,3
DA:434,3
DA:435,4
DA:436,3
DA:437,3
DA:438,3
DA:442,3
DA:443,3
DA:444,3
DA:448,3
DA:449,3
DA:451,3
DA:452,3
DA:453,0
DA:456,3
DA:458,3
DA:459,4
DA:460,3
DA:461,3
DA:462,3
DA:466,3
DA:467,3
DA:468,3
DA:477,5
DA:478,5
DA:479,5
DA:480,5
DA:482,5
DA:483,5
DA:486,5
DA:487,2
DA:488,2
DA:489,2
DA:492,5
DA:499,5
DA:500,5
DA:501,5
DA:505,2
DA:506,2
DA:508,2
DA:509,2
DA:510,0
DA:513,2
DA:515,2
DA:516,4
DA:519,2
DA:520,2
DA:524,0
DA:525,0
DA:526,0
DA:528,0
DA:530,0
DA:534,1
DA:535,1
DA:536,1
DA:537,1
DA:541,0
DA:542,0
DA:543,0
DA:544,0
DA:548,0
DA:549,0
DA:553,2
DA:555,2
DA:556,1
DA:559,1
DA:561,1
DA:562,1
DA:563,1
DA:567,0
DA:568,0
DA:569,0
DA:570,0
DA:572,0
DA:573,0
DA:574,0
DA:577,0
DA:580,0
DA:581,0
DA:585,0
DA:586,0
DA:587,0
DA:588,0
DA:590,0
DA:591,0
DA:592,0
DA:595,0
DA:598,0
DA:599,0
DA:602,0
DA:603,0
DA:604,0
DA:605,0
DA:609,3
DA:610,3
DA:612,3
DA:613,3
DA:614,0
DA:617,3
DA:618,0
DA:619,0
DA:622,3
DA:624,3
DA:626,3
DA:627,4
DA:629,3
DA:630,3
DA:634,1
DA:635,1
DA:636,1
DA:638,1
DA:639,1
DA:640,0
DA:643,1
DA:645,1
DA:646,1
DA:649,1
DA:650,1
DA:654,2
DA:656,2
DA:657,2
DA:658,0
DA:661,2
DA:663,2
DA:665,2
DA:666,3
DA:667,3
DA:670,2
DA:671,2
DA:672,2
DA:676,4
DA:677,4
DA:678,4
DA:680,4
DA:681,1
DA:682,1
DA:685,3
DA:686,3
DA:687,1
DA:690,2
DA:691,2
DA:693,2
DA:694,2
DA:695,1
DA:696,1
DA:700,2
DA:701,2
DA:705,4
DA:706,4
DA:708,4
DA:709,4
DA:710,1
DA:713,3
DA:716,3
DA:717,3
DA:718,2
DA:719,2
DA:721,1
DA:722,1
DA:725,2
DA:727,2
DA:728,2
DA:729,1
DA:730,1
DA:734,2
DA:735,2
DA:739,1
DA:740,1
DA:742,1
DA:744,1
DA:745,4
DA:746,3
DA:750,1
DA:751,0
DA:752,0
DA:755,1
DA:759,10
LF:370
LH:227
BRDA:15,0,0,0
BRDA:15,0,1,10
BRDA:17,1,0,10
BRDA:17,1,1,0
BRDA:31,2,0,24
BRDA:31,2,1,2
BRDA:47,3,0,6
BRDA:47,3,1,5
BRDA:52,4,0,3
BRDA:52,4,1,8
BRDA:57,5,0,22
BRDA:57,5,1,1
BRDA:61,6,0,0
BRDA:61,6,1,23
BRDA:70,7,0,3
BRDA:70,7,1,26
BRDA:98,8,0,0
BRDA:98,8,1,0
BRDA:105,9,0,0
BRDA:105,9,1,0
BRDA:114,10,0,22
BRDA:114,10,1,1
BRDA:123,11,0,0
BRDA:123,11,1,0
BRDA:127,12,0,5
BRDA:127,12,1,0
BRDA:144,13,0,0
BRDA:144,13,1,0
BRDA:145,14,0,0
BRDA:145,14,1,0
BRDA:145,15,0,0
BRDA:145,15,1,0
BRDA:153,16,0,0
BRDA:153,16,1,0
BRDA:166,17,0,0
BRDA:166,17,1,0
BRDA:174,18,0,0
BRDA:174,18,1,0
BRDA:183,19,0,0
BRDA:183,19,1,0
BRDA:192,20,0,0
BRDA:192,20,1,0
BRDA:192,21,0,0
BRDA:192,21,1,0
BRDA:201,22,0,0
BRDA:201,22,1,0
BRDA:201,23,0,0
BRDA:201,23,1,0
BRDA:210,24,0,0
BRDA:210,24,1,0
BRDA:210,25,0,0
BRDA:210,25,1,0
BRDA:219,26,0,0
BRDA:219,26,1,0
BRDA:227,27,0,0
BRDA:227,27,1,0
BRDA:227,28,0,0
BRDA:227,28,1,0
BRDA:229,29,0,0
BRDA:229,29,1,0
BRDA:239,30,0,0
BRDA:239,30,1,0
BRDA:244,31,0,0
BRDA:244,31,1,0
BRDA:244,31,2,0
BRDA:244,31,3,0
BRDA:244,31,4,0
BRDA:244,31,5,0
BRDA:244,31,6,0
BRDA:244,31,7,0
BRDA:244,31,8,0
BRDA:244,31,9,0
BRDA:244,31,10,0
BRDA:244,31,11,0
BRDA:244,31,12,0
BRDA:244,31,13,0
BRDA:244,31,14,0
BRDA:244,31,15,0
BRDA:244,31,16,0
BRDA:244,31,17,0
BRDA:244,31,18,0
BRDA:244,31,19,0
BRDA:294,32,0,1
BRDA:294,32,1,0
BRDA:298,33,0,1
BRDA:298,33,1,0
BRDA:304,34,0,0
BRDA:304,34,1,1
BRDA:310,35,0,3
BRDA:310,35,1,0
BRDA:311,36,0,2
BRDA:311,36,1,1
BRDA:325,37,0,0
BRDA:325,37,1,0
BRDA:329,38,0,0
BRDA:329,38,1,0
BRDA:337,39,0,0
BRDA:337,39,1,0
BRDA:338,40,0,0
BRDA:338,40,1,0
BRDA:380,41,0,29
BRDA:380,41,1,1
BRDA:388,42,0,1
BRDA:435,43,0,3
BRDA:435,43,1,1
BRDA:438,44,0,3
BRDA:438,44,1,0
BRDA:459,45,0,3
BRDA:459,45,1,1
BRDA:462,46,0,2
BRDA:462,46,1,1
BRDA:473,47,0,3
BRDA:474,48,0,3
BRDA:475,49,0,3
BRDA:486,50,0,2
BRDA:486,50,1,3
BRDA:573,51,0,0
BRDA:573,51,1,0
BRDA:591,52,0,0
BRDA:591,52,1,0
BRDA:592,53,0,0
BRDA:592,53,1,0
BRDA:617,54,0,0
BRDA:617,54,1,3
BRDA:667,55,0,2
BRDA:667,55,1,1
BRDA:677,56,0,3
BRDA:677,56,1,1
BRDA:680,57,0,1
BRDA:680,57,1,3
BRDA:694,58,0,1
BRDA:694,58,1,1
BRDA:728,59,0,1
BRDA:728,59,1,1
BRDA:745,60,0,3
BRDA:745,60,1,1
BRDA:750,61,0,0
BRDA:750,61,1,1
BRF:138
BRH:51
end_of_record
TN:
SF:/home/tpoe/dev/taskline/test/helper.js
FN:12,(anonymous_0)
FN:27,(anonymous_1)
FN:31,(anonymous_2)
FN:46,(anonymous_3)
FN:47,(anonymous_4)
FNF:5
FNH:5
FNDA:10,(anonymous_0)
FNDA:10,(anonymous_1)
FNDA:10,(anonymous_2)
FNDA:10,(anonymous_3)
FNDA:10,(anonymous_4)
DA:1,10
DA:2,10
DA:4,10
DA:5,10
DA:6,10
DA:8,10
DA:9,10
DA:13,10
DA:15,10
DA:16,0
DA:17,10
DA:18,10
DA:20,0
DA:23,10
DA:24,10
DA:28,10
DA:32,10
DA:35,10
DA:36,10
DA:37,0
DA:38,10
DA:39,10
DA:43,10
DA:47,10
DA:48,10
DA:53,10
LF:26
LH:23
BRDA:15,0,0,0
BRDA:15,0,1,10
BRDA:17,1,0,10
BRDA:17,1,1,0
BRDA:32,2,0,10
BRDA:32,2,1,0
BRDA:36,3,0,0
BRDA:36,3,1,10
BRDA:38,4,0,10
BRDA:38,4,1,0
BRF:10
BRH:5
end_of_record
