TN:
SF:/home/tpoe/dev/taskline/src/config.js
FN:11,(anonymous_0)
FN:17,(anonymous_1)
FN:26,(anonymous_2)
FN:30,(anonymous_3)
FN:43,(anonymous_4)
FNF:5
FNH:5
FNDA:1,(anonymous_0)
FNDA:1,(anonymous_1)
FNDA:11,(anonymous_2)
FNDA:12,(anonymous_3)
FNDA:2,(anonymous_4)
DA:2,1
DA:3,1
DA:4,1
DA:5,1
DA:7,1
DA:8,1
DA:12,1
DA:14,1
DA:18,1
DA:19,1
DA:22,0
DA:23,0
DA:27,11
DA:31,12
DA:33,12
DA:34,12
DA:36,12
DA:37,11
DA:40,12
DA:44,2
DA:45,2
DA:49,1
LF:22
LH:20
BRDA:18,0,0,1
BRDA:18,0,1,0
BRDA:36,1,0,11
BRDA:36,1,1,1
BRF:4
BRH:3
end_of_record
TN:
SF:/home/tpoe/dev/taskline/src/firestore.js
FN:11,(anonymous_0)
FN:20,(anonymous_1)
FN:36,(anonymous_2)
FN:51,(anonymous_3)
FN:55,(anonymous_4)
FN:56,(anonymous_5)
FN:57,(anonymous_6)
FN:65,(anonymous_7)
FN:68,(anonymous_8)
FN:75,(anonymous_9)
FN:78,(anonymous_10)
FN:82,(anonymous_11)
FN:83,(anonymous_12)
FN:91,(anonymous_13)
FN:97,(anonymous_14)
FN:101,(anonymous_15)
FN:106,(anonymous_16)
FN:107,(anonymous_17)
FN:111,(anonymous_18)
FN:115,(anonymous_19)
FN:121,(anonymous_20)
FN:124,(anonymous_21)
FN:126,(anonymous_22)
FN:132,(anonymous_23)
FN:135,(anonymous_24)
FN:137,(anonymous_25)
FN:143,(anonymous_26)
FN:145,(anonymous_27)
FN:154,(anonymous_28)
FN:156,(anonymous_29)
FNF:30
FNH:0
FNDA:0,(anonymous_0)
FNDA:0,(anonymous_1)
FNDA:0,(anonymous_2)
FNDA:0,(anonymous_3)
FNDA:0,(anonymous_4)
FNDA:0,(anonymous_5)
FNDA:0,(anonymous_6)
FNDA:0,(anonymous_7)
FNDA:0,(anonymous_8)
FNDA:0,(anonymous_9)
FNDA:0,(anonymous_10)
FNDA:0,(anonymous_11)
FNDA:0,(anonymous_12)
FNDA:0,(anonymous_13)
FNDA:0,(anonymous_14)
FNDA:0,(anonymous_15)
FNDA:0,(anonymous_16)
FNDA:0,(anonymous_17)
FNDA:0,(anonymous_18)
FNDA:0,(anonymous_19)
FNDA:0,(anonymous_20)
FNDA:0,(anonymous_21)
FNDA:0,(anonymous_22)
FNDA:0,(anonymous_23)
FNDA:0,(anonymous_24)
FNDA:0,(anonymous_25)
FNDA:0,(anonymous_26)
FNDA:0,(anonymous_27)
FNDA:0,(anonymous_28)
FNDA:0,(anonymous_29)
DA:5,1
DA:6,1
DA:7,1
DA:8,1
DA:12,0
DA:13,0
DA:14,0
DA:17,0
DA:23,0
DA:25,0
DA:26,0
DA:28,0
DA:33,0
DA:37,0
DA:39,0
DA:40,0
DA:41,0
DA:44,0
DA:45,0
DA:48,0
DA:52,0
DA:53,0
DA:55,0
DA:56,0
DA:57,0
DA:59,0
DA:60,0
DA:63,0
DA:66,0
DA:69,0
DA:76,0
DA:78,0
DA:79,0
DA:83,0
DA:84,0
DA:85,0
DA:86,0
DA:89,0
DA:92,0
DA:99,0
DA:101,0
DA:102,0
DA:107,0
DA:108,0
DA:111,0
DA:112,0
DA:116,0
DA:122,0
DA:124,0
DA:125,0
DA:127,0
DA:128,0
DA:133,0
DA:135,0
DA:136,0
DA:138,0
DA:139,0
DA:144,0
DA:145,0
DA:146,0
DA:147,0
DA:151,0
DA:155,0
DA:156,0
DA:157,0
DA:158,0
DA:162,0
DA:166,1
LF:68
LH:5
BRDA:12,0,0,0
BRDA:12,0,1,0
BRDA:40,1,0,0
BRDA:40,1,1,0
BRDA:144,2,0,0
BRDA:144,2,1,0
BRDA:155,3,0,0
BRDA:155,3,1,0
BRF:8
BRH:0
end_of_record
TN:
SF:/home/tpoe/dev/taskline/src/item.js
FN:6,(anonymous_0)
FNF:1
FNH:1
FNDA:2,(anonymous_0)
DA:3,1
DA:7,2
DA:8,2
DA:9,2
DA:10,2
DA:11,2
DA:12,2
DA:16,1
LF:8
LH:8
BRDA:6,0,0,0
BRDA:11,1,0,2
BRDA:11,1,1,2
BRDA:12,2,0,2
BRDA:12,2,1,0
BRF:5
BRH:3
end_of_record
TN:
SF:/home/tpoe/dev/taskline/src/local.js
FN:18,(anonymous_0)
FN:27,(anonymous_1)
FN:37,(anonymous_2)
FN:55,(anonymous_3)
FN:61,(anonymous_4)
FN:67,(anonymous_5)
FN:73,(anonymous_6)
FN:79,(anonymous_7)
FN:82,(anonymous_8)
FN:85,(anonymous_9)
FN:89,(anonymous_10)
FN:97,(anonymous_11)
FN:104,(anonymous_12)
FN:112,(anonymous_13)
FN:115,(anonymous_14)
FN:126,(anonymous_15)
FN:129,(anonymous_16)
FN:139,(anonymous_17)
FN:142,(anonymous_18)
FN:157,(anonymous_19)
FN:160,(anonymous_20)
FNF:21
FNH:19
FNDA:2,(anonymous_0)
FNDA:1,(anonymous_1)
FNDA:4,(anonymous_2)
FNDA:1,(anonymous_3)
FNDA:1,(anonymous_4)
FNDA:1,(anonymous_5)
FNDA:1,(anonymous_6)
FNDA:1,(anonymous_7)
FNDA:0,(anonymous_8)
FNDA:0,(anonymous_9)
FNDA:1,(anonymous_10)
FNDA:19,(anonymous_11)
FNDA:19,(anonymous_12)
FNDA:49,(anonymous_13)
FNDA:49,(anonymous_14)
FNDA:4,(anonymous_15)
FNDA:4,(anonymous_16)
FNDA:16,(anonymous_17)
FNDA:16,(anonymous_18)
FNDA:3,(anonymous_19)
FNDA:3,(anonymous_20)
DA:4,1
DA:5,1
DA:6,1
DA:7,1
DA:8,1
DA:9,1
DA:10,1
DA:15,1
DA:19,2
DA:20,1
DA:21,1
DA:24,2
DA:28,1
DA:29,1
DA:30,1
DA:31,1
DA:32,1
DA:34,1
DA:40,4
DA:41,4
DA:43,4
DA:44,0
DA:47,4
DA:48,0
DA:49,0
DA:52,4
DA:56,1
DA:57,0
DA:62,1
DA:63,0
DA:68,1
DA:69,0
DA:74,1
DA:75,0
DA:80,1
DA:82,0
DA:84,1
DA:85,0
DA:90,1
DA:91,1
DA:92,1
DA:93,1
DA:94,1
DA:98,19
DA:105,19
DA:106,19
DA:109,19
DA:113,49
DA:115,49
DA:116,49
DA:117,49
DA:118,49
DA:119,49
DA:122,49
DA:127,4
DA:129,4
DA:130,4
DA:131,4
DA:132,4
DA:135,4
DA:140,16
DA:142,16
DA:143,16
DA:144,16
DA:145,16
DA:147,16
DA:148,16
DA:150,16
DA:152,0
DA:158,3
DA:160,3
DA:161,3
DA:162,3
DA:163,3
DA:165,3
DA:166,3
DA:168,3
DA:170,0
DA:176,1
LF:79
LH:68
BRDA:19,0,0,1
BRDA:19,0,1,1
BRDA:43,1,0,0
BRDA:43,1,1,4
BRDA:47,2,0,0
BRDA:47,2,1,4
BRDA:56,3,0,0
BRDA:56,3,1,1
BRDA:62,4,0,0
BRDA:62,4,1,1
BRDA:68,5,0,0
BRDA:68,5,1,1
BRDA:74,6,0,0
BRDA:74,6,1,1
BRDA:84,7,0,0
BRDA:84,7,1,1
BRDA:97,8,0,19
BRDA:117,9,0,49
BRDA:117,9,1,0
BRDA:130,10,0,4
BRDA:130,10,1,0
BRF:21
BRH:12
end_of_record
TN:
SF:/home/tpoe/dev/taskline/src/note.js
FN:5,(anonymous_0)
FNF:1
FNH:1
FNDA:1,(anonymous_0)
DA:2,1
DA:6,1
DA:7,1
DA:11,1
LF:4
LH:4
BRDA:5,0,0,0
BRF:1
BRH:0
end_of_record
TN:
SF:/home/tpoe/dev/taskline/src/render.js
FN:35,(anonymous_0)
FN:39,(anonymous_1)
FN:40,(anonymous_2)
FN:43,(anonymous_3)
FN:52,(anonymous_4)
FN:58,(anonymous_5)
FN:72,(anonymous_6)
FN:80,(anonymous_7)
FN:83,(anonymous_8)
FN:101,(anonymous_9)
FN:105,(anonymous_10)
FN:114,(anonymous_11)
FN:126,(anonymous_12)
FN:148,(anonymous_13)
FN:162,(anonymous_14)
FN:198,(anonymous_15)
FN:204,(anonymous_16)
FN:224,(anonymous_17)
FN:232,(anonymous_18)
FN:238,(anonymous_19)
FN:240,(anonymous_20)
FN:246,(anonymous_21)
FN:256,(anonymous_22)
FN:258,(anonymous_23)
FN:264,(anonymous_24)
FN:274,(anonymous_25)
FN:321,(anonymous_26)
FN:332,(anonymous_27)
FN:343,(anonymous_28)
FN:354,(anonymous_29)
FN:364,(anonymous_30)
FN:374,(anonymous_31)
FN:384,(anonymous_32)
FN:399,(anonymous_33)
FN:414,(anonymous_34)
FN:429,(anonymous_35)
FN:444,(anonymous_36)
FN:459,(anonymous_37)
FN:474,(anonymous_38)
FN:484,(anonymous_39)
FN:494,(anonymous_40)
FN:504,(anonymous_41)
FN:518,(anonymous_42)
FN:529,(anonymous_43)
FN:540,(anonymous_44)
FN:551,(anonymous_45)
FN:567,(anonymous_46)
FN:583,(anonymous_47)
FN:594,(anonymous_48)
FNF:49
FNH:18
FNDA:0,(anonymous_0)
FNDA:0,(anonymous_1)
FNDA:0,(anonymous_2)
FNDA:0,(anonymous_3)
FNDA:0,(anonymous_4)
FNDA:0,(anonymous_5)
FNDA:0,(anonymous_6)
FNDA:0,(anonymous_7)
FNDA:0,(anonymous_8)
FNDA:0,(anonymous_9)
FNDA:0,(anonymous_10)
FNDA:0,(anonymous_11)
FNDA:0,(anonymous_12)
FNDA:0,(anonymous_13)
FNDA:0,(anonymous_14)
FNDA:0,(anonymous_15)
FNDA:0,(anonymous_16)
FNDA:19,(anonymous_17)
FNDA:24,(anonymous_18)
FNDA:0,(anonymous_19)
FNDA:0,(anonymous_20)
FNDA:0,(anonymous_21)
FNDA:0,(anonymous_22)
FNDA:0,(anonymous_23)
FNDA:0,(anonymous_24)
FNDA:0,(anonymous_25)
FNDA:0,(anonymous_26)
FNDA:0,(anonymous_27)
FNDA:2,(anonymous_28)
FNDA:0,(anonymous_29)
FNDA:1,(anonymous_30)
FNDA:1,(anonymous_31)
FNDA:2,(anonymous_32)
FNDA:2,(anonymous_33)
FNDA:2,(anonymous_34)
FNDA:2,(anonymous_35)
FNDA:1,(anonymous_36)
FNDA:1,(anonymous_37)
FNDA:0,(anonymous_38)
FNDA:0,(anonymous_39)
FNDA:0,(anonymous_40)
FNDA:2,(anonymous_41)
FNDA:1,(anonymous_42)
FNDA:1,(anonymous_43)
FNDA:1,(anonymous_44)
FNDA:2,(anonymous_45)
FNDA:2,(anonymous_46)
FNDA:1,(anonymous_47)
FNDA:0,(anonymous_48)
DA:2,1
DA:3,1
DA:4,1
DA:5,1
DA:7,1
DA:18,1
DA:27,1
DA:29,1
DA:36,0
DA:40,0
DA:48,0
DA:49,0
DA:53,0
DA:54,0
DA:55,0
DA:59,0
DA:60,0
DA:61,0
DA:62,0
DA:65,0
DA:66,0
DA:69,0
DA:76,0
DA:77,0
DA:81,0
DA:83,0
DA:84,0
DA:85,0
DA:86,0
DA:87,0
DA:91,0
DA:94,0
DA:102,0
DA:106,0
DA:107,0
DA:108,0
DA:115,0
DA:119,0
DA:120,0
DA:121,0
DA:123,0
DA:127,0
DA:132,0
DA:133,0
DA:135,0
DA:136,0
DA:138,0
DA:141,0
DA:142,0
DA:145,0
DA:152,0
DA:153,0
DA:159,0
DA:167,0
DA:168,0
DA:170,0
DA:171,0
DA:174,0
DA:176,0
DA:177,0
DA:179,0
DA:180,0
DA:182,0
DA:185,0
DA:191,0
DA:192,0
DA:195,0
DA:203,0
DA:204,0
DA:205,0
DA:207,0
DA:208,0
DA:209,0
DA:211,0
DA:217,0
DA:218,0
DA:221,0
DA:225,19
DA:226,1
DA:229,19
DA:233,24
DA:234,24
DA:239,0
DA:240,0
DA:241,0
DA:242,0
DA:245,0
DA:246,0
DA:247,0
DA:248,0
DA:251,0
DA:257,0
DA:258,0
DA:259,0
DA:260,0
DA:263,0
DA:264,0
DA:265,0
DA:266,0
DA:269,0
DA:281,0
DA:282,0
DA:285,0
DA:287,0
DA:294,0
DA:295,0
DA:302,0
DA:303,0
DA:310,0
DA:314,0
DA:322,0
DA:323,0
DA:324,0
DA:325,0
DA:333,0
DA:334,0
DA:335,0
DA:336,0
DA:344,2
DA:345,2
DA:346,2
DA:347,2
DA:355,0
DA:356,0
DA:357,0
DA:358,0
DA:365,1
DA:366,1
DA:367,1
DA:368,1
DA:375,1
DA:376,1
DA:377,1
DA:378,1
DA:385,2
DA:386,2
DA:387,1
DA:390,1
DA:391,1
DA:392,1
DA:400,2
DA:401,2
DA:402,2
DA:405,0
DA:406,0
DA:407,0
DA:415,2
DA:416,2
DA:417,1
DA:420,1
DA:421,1
DA:422,1
DA:430,2
DA:431,2
DA:432,2
DA:435,0
DA:436,0
DA:437,0
DA:445,1
DA:446,1
DA:447,0
DA:450,1
DA:451,1
DA:452,1
DA:460,1
DA:461,1
DA:462,1
DA:465,0
DA:466,0
DA:467,0
DA:475,0
DA:476,0
DA:477,0
DA:478,0
DA:485,0
DA:486,0
DA:487,0
DA:488,0
DA:495,0
DA:496,0
DA:497,0
DA:498,0
DA:508,2
DA:509,2
DA:510,2
DA:511,2
DA:519,1
DA:520,1
DA:521,1
DA:522,1
DA:530,1
DA:531,1
DA:532,1
DA:533,1
DA:541,1
DA:542,1
DA:543,1
DA:544,1
DA:552,2
DA:553,2
DA:554,1
DA:557,1
DA:558,1
DA:559,1
DA:560,1
DA:568,2
DA:569,2
DA:570,1
DA:573,1
DA:574,1
DA:575,1
DA:576,1
DA:584,1
DA:585,1
DA:586,1
DA:587,1
DA:595,0
DA:596,0
DA:597,0
DA:598,0
DA:606,1
LF:221
LH:86
BRDA:49,0,0,0
BRDA:49,0,1,0
BRDA:55,1,0,0
BRDA:55,1,1,0
BRDA:61,2,0,0
BRDA:61,2,1,0
BRDA:65,3,0,0
BRDA:65,3,1,0
BRDA:84,4,0,0
BRDA:84,4,1,0
BRDA:86,5,0,0
BRDA:86,5,1,0
BRDA:102,6,0,0
BRDA:102,6,1,0
BRDA:106,7,0,0
BRDA:106,7,1,0
BRDA:135,8,0,0
BRDA:135,8,1,0
BRDA:135,9,0,0
BRDA:135,9,1,0
BRDA:138,10,0,0
BRDA:138,10,1,0
BRDA:141,11,0,0
BRDA:141,11,1,0
BRDA:141,12,0,0
BRDA:141,12,1,0
BRDA:142,13,0,0
BRDA:142,13,1,0
BRDA:170,14,0,0
BRDA:170,14,1,0
BRDA:170,15,0,0
BRDA:170,15,1,0
BRDA:179,16,0,0
BRDA:179,16,1,0
BRDA:182,17,0,0
BRDA:182,17,1,0
BRDA:191,18,0,0
BRDA:191,18,1,0
BRDA:192,19,0,0
BRDA:192,19,1,0
BRDA:192,20,0,0
BRDA:192,20,1,0
BRDA:217,21,0,0
BRDA:217,21,1,0
BRDA:218,22,0,0
BRDA:218,22,1,0
BRDA:218,23,0,0
BRDA:218,23,1,0
BRDA:225,24,0,1
BRDA:225,24,1,18
BRDA:233,25,0,24
BRDA:233,25,1,0
BRDA:241,26,0,0
BRDA:241,26,1,0
BRDA:241,27,0,0
BRDA:241,27,1,0
BRDA:247,28,0,0
BRDA:247,28,1,0
BRDA:247,29,0,0
BRDA:247,29,1,0
BRDA:247,29,2,0
BRDA:259,30,0,0
BRDA:259,30,1,0
BRDA:259,31,0,0
BRDA:259,31,1,0
BRDA:265,32,0,0
BRDA:265,32,1,0
BRDA:265,33,0,0
BRDA:265,33,1,0
BRDA:265,33,2,0
BRDA:281,34,0,0
BRDA:281,34,1,0
BRDA:285,35,0,0
BRDA:285,35,1,0
BRDA:285,36,0,0
BRDA:285,36,1,0
BRDA:291,37,0,0
BRDA:291,37,1,0
BRDA:294,38,0,0
BRDA:294,38,1,0
BRDA:294,39,0,0
BRDA:294,39,1,0
BRDA:294,39,2,0
BRDA:294,39,3,0
BRDA:302,40,0,0
BRDA:302,40,1,0
BRDA:386,41,0,1
BRDA:386,41,1,1
BRDA:391,42,0,0
BRDA:391,42,1,1
BRDA:401,43,0,2
BRDA:401,43,1,0
BRDA:406,44,0,0
BRDA:406,44,1,0
BRDA:416,45,0,1
BRDA:416,45,1,1
BRDA:421,46,0,0
BRDA:421,46,1,1
BRDA:431,47,0,2
BRDA:431,47,1,0
BRDA:436,48,0,0
BRDA:436,48,1,0
BRDA:446,49,0,0
BRDA:446,49,1,1
BRDA:451,50,0,1
BRDA:451,50,1,0
BRDA:461,51,0,1
BRDA:461,51,1,0
BRDA:466,52,0,0
BRDA:466,52,1,0
BRDA:510,53,0,1
BRDA:510,53,1,1
BRDA:532,54,0,0
BRDA:532,54,1,1
BRDA:553,55,0,1
BRDA:553,55,1,1
BRDA:558,56,0,0
BRDA:558,56,1,1
BRDA:559,57,0,1
BRDA:559,57,1,0
BRDA:559,58,0,0
BRDA:559,58,1,0
BRDA:569,59,0,1
BRDA:569,59,1,1
BRDA:574,60,0,0
BRDA:574,60,1,1
BRDA:586,61,0,0
BRDA:586,61,1,1
BRDA:597,62,0,0
BRDA:597,62,1,0
BRF:130
BRH:25
end_of_record
TN:
SF:/home/tpoe/dev/taskline/src/storage.js
FN:5,(anonymous_0)
FN:10,(anonymous_1)
FN:12,(anonymous_2)
FN:14,(anonymous_3)
FN:16,(anonymous_4)
FN:18,(anonymous_5)
FNF:6
FNH:1
FNDA:1,(anonymous_0)
FNDA:0,(anonymous_1)
FNDA:0,(anonymous_2)
FNDA:0,(anonymous_3)
FNDA:0,(anonymous_4)
FNDA:0,(anonymous_5)
DA:6,1
DA:7,1
DA:21,1
LF:3
LH:3
BRF:0
BRH:0
end_of_record
TN:
SF:/home/tpoe/dev/taskline/src/task.js
FN:5,(anonymous_0)
FNF:1
FNH:1
FNDA:1,(anonymous_0)
DA:2,1
DA:6,1
DA:7,1
DA:8,1
DA:9,1
DA:10,1
DA:11,1
DA:12,1
DA:16,1
LF:9
LH:9
BRDA:5,0,0,0
BRDA:8,1,0,1
BRDA:8,1,1,1
BRDA:9,2,0,1
BRDA:9,2,1,1
BRDA:10,3,0,1
BRDA:10,3,1,1
BRDA:11,4,0,1
BRDA:11,4,1,1
BRDA:12,5,0,1
BRDA:12,5,1,0
BRF:11
BRH:9
end_of_record
TN:
SF:/home/tpoe/dev/taskline/src/taskline.js
FN:13,(anonymous_0)
FN:22,(anonymous_1)
FN:26,(anonymous_2)
FN:30,(anonymous_3)
FN:34,(anonymous_4)
FN:38,(anonymous_5)
FN:42,(anonymous_6)
FN:46,(anonymous_7)
FN:51,(anonymous_8)
FN:56,(anonymous_9)
FN:69,(anonymous_10)
FN:82,(anonymous_11)
FN:86,(anonymous_12)
FN:90,(anonymous_13)
FN:91,(anonymous_14)
FN:97,(anonymous_15)
FN:104,(anonymous_16)
FN:113,(anonymous_17)
FN:118,(anonymous_18)
FN:121,(anonymous_19)
FN:122,(anonymous_20)
FN:126,(anonymous_21)
FN:132,(anonymous_22)
FN:139,(anonymous_23)
FN:150,(anonymous_24)
FN:172,(anonymous_25)
FN:175,(anonymous_26)
FN:176,(anonymous_27)
FN:201,(anonymous_28)
FN:209,(anonymous_29)
FN:210,(anonymous_30)
FN:218,(anonymous_31)
FN:219,(anonymous_32)
FN:227,(anonymous_33)
FN:228,(anonymous_34)
FN:236,(anonymous_35)
FN:237,(anonymous_36)
FN:245,(anonymous_37)
FN:246,(anonymous_38)
FN:254,(anonymous_39)
FN:255,(anonymous_40)
FN:263,(anonymous_41)
FN:265,(anonymous_42)
FN:273,(anonymous_43)
FN:280,(anonymous_44)
FN:330,(anonymous_45)
FN:345,(anonymous_46)
FN:346,(anonymous_47)
FN:361,(anonymous_48)
FN:372,(anonymous_49)
FN:373,(anonymous_50)
FN:388,(anonymous_51)
FN:402,(anonymous_52)
FN:416,(anonymous_53)
FN:425,(anonymous_54)
FN:442,(anonymous_55)
FN:448,(anonymous_56)
FN:454,(anonymous_57)
FN:460,(anonymous_58)
FN:465,(anonymous_59)
FN:471,(anonymous_60)
FN:484,(anonymous_61)
FN:489,(anonymous_62)
FN:495,(anonymous_63)
FN:508,(anonymous_64)
FN:541,(anonymous_65)
FN:546,(anonymous_66)
FN:552,(anonymous_67)
FN:560,(anonymous_68)
FN:570,(anonymous_69)
FN:577,(anonymous_70)
FN:584,(anonymous_71)
FN:589,(anonymous_72)
FN:592,(anonymous_73)
FN:603,(anonymous_74)
FN:609,(anonymous_75)
FN:621,(anonymous_76)
FN:627,(anonymous_77)
FN:635,(anonymous_78)
FN:645,(anonymous_79)
FN:650,(anonymous_80)
FN:663,(anonymous_81)
FN:670,(anonymous_82)
FN:676,(anonymous_83)
FN:682,(anonymous_84)
FN:690,(anonymous_85)
FN:694,(anonymous_86)
FN:702,(anonymous_87)
FN:712,(anonymous_88)
FN:723,(anonymous_89)
FN:730,(anonymous_90)
FN:741,(anonymous_91)
FN:746,(anonymous_92)
FN:764,(anonymous_93)
FN:775,(anonymous_94)
FN:781,(anonymous_95)
FNF:96
FNH:39
FNDA:1,(anonymous_0)
FNDA:34,(anonymous_1)
FNDA:3,(anonymous_2)
FNDA:17,(anonymous_3)
FNDA:15,(anonymous_4)
FNDA:2,(anonymous_5)
FNDA:17,(anonymous_6)
FNDA:4,(anonymous_7)
FNDA:2,(anonymous_8)
FNDA:16,(anonymous_9)
FNDA:17,(anonymous_10)
FNDA:0,(anonymous_11)
FNDA:0,(anonymous_12)
FNDA:0,(anonymous_13)
FNDA:0,(anonymous_14)
FNDA:0,(anonymous_15)
FNDA:0,(anonymous_16)
FNDA:16,(anonymous_17)
FNDA:31,(anonymous_18)
FNDA:0,(anonymous_19)
FNDA:0,(anonymous_20)
FNDA:3,(anonymous_21)
FNDA:9,(anonymous_22)
FNDA:0,(anonymous_23)
FNDA:0,(anonymous_24)
FNDA:0,(anonymous_25)
FNDA:0,(anonymous_26)
FNDA:0,(anonymous_27)
FNDA:0,(anonymous_28)
FNDA:0,(anonymous_29)
FNDA:0,(anonymous_30)
FNDA:0,(anonymous_31)
FNDA:0,(anonymous_32)
FNDA:0,(anonymous_33)
FNDA:0,(anonymous_34)
FNDA:0,(anonymous_35)
FNDA:0,(anonymous_36)
FNDA:0,(anonymous_37)
FNDA:0,(anonymous_38)
FNDA:0,(anonymous_39)
FNDA:0,(anonymous_40)
FNDA:0,(anonymous_41)
FNDA:0,(anonymous_42)
FNDA:0,(anonymous_43)
FNDA:0,(anonymous_44)
FNDA:0,(anonymous_45)
FNDA:0,(anonymous_46)
FNDA:0,(anonymous_47)
FNDA:0,(anonymous_48)
FNDA:0,(anonymous_49)
FNDA:0,(anonymous_50)
FNDA:1,(anonymous_51)
FNDA:1,(anonymous_52)
FNDA:18,(anonymous_53)
FNDA:1,(anonymous_54)
FNDA:0,(anonymous_55)
FNDA:0,(anonymous_56)
FNDA:0,(anonymous_57)
FNDA:2,(anonymous_58)
FNDA:0,(anonymous_59)
FNDA:2,(anonymous_60)
FNDA:2,(anonymous_61)
FNDA:0,(anonymous_62)
FNDA:2,(anonymous_63)
FNDA:1,(anonymous_64)
FNDA:1,(anonymous_65)
FNDA:0,(anonymous_66)
FNDA:1,(anonymous_67)
FNDA:0,(anonymous_68)
FNDA:0,(anonymous_69)
FNDA:0,(anonymous_70)
FNDA:0,(anonymous_71)
FNDA:1,(anonymous_72)
FNDA:0,(anonymous_73)
FNDA:0,(anonymous_74)
FNDA:0,(anonymous_75)
FNDA:0,(anonymous_76)
FNDA:0,(anonymous_77)
FNDA:0,(anonymous_78)
FNDA:1,(anonymous_79)
FNDA:0,(anonymous_80)
FNDA:1,(anonymous_81)
FNDA:1,(anonymous_82)
FNDA:0,(anonymous_83)
FNDA:1,(anonymous_84)
FNDA:1,(anonymous_85)
FNDA:0,(anonymous_86)
FNDA:2,(anonymous_87)
FNDA:4,(anonymous_88)
FNDA:1,(anonymous_89)
FNDA:2,(anonymous_90)
FNDA:4,(anonymous_91)
FNDA:1,(anonymous_92)
FNDA:2,(anonymous_93)
FNDA:0,(anonymous_94)
FNDA:0,(anonymous_95)
DA:4,1
DA:5,1
DA:6,1
DA:7,1
DA:8,1
DA:9,1
DA:10,1
DA:14,1
DA:15,1
DA:16,0
DA:17,1
DA:18,1
DA:23,34
DA:27,3
DA:31,17
DA:35,15
DA:39,2
DA:43,17
DA:47,4
DA:48,2
DA:51,4
DA:52,4
DA:53,4
DA:57,16
DA:58,15
DA:61,16
DA:62,0
DA:63,0
DA:66,16
DA:68,16
DA:69,16
DA:70,17
DA:71,2
DA:72,2
DA:76,2
DA:79,14
DA:83,0
DA:87,0
DA:88,0
DA:90,0
DA:91,0
DA:94,0
DA:98,0
DA:99,0
DA:102,0
DA:104,0
DA:105,0
DA:106,0
DA:110,0
DA:114,16
DA:115,15
DA:118,31
DA:122,0
DA:123,0
DA:127,3
DA:128,3
DA:129,3
DA:130,3
DA:132,3
DA:133,9
DA:136,3
DA:140,0
DA:142,0
DA:143,0
DA:144,0
DA:147,0
DA:148,0
DA:150,0
DA:151,0
DA:152,0
DA:158,0
DA:160,0
DA:161,0
DA:164,0
DA:173,0
DA:175,0
DA:176,0
DA:177,0
DA:178,0
DA:185,0
DA:189,0
DA:190,0
DA:192,0
DA:202,0
DA:203,0
DA:204,0
DA:210,0
DA:211,0
DA:212,0
DA:215,0
DA:219,0
DA:220,0
DA:221,0
DA:224,0
DA:228,0
DA:229,0
DA:230,0
DA:233,0
DA:237,0
DA:238,0
DA:239,0
DA:242,0
DA:246,0
DA:247,0
DA:248,0
DA:251,0
DA:255,0
DA:256,0
DA:257,0
DA:260,0
DA:264,0
DA:265,0
DA:266,0
DA:267,0
DA:270,0
DA:274,0
DA:276,0
DA:277,0
DA:280,0
DA:281,0
DA:284,0
DA:285,0
DA:290,0
DA:291,0
DA:296,0
DA:297,0
DA:302,0
DA:303,0
DA:308,0
DA:309,0
DA:313,0
DA:314,0
DA:319,0
DA:320,0
DA:323,0
DA:327,0
DA:331,0
DA:332,0
DA:335,0
DA:336,0
DA:339,0
DA:341,0
DA:342,0
DA:345,0
DA:346,0
DA:347,0
DA:348,0
DA:349,0
DA:352,0
DA:353,0
DA:358,0
DA:362,0
DA:363,0
DA:366,0
DA:367,0
DA:370,0
DA:372,0
DA:373,0
DA:374,0
DA:375,0
DA:376,0
DA:379,0
DA:380,0
DA:385,0
DA:389,1
DA:390,1
DA:392,1
DA:393,1
DA:394,1
DA:395,1
DA:396,1
DA:399,1
DA:403,1
DA:404,1
DA:406,1
DA:407,1
DA:408,1
DA:409,1
DA:410,1
DA:413,1
DA:417,18
DA:418,18
DA:419,18
DA:422,0
DA:426,1
DA:427,1
DA:428,1
DA:430,1
DA:432,1
DA:437,1
DA:438,1
DA:439,1
DA:443,0
DA:444,0
DA:446,0
DA:448,0
DA:449,0
DA:452,0
DA:454,0
DA:456,0
DA:457,0
DA:461,2
DA:462,2
DA:464,2
DA:465,2
DA:466,0
DA:469,2
DA:471,2
DA:472,2
DA:473,1
DA:474,1
DA:475,1
DA:479,2
DA:480,2
DA:481,2
DA:485,2
DA:486,2
DA:488,2
DA:489,2
DA:490,0
DA:493,2
DA:495,2
DA:496,2
DA:497,1
DA:498,1
DA:499,1
DA:503,2
DA:504,2
DA:505,2
DA:514,1
DA:515,1
DA:516,1
DA:517,1
DA:519,1
DA:520,1
DA:523,1
DA:524,0
DA:525,0
DA:526,0
DA:529,1
DA:536,1
DA:537,1
DA:538,1
DA:542,1
DA:543,1
DA:545,1
DA:546,1
DA:547,0
DA:550,1
DA:552,1
DA:553,1
DA:556,1
DA:557,1
DA:561,0
DA:562,0
DA:563,0
DA:565,0
DA:567,0
DA:571,0
DA:572,0
DA:573,0
DA:574,0
DA:578,0
DA:579,0
DA:580,0
DA:581,0
DA:585,0
DA:586,0
DA:590,1
DA:592,1
DA:593,0
DA:596,1
DA:598,1
DA:599,1
DA:600,1
DA:604,0
DA:605,0
DA:606,0
DA:607,0
DA:609,0
DA:610,0
DA:611,0
DA:614,0
DA:617,0
DA:618,0
DA:622,0
DA:623,0
DA:624,0
DA:625,0
DA:627,0
DA:628,0
DA:629,0
DA:632,0
DA:635,0
DA:636,0
DA:639,0
DA:640,0
DA:641,0
DA:642,0
DA:646,1
DA:647,1
DA:649,1
DA:650,1
DA:651,0
DA:654,1
DA:655,0
DA:656,0
DA:659,1
DA:661,1
DA:663,1
DA:664,1
DA:666,1
DA:667,1
DA:671,1
DA:672,1
DA:673,1
DA:675,1
DA:676,1
DA:677,0
DA:680,1
DA:682,1
DA:683,1
DA:686,1
DA:687,1
DA:691,1
DA:693,1
DA:694,1
DA:695,0
DA:698,1
DA:700,1
DA:702,1
DA:703,2
DA:704,2
DA:707,1
DA:708,1
DA:709,1
DA:713,4
DA:714,4
DA:715,4
DA:717,4
DA:718,1
DA:719,1
DA:722,3
DA:723,3
DA:724,1
DA:727,2
DA:728,2
DA:730,2
DA:731,2
DA:732,1
DA:733,1
DA:737,2
DA:738,2
DA:742,4
DA:743,4
DA:745,4
DA:746,4
DA:747,1
DA:750,3
DA:753,3
DA:754,3
DA:755,2
DA:756,2
DA:758,1
DA:759,1
DA:762,2
DA:764,2
DA:765,2
DA:766,1
DA:767,1
DA:771,2
DA:772,2
DA:776,0
DA:777,0
DA:779,0
DA:781,0
DA:782,0
DA:783,0
DA:787,0
DA:788,0
DA:789,0
DA:792,0
DA:796,1
LF:383
LH:191
BRDA:15,0,0,0
BRDA:15,0,1,1
BRDA:17,1,0,1
BRDA:17,1,1,0
BRDA:31,2,0,16
BRDA:31,2,1,1
BRDA:47,3,0,2
BRDA:47,3,1,2
BRDA:52,4,0,2
BRDA:52,4,1,2
BRDA:57,5,0,15
BRDA:57,5,1,1
BRDA:61,6,0,0
BRDA:61,6,1,16
BRDA:70,7,0,2
BRDA:70,7,1,15
BRDA:98,8,0,0
BRDA:98,8,1,0
BRDA:105,9,0,0
BRDA:105,9,1,0
BRDA:114,10,0,15
BRDA:114,10,1,1
BRDA:123,11,0,0
BRDA:123,11,1,0
BRDA:127,12,0,3
BRDA:127,12,1,0
BRDA:142,13,0,0
BRDA:142,13,1,0
BRDA:151,14,0,0
BRDA:151,14,1,0
BRDA:152,15,0,0
BRDA:152,15,1,0
BRDA:152,16,0,0
BRDA:152,16,1,0
BRDA:160,17,0,0
BRDA:160,17,1,0
BRDA:177,18,0,0
BRDA:177,18,1,0
BRDA:178,19,0,0
BRDA:178,19,1,0
BRDA:180,20,0,0
BRDA:180,20,1,0
BRDA:190,21,0,0
BRDA:190,21,1,0
BRDA:203,22,0,0
BRDA:203,22,1,0
BRDA:211,23,0,0
BRDA:211,23,1,0
BRDA:220,24,0,0
BRDA:220,24,1,0
BRDA:229,25,0,0
BRDA:229,25,1,0
BRDA:229,26,0,0
BRDA:229,26,1,0
BRDA:238,27,0,0
BRDA:238,27,1,0
BRDA:238,28,0,0
BRDA:238,28,1,0
BRDA:247,29,0,0
BRDA:247,29,1,0
BRDA:247,30,0,0
BRDA:247,30,1,0
BRDA:256,31,0,0
BRDA:256,31,1,0
BRDA:264,32,0,0
BRDA:264,32,1,0
BRDA:264,33,0,0
BRDA:264,33,1,0
BRDA:266,34,0,0
BRDA:266,34,1,0
BRDA:276,35,0,0
BRDA:276,35,1,0
BRDA:281,36,0,0
BRDA:281,36,1,0
BRDA:281,36,2,0
BRDA:281,36,3,0
BRDA:281,36,4,0
BRDA:281,36,5,0
BRDA:281,36,6,0
BRDA:281,36,7,0
BRDA:281,36,8,0
BRDA:281,36,9,0
BRDA:281,36,10,0
BRDA:281,36,11,0
BRDA:281,36,12,0
BRDA:281,36,13,0
BRDA:281,36,14,0
BRDA:281,36,15,0
BRDA:281,36,16,0
BRDA:281,36,17,0
BRDA:281,36,18,0
BRDA:281,36,19,0
BRDA:331,37,0,0
BRDA:331,37,1,0
BRDA:335,38,0,0
BRDA:335,38,1,0
BRDA:341,39,0,0
BRDA:341,39,1,0
BRDA:347,40,0,0
BRDA:347,40,1,0
BRDA:348,41,0,0
BRDA:348,41,1,0
BRDA:362,42,0,0
BRDA:362,42,1,0
BRDA:366,43,0,0
BRDA:366,43,1,0
BRDA:374,44,0,0
BRDA:374,44,1,0
BRDA:375,45,0,0
BRDA:375,45,1,0
BRDA:417,46,0,18
BRDA:417,46,1,0
BRDA:425,47,0,1
BRDA:472,48,0,1
BRDA:472,48,1,1
BRDA:475,49,0,1
BRDA:475,49,1,0
BRDA:496,50,0,1
BRDA:496,50,1,1
BRDA:499,51,0,1
BRDA:499,51,1,0
BRDA:510,52,0,1
BRDA:511,53,0,1
BRDA:512,54,0,1
BRDA:523,55,0,0
BRDA:523,55,1,1
BRDA:610,56,0,0
BRDA:610,56,1,0
BRDA:628,57,0,0
BRDA:628,57,1,0
BRDA:629,58,0,0
BRDA:629,58,1,0
BRDA:654,59,0,0
BRDA:654,59,1,1
BRDA:704,60,0,2
BRDA:704,60,1,0
BRDA:714,61,0,3
BRDA:714,61,1,1
BRDA:717,62,0,1
BRDA:717,62,1,3
BRDA:731,63,0,1
BRDA:731,63,1,1
BRDA:765,64,0,1
BRDA:765,64,1,1
BRDA:782,65,0,0
BRDA:782,65,1,0
BRDA:787,66,0,0
BRDA:787,66,1,0
BRF:148
BRH:38
end_of_record
TN:
SF:/home/tpoe/dev/taskline/test/helper.js
FN:12,(anonymous_0)
FN:27,(anonymous_1)
FN:31,(anonymous_2)
FN:46,(anonymous_3)
FN:47,(anonymous_4)
FNF:5
FNH:5
FNDA:1,(anonymous_0)
FNDA:1,(anonymous_1)
FNDA:1,(anonymous_2)
FNDA:1,(anonymous_3)
FNDA:1,(anonymous_4)
DA:1,1
DA:2,1
DA:4,1
DA:5,1
DA:6,1
DA:8,1
DA:9,1
DA:13,1
DA:15,1
DA:16,0
DA:17,1
DA:18,1
DA:20,0
DA:23,1
DA:24,1
DA:28,1
DA:32,1
DA:35,1
DA:36,1
DA:37,0
DA:38,1
DA:39,1
DA:43,1
DA:47,1
DA:48,1
DA:53,1
LF:26
LH:23
BRDA:15,0,0,0
BRDA:15,0,1,1
BRDA:17,1,0,1
BRDA:17,1,1,0
BRDA:32,2,0,1
BRDA:32,2,1,0
BRDA:36,3,0,0
BRDA:36,3,1,1
BRDA:38,4,0,1
BRDA:38,4,1,0
BRF:10
BRH:5
end_of_record
